<?xml version="1.0" encoding="UTF-8"?>
<robot generator="Robot 7.4.2 (Python 3.14.5 on linux)" generated="2026-05-31T08:27:21.633132" rpa="false" schemaversion="5">
<suite id="s1" name="Robot-Tests" source="/tmp/robot-tests">
<suite id="s1-s1" name="Tests" source="/tmp/robot-tests/tests">
<suite id="s1-s1-s1" name="Test Be" source="/tmp/robot-tests/tests/test_be.robot">
<test id="s1-s1-s1-t1" name="Be Health Check" line="9">
<kw name="Skip If" owner="BuiltIn">
<arg>'${BE_POD_IP}' == '${EMPTY}'</arg>
<arg>BE_POD_IP is empty</arg>
<doc>Skips the rest of the current test if the ``condition`` is True.</doc>
<status status="PASS" start="2026-05-31T08:27:22.132190" elapsed="0.002254"/>
</kw>
<kw name="GET" owner="RequestsLibrary">
<msg time="2026-05-31T08:27:22.140250" level="DEBUG">Starting new HTTP connection (1): 10.244.1.91:8079</msg>
<msg time="2026-05-31T08:27:22.148499" level="DEBUG">http://10.244.1.91:8079 "GET /hams/alive HTTP/1.1" 200 29</msg>
<msg time="2026-05-31T08:27:22.149647" level="INFO">GET Request : url=http://10.244.1.91:8079/hams/alive 
 path_url=/hams/alive 
 headers={'User-Agent': 'python-requests/2.34.2', 'Accept-Encoding': 'gzip, deflate, zstd', 'Accept': '*/*', 'Connection': 'keep-alive'} 
 body=None 
 </msg>
<msg time="2026-05-31T08:27:22.150076" level="INFO">GET Response : url=http://10.244.1.91:8079/hams/alive 
 status=200, reason=OK 
 headers={'content-type': 'application/json', 'content-length': '29', 'date': 'Sun, 31 May 2026 08:27:22 GMT', 'x-envoy-upstream-service-time': '0', 'server': 'istio-envoy', 'x-envoy-decorator-operation': ':0/*'} 
 body={"name":"alive","valid":true} 
 </msg>
<msg time="2026-05-31T08:27:22.150531" level="INFO">${response} = &lt;Response [200]&gt;</msg>
<var>${response}</var>
<arg>http://${BE_POD_IP}:8079/hams/alive</arg>
<arg>expected_status=200</arg>
<doc>Sends a GET request.</doc>
<status status="PASS" start="2026-05-31T08:27:22.135180" elapsed="0.015452"/>
</kw>
<kw name="Log" owner="BuiltIn">
<msg time="2026-05-31T08:27:22.153471" level="INFO">Health Response: {"name":"alive","valid":true}</msg>
<arg>Health Response: ${response.content}</arg>
<doc>Logs the given message with the given level.</doc>
<status status="PASS" start="2026-05-31T08:27:22.151149" elapsed="0.002507"/>
</kw>
<doc>Test to verify the be health endpoint is responding directly on the pod IP.</doc>
<status status="PASS" start="2026-05-31T08:27:22.127181" elapsed="0.026855"/>
</test>
<test id="s1-s1-s1-t2" name="Be API Hello Check" line="15">
<kw name="GET" owner="RequestsLibrary">
<msg time="2026-05-31T08:27:22.159636" level="DEBUG">Starting new HTTP connection (1): sward-warden-be:80</msg>
<msg time="2026-05-31T08:27:22.209484" level="DEBUG">http://sward-warden-be:80 "GET /sward/v0/hello HTTP/1.1" 200 19</msg>
<msg time="2026-05-31T08:27:22.210511" level="INFO">GET Request : url=http://sward-warden-be/sward/v0/hello 
 path_url=/sward/v0/hello 
 headers={'User-Agent': 'python-requests/2.34.2', 'Accept-Encoding': 'gzip, deflate, zstd', 'Accept': '*/*', 'Connection': 'keep-alive'} 
 body=None 
 </msg>
<msg time="2026-05-31T08:27:22.210729" level="INFO">GET Response : url=http://sward-warden-be/sward/v0/hello 
 status=200, reason=OK 
 headers={'content-type': 'application/json', 'vary': 'origin, access-control-request-method, access-control-request-headers', 'content-length': '19', 'date': 'Sun, 31 May 2026 08:27:22 GMT', 'x-envoy-upstream-service-time': '22', 'server': 'envoy'} 
 body={"message":"hello"} 
 </msg>
<msg time="2026-05-31T08:27:22.211171" level="INFO">${response} = &lt;Response [200]&gt;</msg>
<var>${response}</var>
<arg>${BE_BASE_URL}/v0/hello</arg>
<arg>expected_status=200</arg>
<doc>Sends a GET request.</doc>
<status status="PASS" start="2026-05-31T08:27:22.156646" elapsed="0.054621"/>
</kw>
<kw name="Log" owner="BuiltIn">
<msg time="2026-05-31T08:27:22.213619" level="INFO">API Response: {"message":"hello"}</msg>
<arg>API Response: ${response.content}</arg>
<doc>Logs the given message with the given level.</doc>
<status status="PASS" start="2026-05-31T08:27:22.211661" elapsed="0.002133"/>
</kw>
<kw name="Should Be Equal As Strings" owner="BuiltIn">
<msg time="2026-05-31T08:27:22.216572" level="DEBUG">Argument types are:
&lt;class 'str'&gt;
&lt;class 'str'&gt;</msg>
<arg>${response.json()['message']}</arg>
<arg>hello</arg>
<doc>Fails if objects are unequal after converting them to strings.</doc>
<status status="PASS" start="2026-05-31T08:27:22.214137" elapsed="0.002721"/>
</kw>
<doc>Test to verify the be API hello endpoint via the Service (default port 80).</doc>
<status status="PASS" start="2026-05-31T08:27:22.155032" elapsed="0.062290"/>
</test>
<test id="s1-s1-s1-t3" name="Be API Hello Check via Pod" line="21">
<kw name="Skip If" owner="BuiltIn">
<arg>'${BE_POD_IP}' == '${EMPTY}'</arg>
<arg>BE_POD_IP is empty</arg>
<doc>Skips the rest of the current test if the ``condition`` is True.</doc>
<status status="PASS" start="2026-05-31T08:27:22.220108" elapsed="0.001861"/>
</kw>
<kw name="GET" owner="RequestsLibrary">
<msg time="2026-05-31T08:27:22.224761" level="DEBUG">Starting new HTTP connection (1): 10.244.1.91:8080</msg>
<msg time="2026-05-31T08:27:22.255765" level="DEBUG">http://10.244.1.91:8080 "GET /hello HTTP/1.1" 200 19</msg>
<msg time="2026-05-31T08:27:22.257115" level="INFO">GET Request : url=http://10.244.1.91:8080/hello 
 path_url=/hello 
 headers={'User-Agent': 'python-requests/2.34.2', 'Accept-Encoding': 'gzip, deflate, zstd', 'Accept': '*/*', 'Connection': 'keep-alive'} 
 body=None 
 </msg>
<msg time="2026-05-31T08:27:22.257486" level="INFO">GET Response : url=http://10.244.1.91:8080/hello 
 status=200, reason=OK 
 headers={'content-type': 'application/json', 'vary': 'origin, access-control-request-method, access-control-request-headers', 'content-length': '19', 'date': 'Sun, 31 May 2026 08:27:22 GMT', 'x-envoy-upstream-service-time': '5', 'server': 'envoy'} 
 body={"message":"hello"} 
 </msg>
<msg time="2026-05-31T08:27:22.258120" level="INFO">${response} = &lt;Response [200]&gt;</msg>
<var>${response}</var>
<arg>http://${BE_POD_IP}:8080/hello</arg>
<arg>expected_status=200</arg>
<doc>Sends a GET request.</doc>
<status status="PASS" start="2026-05-31T08:27:22.222414" elapsed="0.035877"/>
</kw>
<kw name="Log" owner="BuiltIn">
<msg time="2026-05-31T08:27:22.262212" level="INFO">API Response: {"message":"hello"}</msg>
<arg>API Response: ${response.content}</arg>
<doc>Logs the given message with the given level.</doc>
<status status="PASS" start="2026-05-31T08:27:22.259219" elapsed="0.003175"/>
</kw>
<kw name="Should Be Equal As Strings" owner="BuiltIn">
<msg time="2026-05-31T08:27:22.264730" level="DEBUG">Argument types are:
&lt;class 'str'&gt;
&lt;class 'str'&gt;</msg>
<arg>${response.json()['message']}</arg>
<arg>hello</arg>
<doc>Fails if objects are unequal after converting them to strings.</doc>
<status status="PASS" start="2026-05-31T08:27:22.262755" elapsed="0.002196"/>
</kw>
<doc>Test to verify the be API hello endpoint directly on the pod IP (port 8080).</doc>
<status status="PASS" start="2026-05-31T08:27:22.218412" elapsed="0.046888"/>
</test>
<test id="s1-s1-s1-t4" name="Be API Prefixed Hello Check" line="28">
<kw name="GET" owner="RequestsLibrary">
<msg time="2026-05-31T08:27:22.270152" level="DEBUG">Starting new HTTP connection (1): sward-warden-be:80</msg>
<msg time="2026-05-31T08:27:22.277465" level="DEBUG">http://sward-warden-be:80 "GET /sward/v0/hello HTTP/1.1" 200 19</msg>
<msg time="2026-05-31T08:27:22.278546" level="INFO">GET Request : url=http://sward-warden-be/sward/v0/hello 
 path_url=/sward/v0/hello 
 headers={'User-Agent': 'python-requests/2.34.2', 'Accept-Encoding': 'gzip, deflate, zstd', 'Accept': '*/*', 'Connection': 'keep-alive'} 
 body=None 
 </msg>
<msg time="2026-05-31T08:27:22.278796" level="INFO">GET Response : url=http://sward-warden-be/sward/v0/hello 
 status=200, reason=OK 
 headers={'content-type': 'application/json', 'vary': 'origin, access-control-request-method, access-control-request-headers', 'content-length': '19', 'date': 'Sun, 31 May 2026 08:27:22 GMT', 'x-envoy-upstream-service-time': '1', 'server': 'envoy'} 
 body={"message":"hello"} 
 </msg>
<msg time="2026-05-31T08:27:22.279410" level="INFO">${response} = &lt;Response [200]&gt;</msg>
<var>${response}</var>
<arg>${BE_BASE_URL}/v0/hello</arg>
<arg>expected_status=200</arg>
<doc>Sends a GET request.</doc>
<status status="PASS" start="2026-05-31T08:27:22.267549" elapsed="0.012073"/>
</kw>
<kw name="Log" owner="BuiltIn">
<msg time="2026-05-31T08:27:22.283067" level="INFO">API Response: {"message":"hello"}</msg>
<arg>API Response: ${response.content}</arg>
<doc>Logs the given message with the given level.</doc>
<status status="PASS" start="2026-05-31T08:27:22.280203" elapsed="0.003216"/>
</kw>
<kw name="Should Be Equal As Strings" owner="BuiltIn">
<msg time="2026-05-31T08:27:22.285996" level="DEBUG">Argument types are:
&lt;class 'str'&gt;
&lt;class 'str'&gt;</msg>
<arg>${response.json()['message']}</arg>
<arg>hello</arg>
<doc>Fails if objects are unequal after converting them to strings.</doc>
<status status="PASS" start="2026-05-31T08:27:22.283939" elapsed="0.002276"/>
</kw>
<doc>Test to verify the be API hello endpoint with prefix.</doc>
<status status="PASS" start="2026-05-31T08:27:22.266120" elapsed="0.020474"/>
</test>
<test id="s1-s1-s1-t5" name="Users BREAD Operations" line="35">
<kw name="Evaluate" owner="BuiltIn">
<msg time="2026-05-31T08:27:22.291414" level="INFO">${random_str} = 4330</msg>
<var>${random_str}</var>
<arg>str(random.randint(1000, 9999))</arg>
<arg>modules=random</arg>
<doc>Evaluates the given expression in Python and returns the result.</doc>
<status status="PASS" start="2026-05-31T08:27:22.289721" elapsed="0.001818"/>
</kw>
<kw name="Create Dictionary" owner="BuiltIn">
<msg time="2026-05-31T08:27:22.295137" level="INFO">&amp;{user_data} = { id=0 | name=Test User | email=test_4330@example.com | role=user }</msg>
<var>&amp;{user_data}</var>
<arg>id=${0}</arg>
<arg>name=Test User</arg>
<arg>email=test_${random_str}@example.com</arg>
<arg>role=user</arg>
<doc>Creates and returns a dictionary based on the given ``items``.</doc>
<status status="PASS" start="2026-05-31T08:27:22.292029" elapsed="0.003240"/>
</kw>
<kw name="POST" owner="RequestsLibrary">
<msg time="2026-05-31T08:27:22.298580" level="DEBUG">Starting new HTTP connection (1): sward-warden-be:80</msg>
<msg time="2026-05-31T08:27:22.365567" level="DEBUG">http://sward-warden-be:80 "POST /sward/v0/users HTTP/1.1" 200 105</msg>
<msg time="2026-05-31T08:27:22.367301" level="INFO">POST Request : url=http://sward-warden-be/sward/v0/users 
 path_url=/sward/v0/users 
 headers={'User-Agent': 'python-requests/2.34.2', 'Accept-Encoding': 'gzip, deflate, zstd', 'Accept': '*/*', 'Connection': 'keep-alive', 'Content-Length': '80', 'Content-Type': 'application/json'} 
 body=b'{"id": 0, "name": "Test User", "email": "test_4330@example.com", "role": "user"}' 
 </msg>
<msg time="2026-05-31T08:27:22.367678" level="INFO">POST Response : url=http://sward-warden-be/sward/v0/users 
 status=200, reason=OK 
 headers={'content-type': 'application/json', 'vary': 'origin, access-control-request-method, access-control-request-headers', 'content-length': '105', 'date': 'Sun, 31 May 2026 08:27:22 GMT', 'x-envoy-upstream-service-time': '21', 'server': 'envoy'} 
 body={"id":1,"name":"Test User","email":"test_4330@example.com","role":"user","phone":null,"description":null} 
 </msg>
<msg time="2026-05-31T08:27:22.368401" level="INFO">${create_response} = &lt;Response [200]&gt;</msg>
<var>${create_response}</var>
<arg>${BE_BASE_URL}/v0/users</arg>
<arg>json=${user_data}</arg>
<arg>expected_status=200</arg>
<doc>Sends a POST request.</doc>
<status status="PASS" start="2026-05-31T08:27:22.295721" elapsed="0.072865"/>
</kw>
<kw name="Log" owner="BuiltIn">
<msg time="2026-05-31T08:27:22.374630" level="INFO">Create User Response: {"id":1,"name":"Test User","email":"test_4330@example.com","role":"user","phone":null,"description":null}</msg>
<arg>Create User Response: ${create_response.content}</arg>
<doc>Logs the given message with the given level.</doc>
<status status="PASS" start="2026-05-31T08:27:22.369348" elapsed="0.005645"/>
</kw>
<kw name="Convert To String" owner="BuiltIn">
<msg time="2026-05-31T08:27:22.378110" level="DEBUG">Argument types are:
&lt;class 'int'&gt;</msg>
<msg time="2026-05-31T08:27:22.378476" level="INFO">${user_id} = 1</msg>
<var>${user_id}</var>
<arg>${create_response.json()['id']}</arg>
<doc>Converts the given item to a Unicode string.</doc>
<status status="PASS" start="2026-05-31T08:27:22.375720" elapsed="0.002856"/>
</kw>
<kw name="Should Not Be Empty" owner="BuiltIn">
<msg time="2026-05-31T08:27:22.380890" level="INFO">Length is 1.</msg>
<arg>${user_id}</arg>
<doc>Verifies that the given item is not empty.</doc>
<status status="PASS" start="2026-05-31T08:27:22.379001" elapsed="0.002114"/>
</kw>
<kw name="Should Be Equal As Strings" owner="BuiltIn">
<msg time="2026-05-31T08:27:22.384083" level="DEBUG">Argument types are:
&lt;class 'str'&gt;
&lt;class 'str'&gt;</msg>
<arg>${create_response.json()['name']}</arg>
<arg>Test User</arg>
<doc>Fails if objects are unequal after converting them to strings.</doc>
<status status="PASS" start="2026-05-31T08:27:22.381554" elapsed="0.002779"/>
</kw>
<kw name="Should Be Equal As Strings" owner="BuiltIn">
<msg time="2026-05-31T08:27:22.387289" level="DEBUG">Argument types are:
&lt;class 'str'&gt;
&lt;class 'str'&gt;</msg>
<arg>${create_response.json()['email']}</arg>
<arg>test_${random_str}@example.com</arg>
<doc>Fails if objects are unequal after converting them to strings.</doc>
<status status="PASS" start="2026-05-31T08:27:22.384772" elapsed="0.002792"/>
</kw>
<kw name="GET" owner="RequestsLibrary">
<msg time="2026-05-31T08:27:22.391135" level="DEBUG">Starting new HTTP connection (1): sward-warden-be:80</msg>
<msg time="2026-05-31T08:27:22.410766" level="DEBUG">http://sward-warden-be:80 "GET /sward/v0/users HTTP/1.1" 200 107</msg>
<msg time="2026-05-31T08:27:22.412439" level="INFO">GET Request : url=http://sward-warden-be/sward/v0/users 
 path_url=/sward/v0/users 
 headers={'User-Agent': 'python-requests/2.34.2', 'Accept-Encoding': 'gzip, deflate, zstd', 'Accept': '*/*', 'Connection': 'keep-alive'} 
 body=None 
 </msg>
<msg time="2026-05-31T08:27:22.412828" level="INFO">GET Response : url=http://sward-warden-be/sward/v0/users 
 status=200, reason=OK 
 headers={'content-type': 'application/json', 'vary': 'origin, access-control-request-method, access-control-request-headers', 'content-length': '107', 'date': 'Sun, 31 May 2026 08:27:22 GMT', 'x-envoy-upstream-service-time': '12', 'server': 'envoy'} 
 body=[{"id":1,"name":"Test User","email":"test_4330@example.com","role":"user","phone":null,"description":null}] 
 </msg>
<msg time="2026-05-31T08:27:22.413569" level="INFO">${list_response} = &lt;Response [200]&gt;</msg>
<var>${list_response}</var>
<arg>${BE_BASE_URL}/v0/users</arg>
<arg>expected_status=200</arg>
<doc>Sends a GET request.</doc>
<status status="PASS" start="2026-05-31T08:27:22.388018" elapsed="0.025739"/>
</kw>
<kw name="Log" owner="BuiltIn">
<msg time="2026-05-31T08:27:22.418725" level="INFO">List Users Response: [{"id":1,"name":"Test User","email":"test_4330@example.com","role":"user","phone":null,"description":null}]</msg>
<arg>List Users Response: ${list_response.content}</arg>
<doc>Logs the given message with the given level.</doc>
<status status="PASS" start="2026-05-31T08:27:22.414558" elapsed="0.004471"/>
</kw>
<kw name="Set Variable" owner="BuiltIn">
<msg time="2026-05-31T08:27:22.422811" level="INFO">${users} = [{'id': 1, 'name': 'Test User', 'email': 'test_4330@example.com', 'role': 'user', 'phone': None, 'description': None}]</msg>
<var>${users}</var>
<arg>${list_response.json()}</arg>
<doc>Returns the given values which can then be assigned to a variables.</doc>
<status status="PASS" start="2026-05-31T08:27:22.419634" elapsed="0.003329"/>
</kw>
<kw name="Should Not Be Empty" owner="BuiltIn">
<msg time="2026-05-31T08:27:22.425042" level="INFO">Length is 1.</msg>
<arg>${users}</arg>
<doc>Verifies that the given item is not empty.</doc>
<status status="PASS" start="2026-05-31T08:27:22.423554" elapsed="0.001730"/>
</kw>
<doc>Test BREAD operations for Users. Note: Read (by ID), Edit, and Delete are not implemented in the backend.</doc>
<status status="PASS" start="2026-05-31T08:27:22.287768" elapsed="0.138025"/>
</test>
<test id="s1-s1-s1-t6" name="Farms BREAD Operations" line="60">
<kw name="Create Dictionary" owner="BuiltIn">
<msg time="2026-05-31T08:27:22.434153" level="INFO">&amp;{farm_data} = { id=0 | name=Test Farm | location=123 Test Lane | has_derogation=True }</msg>
<var>&amp;{farm_data}</var>
<arg>id=${0}</arg>
<arg>name=Test Farm</arg>
<arg>location=123 Test Lane</arg>
<arg>has_derogation=${True}</arg>
<doc>Creates and returns a dictionary based on the given ``items``.</doc>
<status status="PASS" start="2026-05-31T08:27:22.430295" elapsed="0.004024"/>
</kw>
<kw name="POST" owner="RequestsLibrary">
<msg time="2026-05-31T08:27:22.438889" level="DEBUG">Starting new HTTP connection (1): sward-warden-be:80</msg>
<msg time="2026-05-31T08:27:22.456843" level="DEBUG">http://sward-warden-be:80 "POST /sward/v0/farms HTTP/1.1" 200 150</msg>
<msg time="2026-05-31T08:27:22.458362" level="INFO">POST Request : url=http://sward-warden-be/sward/v0/farms 
 path_url=/sward/v0/farms 
 headers={'User-Agent': 'python-requests/2.34.2', 'Accept-Encoding': 'gzip, deflate, zstd', 'Accept': '*/*', 'Connection': 'keep-alive', 'Content-Length': '83', 'Content-Type': 'application/json'} 
 body=b'{"id": 0, "name": "Test Farm", "location": "123 Test Lane", "has_derogation": true}' 
 </msg>
<msg time="2026-05-31T08:27:22.458740" level="INFO">POST Response : url=http://sward-warden-be/sward/v0/farms 
 status=200, reason=OK 
 headers={'content-type': 'application/json', 'vary': 'origin, access-control-request-method, access-control-request-headers', 'content-length': '150', 'date': 'Sun, 31 May 2026 08:27:22 GMT', 'x-envoy-upstream-service-time': '11', 'server': 'envoy'} 
 body={"id":1,"user_id":1,"name":"Test Farm","location":"123 Test Lane","has_derogation":true,"updated_at":"2026-05-31T08:27:22.385213Z","is_deleted":false} 
 </msg>
<msg time="2026-05-31T08:27:22.459588" level="INFO">${create_response} = &lt;Response [200]&gt;</msg>
<var>${create_response}</var>
<arg>${BE_BASE_URL}/v0/farms</arg>
<arg>json=${farm_data}</arg>
<arg>expected_status=200</arg>
<doc>Sends a POST request.</doc>
<status status="PASS" start="2026-05-31T08:27:22.434901" elapsed="0.024890"/>
</kw>
<kw name="Log" owner="BuiltIn">
<msg time="2026-05-31T08:27:22.464771" level="INFO">Create Farm Response: {"id":1,"user_id":1,"name":"Test Farm","location":"123 Test Lane","has_derogation":true,"updated_at":"2026-05-31T08:27:22.385213Z","is_deleted":false}</msg>
<arg>Create Farm Response: ${create_response.content}</arg>
<doc>Logs the given message with the given level.</doc>
<status status="PASS" start="2026-05-31T08:27:22.460626" elapsed="0.004535"/>
</kw>
<kw name="Convert To String" owner="BuiltIn">
<msg time="2026-05-31T08:27:22.469435" level="DEBUG">Argument types are:
&lt;class 'int'&gt;</msg>
<msg time="2026-05-31T08:27:22.469912" level="INFO">${farm_id} = 1</msg>
<var>${farm_id}</var>
<arg>${create_response.json()['id']}</arg>
<doc>Converts the given item to a Unicode string.</doc>
<status status="PASS" start="2026-05-31T08:27:22.465913" elapsed="0.004135"/>
</kw>
<kw name="Should Not Be Empty" owner="BuiltIn">
<msg time="2026-05-31T08:27:22.472284" level="INFO">Length is 1.</msg>
<arg>${farm_id}</arg>
<doc>Verifies that the given item is not empty.</doc>
<status status="PASS" start="2026-05-31T08:27:22.470609" elapsed="0.001961"/>
</kw>
<kw name="Should Be Equal As Strings" owner="BuiltIn">
<msg time="2026-05-31T08:27:22.476755" level="DEBUG">Argument types are:
&lt;class 'str'&gt;
&lt;class 'str'&gt;</msg>
<arg>${create_response.json()['name']}</arg>
<arg>Test Farm</arg>
<doc>Fails if objects are unequal after converting them to strings.</doc>
<status status="PASS" start="2026-05-31T08:27:22.473108" elapsed="0.004104"/>
</kw>
<kw name="Should Be Equal As Strings" owner="BuiltIn">
<msg time="2026-05-31T08:27:22.481074" level="DEBUG">Argument types are:
&lt;class 'str'&gt;
&lt;class 'str'&gt;</msg>
<arg>${create_response.json()['location']}</arg>
<arg>123 Test Lane</arg>
<doc>Fails if objects are unequal after converting them to strings.</doc>
<status status="PASS" start="2026-05-31T08:27:22.477830" elapsed="0.003566"/>
</kw>
<kw name="GET" owner="RequestsLibrary">
<msg time="2026-05-31T08:27:22.489309" level="DEBUG">Starting new HTTP connection (1): sward-warden-be:80</msg>
<msg time="2026-05-31T08:27:22.501131" level="DEBUG">http://sward-warden-be:80 "GET /sward/v0/farms HTTP/1.1" 200 152</msg>
<msg time="2026-05-31T08:27:22.502781" level="INFO">GET Request : url=http://sward-warden-be/sward/v0/farms 
 path_url=/sward/v0/farms 
 headers={'User-Agent': 'python-requests/2.34.2', 'Accept-Encoding': 'gzip, deflate, zstd', 'Accept': '*/*', 'Connection': 'keep-alive'} 
 body=None 
 </msg>
<msg time="2026-05-31T08:27:22.503168" level="INFO">GET Response : url=http://sward-warden-be/sward/v0/farms 
 status=200, reason=OK 
 headers={'content-type': 'application/json', 'vary': 'origin, access-control-request-method, access-control-request-headers', 'content-length': '152', 'date': 'Sun, 31 May 2026 08:27:22 GMT', 'x-envoy-upstream-service-time': '5', 'server': 'envoy'} 
 body=[{"id":1,"user_id":1,"name":"Test Farm","location":"123 Test Lane","has_derogation":true,"updated_at":"2026-05-31T08:27:22.385213Z","is_deleted":false}] 
 </msg>
<msg time="2026-05-31T08:27:22.503825" level="INFO">${list_response} = &lt;Response [200]&gt;</msg>
<var>${list_response}</var>
<arg>${BE_BASE_URL}/v0/farms</arg>
<arg>expected_status=200</arg>
<doc>Sends a GET request.</doc>
<status status="PASS" start="2026-05-31T08:27:22.481984" elapsed="0.022005"/>
</kw>
<kw name="Log" owner="BuiltIn">
<msg time="2026-05-31T08:27:22.508357" level="INFO">List Farms Response: [{"id":1,"user_id":1,"name":"Test Farm","location":"123 Test Lane","has_derogation":true,"updated_at":"2026-05-31T08:27:22.385213Z","is_deleted":false}]</msg>
<arg>List Farms Response: ${list_response.content}</arg>
<doc>Logs the given message with the given level.</doc>
<status status="PASS" start="2026-05-31T08:27:22.504692" elapsed="0.003992"/>
</kw>
<kw name="Set Variable" owner="BuiltIn">
<msg time="2026-05-31T08:27:22.512563" level="INFO">${farms} = [{'id': 1, 'user_id': 1, 'name': 'Test Farm', 'location': '123 Test Lane', 'has_derogation': True, 'updated_at': '2026-05-31T08:27:22.385213Z', 'is_deleted': False}]</msg>
<var>${farms}</var>
<arg>${list_response.json()}</arg>
<doc>Returns the given values which can then be assigned to a variables.</doc>
<status status="PASS" start="2026-05-31T08:27:22.509332" elapsed="0.003386"/>
</kw>
<kw name="Should Not Be Empty" owner="BuiltIn">
<msg time="2026-05-31T08:27:22.514609" level="INFO">Length is 1.</msg>
<arg>${farms}</arg>
<doc>Verifies that the given item is not empty.</doc>
<status status="PASS" start="2026-05-31T08:27:22.513234" elapsed="0.001604"/>
</kw>
<kw name="DELETE" owner="RequestsLibrary">
<msg time="2026-05-31T08:27:22.518852" level="DEBUG">Starting new HTTP connection (1): sward-warden-be:80</msg>
<msg time="2026-05-31T08:27:22.580025" level="DEBUG">http://sward-warden-be:80 "DELETE /sward/v0/farms/1 HTTP/1.1" 204 0</msg>
<msg time="2026-05-31T08:27:22.581413" level="INFO">DELETE Request : url=http://sward-warden-be/sward/v0/farms/1 
 path_url=/sward/v0/farms/1 
 headers={'User-Agent': 'python-requests/2.34.2', 'Accept-Encoding': 'gzip, deflate, zstd', 'Accept': '*/*', 'Connection': 'keep-alive', 'Content-Length': '0'} 
 body=None 
 </msg>
<msg time="2026-05-31T08:27:22.581680" level="INFO">DELETE Response : url=http://sward-warden-be/sward/v0/farms/1 
 status=204, reason=No Content 
 headers={'vary': 'origin, access-control-request-method, access-control-request-headers', 'date': 'Sun, 31 May 2026 08:27:22 GMT', 'x-envoy-upstream-service-time': '16', 'server': 'envoy'} 
 body=None 
 </msg>
<msg time="2026-05-31T08:27:22.582254" level="INFO">${delete_response} = &lt;Response [204]&gt;</msg>
<var>${delete_response}</var>
<arg>${BE_BASE_URL}/v0/farms/${farm_id}</arg>
<arg>expected_status=204</arg>
<doc>Sends a DELETE request.</doc>
<status status="PASS" start="2026-05-31T08:27:22.515365" elapsed="0.067029"/>
</kw>
<kw name="Log" owner="BuiltIn">
<msg time="2026-05-31T08:27:22.586232" level="INFO">Delete Farm Response Code: 204</msg>
<arg>Delete Farm Response Code: ${delete_response.status_code}</arg>
<doc>Logs the given message with the given level.</doc>
<status status="PASS" start="2026-05-31T08:27:22.583012" elapsed="0.003586"/>
</kw>
<doc>Test BREAD operations for Farms. Note: Read (by ID) and Edit are not implemented in the backend.</doc>
<status status="PASS" start="2026-05-31T08:27:22.427624" elapsed="0.159618"/>
</test>
<test id="s1-s1-s1-t7" name="Fields BREAD Operations" line="87">
<kw name="Create Dictionary" owner="BuiltIn">
<msg time="2026-05-31T08:27:22.594928" level="INFO">&amp;{farm_data} = { id=0 | name=Field Test Farm | location=123 Test Lane | has_derogation=True }</msg>
<var>&amp;{farm_data}</var>
<arg>id=${0}</arg>
<arg>name=Field Test Farm</arg>
<arg>location=123 Test Lane</arg>
<arg>has_derogation=${True}</arg>
<doc>Creates and returns a dictionary based on the given ``items``.</doc>
<status status="PASS" start="2026-05-31T08:27:22.591048" elapsed="0.004111"/>
</kw>
<kw name="POST" owner="RequestsLibrary">
<msg time="2026-05-31T08:27:22.599775" level="DEBUG">Starting new HTTP connection (1): sward-warden-be:80</msg>
<msg time="2026-05-31T08:27:22.617902" level="DEBUG">http://sward-warden-be:80 "POST /sward/v0/farms HTTP/1.1" 200 156</msg>
<msg time="2026-05-31T08:27:22.619549" level="INFO">POST Request : url=http://sward-warden-be/sward/v0/farms 
 path_url=/sward/v0/farms 
 headers={'User-Agent': 'python-requests/2.34.2', 'Accept-Encoding': 'gzip, deflate, zstd', 'Accept': '*/*', 'Connection': 'keep-alive', 'Content-Length': '89', 'Content-Type': 'application/json'} 
 body=b'{"id": 0, "name": "Field Test Farm", "location": "123 Test Lane", "has_derogation": true}' 
 </msg>
<msg time="2026-05-31T08:27:22.619938" level="INFO">POST Response : url=http://sward-warden-be/sward/v0/farms 
 status=200, reason=OK 
 headers={'content-type': 'application/json', 'vary': 'origin, access-control-request-method, access-control-request-headers', 'content-length': '156', 'date': 'Sun, 31 May 2026 08:27:22 GMT', 'x-envoy-upstream-service-time': '10', 'server': 'envoy'} 
 body={"id":2,"user_id":1,"name":"Field Test Farm","location":"123 Test Lane","has_derogation":true,"updated_at":"2026-05-31T08:27:22.545907Z","is_deleted":false} 
 </msg>
<msg time="2026-05-31T08:27:22.621691" level="INFO">${farm_response} = &lt;Response [200]&gt;</msg>
<var>${farm_response}</var>
<arg>${BE_BASE_URL}/v0/farms</arg>
<arg>json=${farm_data}</arg>
<arg>expected_status=200</arg>
<doc>Sends a POST request.</doc>
<status status="PASS" start="2026-05-31T08:27:22.595800" elapsed="0.026139"/>
</kw>
<kw name="Convert To String" owner="BuiltIn">
<msg time="2026-05-31T08:27:22.626414" level="DEBUG">Argument types are:
&lt;class 'int'&gt;</msg>
<msg time="2026-05-31T08:27:22.626951" level="INFO">${farm_id} = 2</msg>
<var>${farm_id}</var>
<arg>${farm_response.json()['id']}</arg>
<doc>Converts the given item to a Unicode string.</doc>
<status status="PASS" start="2026-05-31T08:27:22.622763" elapsed="0.004496"/>
</kw>
<kw name="Convert To Integer" owner="BuiltIn">
<msg time="2026-05-31T08:27:22.629594" level="DEBUG">Argument types are:
&lt;class 'str'&gt;</msg>
<msg time="2026-05-31T08:27:22.630138" level="INFO">${farm_id_int} = 2</msg>
<var>${farm_id_int}</var>
<arg>${farm_id}</arg>
<doc>Converts the given item to an integer number.</doc>
<status status="PASS" start="2026-05-31T08:27:22.627953" elapsed="0.002334"/>
</kw>
<kw name="Create Dictionary" owner="BuiltIn">
<msg time="2026-05-31T08:27:22.638537" level="INFO">&amp;{field_data} = { id=0 | farm_id=2 | name=Test Field | area_hectares=10.5 | land_use=Grassland }</msg>
<var>&amp;{field_data}</var>
<arg>id=${0}</arg>
<arg>farm_id=${farm_id_int}</arg>
<arg>name=Test Field</arg>
<arg>area_hectares=${10.5}</arg>
<arg>land_use=Grassland</arg>
<doc>Creates and returns a dictionary based on the given ``items``.</doc>
<status status="PASS" start="2026-05-31T08:27:22.630946" elapsed="0.007830"/>
</kw>
<kw name="POST" owner="RequestsLibrary">
<msg time="2026-05-31T08:27:22.644967" level="DEBUG">Starting new HTTP connection (1): sward-warden-be:80</msg>
<msg time="2026-05-31T08:27:22.671372" level="DEBUG">http://sward-warden-be:80 "POST /sward/v0/fields HTTP/1.1" 200 146</msg>
<msg time="2026-05-31T08:27:22.672901" level="INFO">POST Request : url=http://sward-warden-be/sward/v0/fields 
 path_url=/sward/v0/fields 
 headers={'User-Agent': 'python-requests/2.34.2', 'Accept-Encoding': 'gzip, deflate, zstd', 'Accept': '*/*', 'Connection': 'keep-alive', 'Content-Length': '93', 'Content-Type': 'application/json'} 
 body=b'{"id": 0, "farm_id": 2, "name": "Test Field", "area_hectares": 10.5, "land_use": "Grassland"}' 
 </msg>
<msg time="2026-05-31T08:27:22.673251" level="INFO">POST Response : url=http://sward-warden-be/sward/v0/fields 
 status=200, reason=OK 
 headers={'content-type': 'application/json', 'vary': 'origin, access-control-request-method, access-control-request-headers', 'content-length': '146', 'date': 'Sun, 31 May 2026 08:27:22 GMT', 'x-envoy-upstream-service-time': '18', 'server': 'envoy'} 
 body={"id":1,"farm_id":2,"name":"Test Field","area_hectares":10.5,"land_use":"Grassland","updated_at":"2026-05-31T08:27:22.591630Z","is_deleted":false} 
 </msg>
<msg time="2026-05-31T08:27:22.673905" level="INFO">${create_response} = &lt;Response [200]&gt;</msg>
<var>${create_response}</var>
<arg>${BE_BASE_URL}/v0/fields</arg>
<arg>json=${field_data}</arg>
<arg>expected_status=200</arg>
<doc>Sends a POST request.</doc>
<status status="PASS" start="2026-05-31T08:27:22.639689" elapsed="0.034379"/>
</kw>
<kw name="Log" owner="BuiltIn">
<msg time="2026-05-31T08:27:22.679811" level="INFO">Create Field Response: {"id":1,"farm_id":2,"name":"Test Field","area_hectares":10.5,"land_use":"Grassland","updated_at":"2026-05-31T08:27:22.591630Z","is_deleted":false}</msg>
<arg>Create Field Response: ${create_response.content}</arg>
<doc>Logs the given message with the given level.</doc>
<status status="PASS" start="2026-05-31T08:27:22.674817" elapsed="0.005366"/>
</kw>
<kw name="Convert To String" owner="BuiltIn">
<msg time="2026-05-31T08:27:22.684647" level="DEBUG">Argument types are:
&lt;class 'int'&gt;</msg>
<msg time="2026-05-31T08:27:22.685181" level="INFO">${field_id} = 1</msg>
<var>${field_id}</var>
<arg>${create_response.json()['id']}</arg>
<doc>Converts the given item to a Unicode string.</doc>
<status status="PASS" start="2026-05-31T08:27:22.680943" elapsed="0.004390"/>
</kw>
<kw name="Should Not Be Empty" owner="BuiltIn">
<msg time="2026-05-31T08:27:22.687768" level="INFO">Length is 1.</msg>
<arg>${field_id}</arg>
<doc>Verifies that the given item is not empty.</doc>
<status status="PASS" start="2026-05-31T08:27:22.685958" elapsed="0.002100"/>
</kw>
<kw name="Should Be Equal As Strings" owner="BuiltIn">
<msg time="2026-05-31T08:27:22.692255" level="DEBUG">Argument types are:
&lt;class 'str'&gt;
&lt;class 'str'&gt;</msg>
<arg>${create_response.json()['name']}</arg>
<arg>Test Field</arg>
<doc>Fails if objects are unequal after converting them to strings.</doc>
<status status="PASS" start="2026-05-31T08:27:22.688637" elapsed="0.003975"/>
</kw>
<kw name="GET" owner="RequestsLibrary">
<msg time="2026-05-31T08:27:22.697338" level="DEBUG">Starting new HTTP connection (1): sward-warden-be:80</msg>
<msg time="2026-05-31T08:27:22.711250" level="DEBUG">http://sward-warden-be:80 "GET /sward/v0/fields HTTP/1.1" 200 148</msg>
<msg time="2026-05-31T08:27:22.712894" level="INFO">GET Request : url=http://sward-warden-be/sward/v0/fields 
 path_url=/sward/v0/fields 
 headers={'User-Agent': 'python-requests/2.34.2', 'Accept-Encoding': 'gzip, deflate, zstd', 'Accept': '*/*', 'Connection': 'keep-alive'} 
 body=None 
 </msg>
<msg time="2026-05-31T08:27:22.713277" level="INFO">GET Response : url=http://sward-warden-be/sward/v0/fields 
 status=200, reason=OK 
 headers={'content-type': 'application/json', 'vary': 'origin, access-control-request-method, access-control-request-headers', 'content-length': '148', 'date': 'Sun, 31 May 2026 08:27:22 GMT', 'x-envoy-upstream-service-time': '6', 'server': 'envoy'} 
 body=[{"id":1,"farm_id":2,"name":"Test Field","area_hectares":10.5,"land_use":"Grassland","updated_at":"2026-05-31T08:27:22.591630Z","is_deleted":false}] 
 </msg>
<msg time="2026-05-31T08:27:22.714134" level="INFO">${list_response} = &lt;Response [200]&gt;</msg>
<var>${list_response}</var>
<arg>${BE_BASE_URL}/v0/fields</arg>
<arg>expected_status=200</arg>
<doc>Sends a GET request.</doc>
<status status="PASS" start="2026-05-31T08:27:22.693264" elapsed="0.021062"/>
</kw>
<kw name="Log" owner="BuiltIn">
<msg time="2026-05-31T08:27:22.719605" level="INFO">List Fields Response: [{"id":1,"farm_id":2,"name":"Test Field","area_hectares":10.5,"land_use":"Grassland","updated_at":"2026-05-31T08:27:22.591630Z","is_deleted":false}]</msg>
<arg>List Fields Response: ${list_response.content}</arg>
<doc>Logs the given message with the given level.</doc>
<status status="PASS" start="2026-05-31T08:27:22.715245" elapsed="0.004738"/>
</kw>
<kw name="Set Variable" owner="BuiltIn">
<msg time="2026-05-31T08:27:22.725262" level="INFO">${fields} = [{'id': 1, 'farm_id': 2, 'name': 'Test Field', 'area_hectares': 10.5, 'land_use': 'Grassland', 'updated_at': '2026-05-31T08:27:22.591630Z', 'is_deleted': False}]</msg>
<var>${fields}</var>
<arg>${list_response.json()}</arg>
<doc>Returns the given values which can then be assigned to a variables.</doc>
<status status="PASS" start="2026-05-31T08:27:22.720737" elapsed="0.004720"/>
</kw>
<kw name="Should Not Be Empty" owner="BuiltIn">
<msg time="2026-05-31T08:27:22.728256" level="INFO">Length is 1.</msg>
<arg>${fields}</arg>
<doc>Verifies that the given item is not empty.</doc>
<status status="PASS" start="2026-05-31T08:27:22.726101" elapsed="0.002549"/>
</kw>
<kw name="DELETE" owner="RequestsLibrary">
<msg time="2026-05-31T08:27:22.734059" level="DEBUG">Starting new HTTP connection (1): sward-warden-be:80</msg>
<msg time="2026-05-31T08:27:22.750203" level="DEBUG">http://sward-warden-be:80 "DELETE /sward/v0/fields/1 HTTP/1.1" 204 0</msg>
<msg time="2026-05-31T08:27:22.751809" level="INFO">DELETE Request : url=http://sward-warden-be/sward/v0/fields/1 
 path_url=/sward/v0/fields/1 
 headers={'User-Agent': 'python-requests/2.34.2', 'Accept-Encoding': 'gzip, deflate, zstd', 'Accept': '*/*', 'Connection': 'keep-alive', 'Content-Length': '0'} 
 body=None 
 </msg>
<msg time="2026-05-31T08:27:22.752145" level="INFO">DELETE Response : url=http://sward-warden-be/sward/v0/fields/1 
 status=204, reason=No Content 
 headers={'vary': 'origin, access-control-request-method, access-control-request-headers', 'date': 'Sun, 31 May 2026 08:27:22 GMT', 'x-envoy-upstream-service-time': '8', 'server': 'envoy'} 
 body=None 
 </msg>
<msg time="2026-05-31T08:27:22.752880" level="INFO">${delete_response} = &lt;Response [204]&gt;</msg>
<var>${delete_response}</var>
<arg>${BE_BASE_URL}/v0/fields/${field_id}</arg>
<arg>expected_status=204</arg>
<doc>Sends a DELETE request.</doc>
<status status="PASS" start="2026-05-31T08:27:22.729397" elapsed="0.023671"/>
</kw>
<kw name="Log" owner="BuiltIn">
<msg time="2026-05-31T08:27:22.758181" level="INFO">Delete Field Response Code: 204</msg>
<arg>Delete Field Response Code: ${delete_response.status_code}</arg>
<doc>Logs the given message with the given level.</doc>
<status status="PASS" start="2026-05-31T08:27:22.753902" elapsed="0.004605"/>
</kw>
<doc>Test BREAD operations for Fields. Note: Read (by ID) and Edit are not implemented in the backend.</doc>
<status status="PASS" start="2026-05-31T08:27:22.588568" elapsed="0.170719"/>
</test>
<test id="s1-s1-s1-t8" name="Events BREAD Operations" line="119">
<kw name="Create Dictionary" owner="BuiltIn">
<msg time="2026-05-31T08:27:22.769834" level="INFO">&amp;{farm_data} = { id=0 | name=Event Test Farm | location=123 Test Lane | has_derogation=True }</msg>
<var>&amp;{farm_data}</var>
<arg>id=${0}</arg>
<arg>name=Event Test Farm</arg>
<arg>location=123 Test Lane</arg>
<arg>has_derogation=${True}</arg>
<doc>Creates and returns a dictionary based on the given ``items``.</doc>
<status status="PASS" start="2026-05-31T08:27:22.765075" elapsed="0.004978"/>
</kw>
<kw name="POST" owner="RequestsLibrary">
<msg time="2026-05-31T08:27:22.773841" level="DEBUG">Starting new HTTP connection (1): sward-warden-be:80</msg>
<msg time="2026-05-31T08:27:22.787607" level="DEBUG">http://sward-warden-be:80 "POST /sward/v0/farms HTTP/1.1" 200 156</msg>
<msg time="2026-05-31T08:27:22.788846" level="INFO">POST Request : url=http://sward-warden-be/sward/v0/farms 
 path_url=/sward/v0/farms 
 headers={'User-Agent': 'python-requests/2.34.2', 'Accept-Encoding': 'gzip, deflate, zstd', 'Accept': '*/*', 'Connection': 'keep-alive', 'Content-Length': '89', 'Content-Type': 'application/json'} 
 body=b'{"id": 0, "name": "Event Test Farm", "location": "123 Test Lane", "has_derogation": true}' 
 </msg>
<msg time="2026-05-31T08:27:22.789164" level="INFO">POST Response : url=http://sward-warden-be/sward/v0/farms 
 status=200, reason=OK 
 headers={'content-type': 'application/json', 'vary': 'origin, access-control-request-method, access-control-request-headers', 'content-length': '156', 'date': 'Sun, 31 May 2026 08:27:22 GMT', 'x-envoy-upstream-service-time': '7', 'server': 'envoy'} 
 body={"id":3,"user_id":1,"name":"Event Test Farm","location":"123 Test Lane","has_derogation":true,"updated_at":"2026-05-31T08:27:22.717988Z","is_deleted":false} 
 </msg>
<msg time="2026-05-31T08:27:22.789747" level="INFO">${farm_response} = &lt;Response [200]&gt;</msg>
<var>${farm_response}</var>
<arg>${BE_BASE_URL}/v0/farms</arg>
<arg>json=${farm_data}</arg>
<arg>expected_status=200</arg>
<doc>Sends a POST request.</doc>
<status status="PASS" start="2026-05-31T08:27:22.770652" elapsed="0.019242"/>
</kw>
<kw name="Convert To Integer" owner="BuiltIn">
<msg time="2026-05-31T08:27:22.793816" level="DEBUG">Argument types are:
&lt;class 'int'&gt;</msg>
<msg time="2026-05-31T08:27:22.794331" level="INFO">${farm_id_int} = 3</msg>
<var>${farm_id_int}</var>
<arg>${farm_response.json()['id']}</arg>
<doc>Converts the given item to an integer number.</doc>
<status status="PASS" start="2026-05-31T08:27:22.790538" elapsed="0.003931"/>
</kw>
<kw name="Create Dictionary" owner="BuiltIn">
<msg time="2026-05-31T08:27:22.800331" level="INFO">&amp;{field_data} = { id=0 | farm_id=3 | name=Event Test Field | area_hectares=10.5 | land_use=Grassland }</msg>
<var>&amp;{field_data}</var>
<arg>id=${0}</arg>
<arg>farm_id=${farm_id_int}</arg>
<arg>name=Event Test Field</arg>
<arg>area_hectares=${10.5}</arg>
<arg>land_use=Grassland</arg>
<doc>Creates and returns a dictionary based on the given ``items``.</doc>
<status status="PASS" start="2026-05-31T08:27:22.795169" elapsed="0.005337"/>
</kw>
<kw name="POST" owner="RequestsLibrary">
<msg time="2026-05-31T08:27:22.806503" level="DEBUG">Starting new HTTP connection (1): sward-warden-be:80</msg>
<msg time="2026-05-31T08:27:22.820611" level="DEBUG">http://sward-warden-be:80 "POST /sward/v0/fields HTTP/1.1" 200 152</msg>
<msg time="2026-05-31T08:27:22.821827" level="INFO">POST Request : url=http://sward-warden-be/sward/v0/fields 
 path_url=/sward/v0/fields 
 headers={'User-Agent': 'python-requests/2.34.2', 'Accept-Encoding': 'gzip, deflate, zstd', 'Accept': '*/*', 'Connection': 'keep-alive', 'Content-Length': '99', 'Content-Type': 'application/json'} 
 body=b'{"id": 0, "farm_id": 3, "name": "Event Test Field", "area_hectares": 10.5, "land_use": "Grassland"}' 
 </msg>
<msg time="2026-05-31T08:27:22.822147" level="INFO">POST Response : url=http://sward-warden-be/sward/v0/fields 
 status=200, reason=OK 
 headers={'content-type': 'application/json', 'vary': 'origin, access-control-request-method, access-control-request-headers', 'content-length': '152', 'date': 'Sun, 31 May 2026 08:27:22 GMT', 'x-envoy-upstream-service-time': '6', 'server': 'envoy'} 
 body={"id":2,"farm_id":3,"name":"Event Test Field","area_hectares":10.5,"land_use":"Grassland","updated_at":"2026-05-31T08:27:22.751586Z","is_deleted":false} 
 </msg>
<msg time="2026-05-31T08:27:22.822830" level="INFO">${field_response} = &lt;Response [200]&gt;</msg>
<var>${field_response}</var>
<arg>${BE_BASE_URL}/v0/fields</arg>
<arg>json=${field_data}</arg>
<arg>expected_status=200</arg>
<doc>Sends a POST request.</doc>
<status status="PASS" start="2026-05-31T08:27:22.801151" elapsed="0.021858"/>
</kw>
<kw name="Convert To Integer" owner="BuiltIn">
<msg time="2026-05-31T08:27:22.827343" level="DEBUG">Argument types are:
&lt;class 'int'&gt;</msg>
<msg time="2026-05-31T08:27:22.827856" level="INFO">${field_id_int} = 2</msg>
<var>${field_id_int}</var>
<arg>${field_response.json()['id']}</arg>
<doc>Converts the given item to an integer number.</doc>
<status status="PASS" start="2026-05-31T08:27:22.823766" elapsed="0.004230"/>
</kw>
<kw name="Create Dictionary" owner="BuiltIn">
<msg time="2026-05-31T08:27:22.832662" level="INFO">&amp;{event_data} = { id=0 | field_id=2 | event_type=slurry_application | description=Test Event | date=2024-05-23 }</msg>
<var>&amp;{event_data}</var>
<arg>id=${0}</arg>
<arg>field_id=${field_id_int}</arg>
<arg>event_type=slurry_application</arg>
<arg>description=Test Event</arg>
<arg>date=2024-05-23</arg>
<doc>Creates and returns a dictionary based on the given ``items``.</doc>
<status status="PASS" start="2026-05-31T08:27:22.828639" elapsed="0.004198"/>
</kw>
<kw name="POST" owner="RequestsLibrary">
<msg time="2026-05-31T08:27:22.837282" level="DEBUG">Starting new HTTP connection (1): sward-warden-be:80</msg>
<msg time="2026-05-31T08:27:22.852074" level="DEBUG">http://sward-warden-be:80 "POST /sward/v0/events HTTP/1.1" 200 225</msg>
<msg time="2026-05-31T08:27:22.853143" level="INFO">POST Request : url=http://sward-warden-be/sward/v0/events 
 path_url=/sward/v0/events 
 headers={'User-Agent': 'python-requests/2.34.2', 'Accept-Encoding': 'gzip, deflate, zstd', 'Accept': '*/*', 'Connection': 'keep-alive', 'Content-Length': '111', 'Content-Type': 'application/json'} 
 body=b'{"id": 0, "field_id": 2, "event_type": "slurry_application", "description": "Test Event", "date": "2024-05-23"}' 
 </msg>
<msg time="2026-05-31T08:27:22.853429" level="INFO">POST Response : url=http://sward-warden-be/sward/v0/events 
 status=200, reason=OK 
 headers={'content-type': 'application/json', 'vary': 'origin, access-control-request-method, access-control-request-headers', 'content-length': '225', 'date': 'Sun, 31 May 2026 08:27:22 GMT', 'x-envoy-upstream-service-time': '7', 'server': 'envoy'} 
 body={"id":1,"field_id":2,"event_type":"slurry_application","description":"Test Event","date":"2024-05-23","updated_at":"2026-05-31T08:27:22.782867Z","is_deleted":false,"mapp_number":null,"eppo_code":null,"bbch_growth_stage":null} 
 </msg>
<msg time="2026-05-31T08:27:22.853960" level="INFO">${create_response} = &lt;Response [200]&gt;</msg>
<var>${create_response}</var>
<arg>${BE_BASE_URL}/v0/events</arg>
<arg>json=${event_data}</arg>
<arg>expected_status=200</arg>
<doc>Sends a POST request.</doc>
<status status="PASS" start="2026-05-31T08:27:22.833443" elapsed="0.020643"/>
</kw>
<kw name="Log" owner="BuiltIn">
<msg time="2026-05-31T08:27:22.857685" level="INFO">Create Event Response: {"id":1,"field_id":2,"event_type":"slurry_application","description":"Test Event","date":"2024-05-23","updated_at":"2026-05-31T08:27:22.782867Z","is_deleted":false,"mapp_number":null,"eppo_code":null,"bbch_growth_stage":null}</msg>
<arg>Create Event Response: ${create_response.content}</arg>
<doc>Logs the given message with the given level.</doc>
<status status="PASS" start="2026-05-31T08:27:22.854663" elapsed="0.003285"/>
</kw>
<kw name="Convert To String" owner="BuiltIn">
<msg time="2026-05-31T08:27:22.861401" level="DEBUG">Argument types are:
&lt;class 'int'&gt;</msg>
<msg time="2026-05-31T08:27:22.861842" level="INFO">${event_id} = 1</msg>
<var>${event_id}</var>
<arg>${create_response.json()['id']}</arg>
<doc>Converts the given item to a Unicode string.</doc>
<status status="PASS" start="2026-05-31T08:27:22.858449" elapsed="0.003515"/>
</kw>
<kw name="Should Not Be Empty" owner="BuiltIn">
<msg time="2026-05-31T08:27:22.863935" level="INFO">Length is 1.</msg>
<arg>${event_id}</arg>
<doc>Verifies that the given item is not empty.</doc>
<status status="PASS" start="2026-05-31T08:27:22.862477" elapsed="0.001695"/>
</kw>
<kw name="Should Be Equal As Strings" owner="BuiltIn">
<msg time="2026-05-31T08:27:22.867708" level="DEBUG">Argument types are:
&lt;class 'str'&gt;
&lt;class 'str'&gt;</msg>
<arg>${create_response.json()['event_type']}</arg>
<arg>slurry_application</arg>
<doc>Fails if objects are unequal after converting them to strings.</doc>
<status status="PASS" start="2026-05-31T08:27:22.864637" elapsed="0.003373"/>
</kw>
<kw name="GET" owner="RequestsLibrary">
<msg time="2026-05-31T08:27:22.871590" level="DEBUG">Starting new HTTP connection (1): sward-warden-be:80</msg>
<msg time="2026-05-31T08:27:22.885209" level="DEBUG">http://sward-warden-be:80 "GET /sward/v0/events HTTP/1.1" 200 227</msg>
<msg time="2026-05-31T08:27:22.886422" level="INFO">GET Request : url=http://sward-warden-be/sward/v0/events 
 path_url=/sward/v0/events 
 headers={'User-Agent': 'python-requests/2.34.2', 'Accept-Encoding': 'gzip, deflate, zstd', 'Accept': '*/*', 'Connection': 'keep-alive'} 
 body=None 
 </msg>
<msg time="2026-05-31T08:27:22.886818" level="INFO">GET Response : url=http://sward-warden-be/sward/v0/events 
 status=200, reason=OK 
 headers={'content-type': 'application/json', 'vary': 'origin, access-control-request-method, access-control-request-headers', 'content-length': '227', 'date': 'Sun, 31 May 2026 08:27:22 GMT', 'x-envoy-upstream-service-time': '6', 'server': 'envoy'} 
 body=[{"id":1,"field_id":2,"event_type":"slurry_application","description":"Test Event","date":"2024-05-23","updated_at":"2026-05-31T08:27:22.782867Z","is_deleted":false,"mapp_number":null,"eppo_code":null,"bbch_growth_stage":null}] 
 </msg>
<msg time="2026-05-31T08:27:22.887480" level="INFO">${list_response} = &lt;Response [200]&gt;</msg>
<var>${list_response}</var>
<arg>${BE_BASE_URL}/v0/events</arg>
<arg>expected_status=200</arg>
<doc>Sends a GET request.</doc>
<status status="PASS" start="2026-05-31T08:27:22.868548" elapsed="0.019083"/>
</kw>
<kw name="Log" owner="BuiltIn">
<msg time="2026-05-31T08:27:22.891629" level="INFO">List Events Response: [{"id":1,"field_id":2,"event_type":"slurry_application","description":"Test Event","date":"2024-05-23","updated_at":"2026-05-31T08:27:22.782867Z","is_deleted":false,"mapp_number":null,"eppo_code":null,"bbch_growth_stage":null}]</msg>
<arg>List Events Response: ${list_response.content}</arg>
<doc>Logs the given message with the given level.</doc>
<status status="PASS" start="2026-05-31T08:27:22.888274" elapsed="0.003679"/>
</kw>
<kw name="Set Variable" owner="BuiltIn">
<msg time="2026-05-31T08:27:22.896771" level="INFO">${events} = [{'id': 1, 'field_id': 2, 'event_type': 'slurry_application', 'description': 'Test Event', 'date': '2024-05-23', 'updated_at': '2026-05-31T08:27:22.782867Z', 'is_deleted': False, 'mapp_number': None, ...</msg>
<var>${events}</var>
<arg>${list_response.json()}</arg>
<doc>Returns the given values which can then be assigned to a variables.</doc>
<status status="PASS" start="2026-05-31T08:27:22.892528" elapsed="0.004490"/>
</kw>
<kw name="Should Not Be Empty" owner="BuiltIn">
<msg time="2026-05-31T08:27:22.899354" level="INFO">Length is 1.</msg>
<arg>${events}</arg>
<doc>Verifies that the given item is not empty.</doc>
<status status="PASS" start="2026-05-31T08:27:22.897665" elapsed="0.001954"/>
</kw>
<doc>Test BREAD operations for Events. Note: Read (by ID), Edit, and Delete are not implemented in the backend.</doc>
<status status="PASS" start="2026-05-31T08:27:22.761339" elapsed="0.138824"/>
</test>
<test id="s1-s1-s1-t9" name="Soil Analyses BREAD Operations" line="151">
<kw name="Create Dictionary" owner="BuiltIn">
<msg time="2026-05-31T08:27:22.906935" level="INFO">&amp;{farm_data} = { id=0 | name=Soil Test Farm | location=123 Test Lane | has_derogation=True }</msg>
<var>&amp;{farm_data}</var>
<arg>id=${0}</arg>
<arg>name=Soil Test Farm</arg>
<arg>location=123 Test Lane</arg>
<arg>has_derogation=${True}</arg>
<doc>Creates and returns a dictionary based on the given ``items``.</doc>
<status status="PASS" start="2026-05-31T08:27:22.903549" elapsed="0.003600"/>
</kw>
<kw name="POST" owner="RequestsLibrary">
<msg time="2026-05-31T08:27:22.911314" level="DEBUG">Starting new HTTP connection (1): sward-warden-be:80</msg>
<msg time="2026-05-31T08:27:22.927580" level="DEBUG">http://sward-warden-be:80 "POST /sward/v0/farms HTTP/1.1" 200 155</msg>
<msg time="2026-05-31T08:27:22.928923" level="INFO">POST Request : url=http://sward-warden-be/sward/v0/farms 
 path_url=/sward/v0/farms 
 headers={'User-Agent': 'python-requests/2.34.2', 'Accept-Encoding': 'gzip, deflate, zstd', 'Accept': '*/*', 'Connection': 'keep-alive', 'Content-Length': '88', 'Content-Type': 'application/json'} 
 body=b'{"id": 0, "name": "Soil Test Farm", "location": "123 Test Lane", "has_derogation": true}' 
 </msg>
<msg time="2026-05-31T08:27:22.929230" level="INFO">POST Response : url=http://sward-warden-be/sward/v0/farms 
 status=200, reason=OK 
 headers={'content-type': 'application/json', 'vary': 'origin, access-control-request-method, access-control-request-headers', 'content-length': '155', 'date': 'Sun, 31 May 2026 08:27:22 GMT', 'x-envoy-upstream-service-time': '8', 'server': 'envoy'} 
 body={"id":4,"user_id":1,"name":"Soil Test Farm","location":"123 Test Lane","has_derogation":true,"updated_at":"2026-05-31T08:27:22.856316Z","is_deleted":false} 
 </msg>
<msg time="2026-05-31T08:27:22.929805" level="INFO">${farm_response} = &lt;Response [200]&gt;</msg>
<var>${farm_response}</var>
<arg>${BE_BASE_URL}/v0/farms</arg>
<arg>json=${farm_data}</arg>
<arg>expected_status=200</arg>
<doc>Sends a POST request.</doc>
<status status="PASS" start="2026-05-31T08:27:22.907734" elapsed="0.022213"/>
</kw>
<kw name="Convert To Integer" owner="BuiltIn">
<msg time="2026-05-31T08:27:22.933799" level="DEBUG">Argument types are:
&lt;class 'int'&gt;</msg>
<msg time="2026-05-31T08:27:22.934299" level="INFO">${farm_id_int} = 4</msg>
<var>${farm_id_int}</var>
<arg>${farm_response.json()['id']}</arg>
<doc>Converts the given item to an integer number.</doc>
<status status="PASS" start="2026-05-31T08:27:22.930572" elapsed="0.003852"/>
</kw>
<kw name="Create Dictionary" owner="BuiltIn">
<msg time="2026-05-31T08:27:22.939695" level="INFO">&amp;{field_data} = { id=0 | farm_id=4 | name=Soil Test Field | area_hectares=10.5 | land_use=Grassland }</msg>
<var>&amp;{field_data}</var>
<arg>id=${0}</arg>
<arg>farm_id=${farm_id_int}</arg>
<arg>name=Soil Test Field</arg>
<arg>area_hectares=${10.5}</arg>
<arg>land_use=Grassland</arg>
<doc>Creates and returns a dictionary based on the given ``items``.</doc>
<status status="PASS" start="2026-05-31T08:27:22.935006" elapsed="0.004844"/>
</kw>
<kw name="POST" owner="RequestsLibrary">
<msg time="2026-05-31T08:27:22.944103" level="DEBUG">Starting new HTTP connection (1): sward-warden-be:80</msg>
<msg time="2026-05-31T08:27:22.957102" level="DEBUG">http://sward-warden-be:80 "POST /sward/v0/fields HTTP/1.1" 200 151</msg>
<msg time="2026-05-31T08:27:22.958244" level="INFO">POST Request : url=http://sward-warden-be/sward/v0/fields 
 path_url=/sward/v0/fields 
 headers={'User-Agent': 'python-requests/2.34.2', 'Accept-Encoding': 'gzip, deflate, zstd', 'Accept': '*/*', 'Connection': 'keep-alive', 'Content-Length': '98', 'Content-Type': 'application/json'} 
 body=b'{"id": 0, "farm_id": 4, "name": "Soil Test Field", "area_hectares": 10.5, "land_use": "Grassland"}' 
 </msg>
<msg time="2026-05-31T08:27:22.958578" level="INFO">POST Response : url=http://sward-warden-be/sward/v0/fields 
 status=200, reason=OK 
 headers={'content-type': 'application/json', 'vary': 'origin, access-control-request-method, access-control-request-headers', 'content-length': '151', 'date': 'Sun, 31 May 2026 08:27:22 GMT', 'x-envoy-upstream-service-time': '6', 'server': 'envoy'} 
 body={"id":3,"farm_id":4,"name":"Soil Test Field","area_hectares":10.5,"land_use":"Grassland","updated_at":"2026-05-31T08:27:22.888442Z","is_deleted":false} 
 </msg>
<msg time="2026-05-31T08:27:22.959327" level="INFO">${field_response} = &lt;Response [200]&gt;</msg>
<var>${field_response}</var>
<arg>${BE_BASE_URL}/v0/fields</arg>
<arg>json=${field_data}</arg>
<arg>expected_status=200</arg>
<doc>Sends a POST request.</doc>
<status status="PASS" start="2026-05-31T08:27:22.940420" elapsed="0.019081"/>
</kw>
<kw name="Convert To Integer" owner="BuiltIn">
<msg time="2026-05-31T08:27:22.964101" level="DEBUG">Argument types are:
&lt;class 'int'&gt;</msg>
<msg time="2026-05-31T08:27:22.964669" level="INFO">${field_id_int} = 3</msg>
<var>${field_id_int}</var>
<arg>${field_response.json()['id']}</arg>
<doc>Converts the given item to an integer number.</doc>
<status status="PASS" start="2026-05-31T08:27:22.960219" elapsed="0.004603"/>
</kw>
<kw name="Create Dictionary" owner="BuiltIn">
<msg time="2026-05-31T08:27:22.974041" level="INFO">&amp;{soil_data} = { id=0 | field_id=3 | sample_date=2024-05-23 | ph_level=6.5 | phosphorus_index=2 | potassium_index=2 | magnesium_index=2 }</msg>
<var>&amp;{soil_data}</var>
<arg>id=${0}</arg>
<arg>field_id=${field_id_int}</arg>
<arg>sample_date=2024-05-23</arg>
<arg>ph_level=${6.5}</arg>
<arg>phosphorus_index=${2}</arg>
<arg>potassium_index=${2}</arg>
<arg>magnesium_index=${2}</arg>
<doc>Creates and returns a dictionary based on the given ``items``.</doc>
<status status="PASS" start="2026-05-31T08:27:22.965536" elapsed="0.008663"/>
</kw>
<kw name="POST" owner="RequestsLibrary">
<msg time="2026-05-31T08:27:22.978577" level="DEBUG">Starting new HTTP connection (1): sward-warden-be:80</msg>
<msg time="2026-05-31T08:27:22.997375" level="DEBUG">http://sward-warden-be:80 "POST /sward/v0/soil_analyses HTTP/1.1" 200 186</msg>
<msg time="2026-05-31T08:27:22.998602" level="INFO">POST Request : url=http://sward-warden-be/sward/v0/soil_analyses 
 path_url=/sward/v0/soil_analyses 
 headers={'User-Agent': 'python-requests/2.34.2', 'Accept-Encoding': 'gzip, deflate, zstd', 'Accept': '*/*', 'Connection': 'keep-alive', 'Content-Length': '137', 'Content-Type': 'application/json'} 
 body=b'{"id": 0, "field_id": 3, "sample_date": "2024-05-23", "ph_level": 6.5, "phosphorus_index": 2, "potassium_index": 2, "magnesium_index": 2}' 
 </msg>
<msg time="2026-05-31T08:27:22.998904" level="INFO">POST Response : url=http://sward-warden-be/sward/v0/soil_analyses 
 status=200, reason=OK 
 headers={'content-type': 'application/json', 'vary': 'origin, access-control-request-method, access-control-request-headers', 'content-length': '186', 'date': 'Sun, 31 May 2026 08:27:22 GMT', 'x-envoy-upstream-service-time': '11', 'server': 'envoy'} 
 body={"id":1,"field_id":3,"sample_date":"2024-05-23","ph_level":6.5,"phosphorus_index":2,"potassium_index":2,"magnesium_index":2,"updated_at":"2026-05-31T08:27:22.925659Z","is_deleted":false} 
 </msg>
<msg time="2026-05-31T08:27:22.999826" level="INFO">${create_response} = &lt;Response [200]&gt;</msg>
<var>${create_response}</var>
<arg>${BE_BASE_URL}/v0/soil_analyses</arg>
<arg>json=${soil_data}</arg>
<arg>expected_status=200</arg>
<doc>Sends a POST request.</doc>
<status status="PASS" start="2026-05-31T08:27:22.974786" elapsed="0.025199"/>
</kw>
<kw name="Log" owner="BuiltIn">
<msg time="2026-05-31T08:27:23.004024" level="INFO">Create Soil Analysis Response: {"id":1,"field_id":3,"sample_date":"2024-05-23","ph_level":6.5,"phosphorus_index":2,"potassium_index":2,"magnesium_index":2,"updated_at":"2026-05-31T08:27:22.925659Z","is_deleted":false}</msg>
<arg>Create Soil Analysis Response: ${create_response.content}</arg>
<doc>Logs the given message with the given level.</doc>
<status status="PASS" start="2026-05-31T08:27:23.000641" elapsed="0.003658"/>
</kw>
<kw name="Convert To String" owner="BuiltIn">
<msg time="2026-05-31T08:27:23.007725" level="DEBUG">Argument types are:
&lt;class 'int'&gt;</msg>
<msg time="2026-05-31T08:27:23.008155" level="INFO">${soil_id} = 1</msg>
<var>${soil_id}</var>
<arg>${create_response.json()['id']}</arg>
<doc>Converts the given item to a Unicode string.</doc>
<status status="PASS" start="2026-05-31T08:27:23.004830" elapsed="0.003481"/>
</kw>
<kw name="Should Not Be Empty" owner="BuiltIn">
<msg time="2026-05-31T08:27:23.010222" level="INFO">Length is 1.</msg>
<arg>${soil_id}</arg>
<doc>Verifies that the given item is not empty.</doc>
<status status="PASS" start="2026-05-31T08:27:23.008814" elapsed="0.001641"/>
</kw>
<kw name="GET" owner="RequestsLibrary">
<msg time="2026-05-31T08:27:23.039545" level="DEBUG">Starting new HTTP connection (1): sward-warden-be:80</msg>
<msg time="2026-05-31T08:27:23.053391" level="DEBUG">http://sward-warden-be:80 "GET /sward/v0/soil_analyses HTTP/1.1" 200 188</msg>
<msg time="2026-05-31T08:27:23.054406" level="INFO">GET Request : url=http://sward-warden-be/sward/v0/soil_analyses 
 path_url=/sward/v0/soil_analyses 
 headers={'User-Agent': 'python-requests/2.34.2', 'Accept-Encoding': 'gzip, deflate, zstd', 'Accept': '*/*', 'Connection': 'keep-alive'} 
 body=None 
 </msg>
<msg time="2026-05-31T08:27:23.054639" level="INFO">GET Response : url=http://sward-warden-be/sward/v0/soil_analyses 
 status=200, reason=OK 
 headers={'content-type': 'application/json', 'vary': 'origin, access-control-request-method, access-control-request-headers', 'content-length': '188', 'date': 'Sun, 31 May 2026 08:27:22 GMT', 'x-envoy-upstream-service-time': '5', 'server': 'envoy'} 
 body=[{"id":1,"field_id":3,"sample_date":"2024-05-23","ph_level":6.5,"phosphorus_index":2,"potassium_index":2,"magnesium_index":2,"updated_at":"2026-05-31T08:27:22.925659Z","is_deleted":false}] 
 </msg>
<msg time="2026-05-31T08:27:23.055165" level="INFO">${list_response} = &lt;Response [200]&gt;</msg>
<var>${list_response}</var>
<arg>${BE_BASE_URL}/v0/soil_analyses</arg>
<arg>expected_status=200</arg>
<doc>Sends a GET request.</doc>
<status status="PASS" start="2026-05-31T08:27:23.010939" elapsed="0.044361"/>
</kw>
<kw name="Log" owner="BuiltIn">
<msg time="2026-05-31T08:27:23.058382" level="INFO">List Soil Analyses Response: [{"id":1,"field_id":3,"sample_date":"2024-05-23","ph_level":6.5,"phosphorus_index":2,"potassium_index":2,"magnesium_index":2,"updated_at":"2026-05-31T08:27:22.925659Z","is_deleted":false}]</msg>
<arg>List Soil Analyses Response: ${list_response.content}</arg>
<doc>Logs the given message with the given level.</doc>
<status status="PASS" start="2026-05-31T08:27:23.055807" elapsed="0.002883"/>
</kw>
<kw name="Set Variable" owner="BuiltIn">
<msg time="2026-05-31T08:27:23.062158" level="INFO">${analyses} = [{'id': 1, 'field_id': 3, 'sample_date': '2024-05-23', 'ph_level': 6.5, 'phosphorus_index': 2, 'potassium_index': 2, 'magnesium_index': 2, 'updated_at': '2026-05-31T08:27:22.925659Z', 'is_deleted': Fa...</msg>
<var>${analyses}</var>
<arg>${list_response.json()}</arg>
<doc>Returns the given values which can then be assigned to a variables.</doc>
<status status="PASS" start="2026-05-31T08:27:23.059316" elapsed="0.002997"/>
</kw>
<kw name="Should Not Be Empty" owner="BuiltIn">
<msg time="2026-05-31T08:27:23.065514" level="INFO">Length is 1.</msg>
<arg>${analyses}</arg>
<doc>Verifies that the given item is not empty.</doc>
<status status="PASS" start="2026-05-31T08:27:23.063321" elapsed="0.002547"/>
</kw>
<kw name="DELETE" owner="RequestsLibrary">
<msg time="2026-05-31T08:27:23.072402" level="DEBUG">Starting new HTTP connection (1): sward-warden-be:80</msg>
<msg time="2026-05-31T08:27:23.089541" level="DEBUG">http://sward-warden-be:80 "DELETE /sward/v0/soil_analyses/1 HTTP/1.1" 204 0</msg>
<msg time="2026-05-31T08:27:23.090386" level="INFO">DELETE Request : url=http://sward-warden-be/sward/v0/soil_analyses/1 
 path_url=/sward/v0/soil_analyses/1 
 headers={'User-Agent': 'python-requests/2.34.2', 'Accept-Encoding': 'gzip, deflate, zstd', 'Accept': '*/*', 'Connection': 'keep-alive', 'Content-Length': '0'} 
 body=None 
 </msg>
<msg time="2026-05-31T08:27:23.090611" level="INFO">DELETE Response : url=http://sward-warden-be/sward/v0/soil_analyses/1 
 status=204, reason=No Content 
 headers={'vary': 'origin, access-control-request-method, access-control-request-headers', 'date': 'Sun, 31 May 2026 08:27:22 GMT', 'x-envoy-upstream-service-time': '10', 'server': 'envoy'} 
 body=None 
 </msg>
<msg time="2026-05-31T08:27:23.091062" level="INFO">${delete_response} = &lt;Response [204]&gt;</msg>
<var>${delete_response}</var>
<arg>${BE_BASE_URL}/v0/soil_analyses/${soil_id}</arg>
<arg>expected_status=204</arg>
<doc>Sends a DELETE request.</doc>
<status status="PASS" start="2026-05-31T08:27:23.066641" elapsed="0.024615"/>
</kw>
<kw name="Log" owner="BuiltIn">
<msg time="2026-05-31T08:27:23.094042" level="INFO">Delete Soil Analysis Response Code: 204</msg>
<arg>Delete Soil Analysis Response Code: ${delete_response.status_code}</arg>
<doc>Logs the given message with the given level.</doc>
<status status="PASS" start="2026-05-31T08:27:23.091684" elapsed="0.002593"/>
</kw>
<doc>Test BREAD operations for Soil Analyses. Note: Read (by ID) and Edit are not implemented in the backend.</doc>
<status status="PASS" start="2026-05-31T08:27:22.901131" elapsed="0.193767"/>
</test>
<test id="s1-s1-s1-t10" name="Fertilisation Plans BREAD Operations" line="185">
<kw name="Create Dictionary" owner="BuiltIn">
<msg time="2026-05-31T08:27:23.101275" level="INFO">&amp;{farm_data} = { id=0 | name=Fert Plan Test Farm | location=123 Test Lane | has_derogation=True }</msg>
<var>&amp;{farm_data}</var>
<arg>id=${0}</arg>
<arg>name=Fert Plan Test Farm</arg>
<arg>location=123 Test Lane</arg>
<arg>has_derogation=${True}</arg>
<doc>Creates and returns a dictionary based on the given ``items``.</doc>
<status status="PASS" start="2026-05-31T08:27:23.098408" elapsed="0.003007"/>
</kw>
<kw name="POST" owner="RequestsLibrary">
<msg time="2026-05-31T08:27:23.104919" level="DEBUG">Starting new HTTP connection (1): sward-warden-be:80</msg>
<msg time="2026-05-31T08:27:23.117239" level="DEBUG">http://sward-warden-be:80 "POST /sward/v0/farms HTTP/1.1" 200 160</msg>
<msg time="2026-05-31T08:27:23.117996" level="INFO">POST Request : url=http://sward-warden-be/sward/v0/farms 
 path_url=/sward/v0/farms 
 headers={'User-Agent': 'python-requests/2.34.2', 'Accept-Encoding': 'gzip, deflate, zstd', 'Accept': '*/*', 'Connection': 'keep-alive', 'Content-Length': '93', 'Content-Type': 'application/json'} 
 body=b'{"id": 0, "name": "Fert Plan Test Farm", "location": "123 Test Lane", "has_derogation": true}' 
 </msg>
<msg time="2026-05-31T08:27:23.118167" level="INFO">POST Response : url=http://sward-warden-be/sward/v0/farms 
 status=200, reason=OK 
 headers={'content-type': 'application/json', 'vary': 'origin, access-control-request-method, access-control-request-headers', 'content-length': '160', 'date': 'Sun, 31 May 2026 08:27:23 GMT', 'x-envoy-upstream-service-time': '6', 'server': 'envoy'} 
 body={"id":5,"user_id":1,"name":"Fert Plan Test Farm","location":"123 Test Lane","has_derogation":true,"updated_at":"2026-05-31T08:27:23.049117Z","is_deleted":false} 
 </msg>
<msg time="2026-05-31T08:27:23.118511" level="INFO">${farm_response} = &lt;Response [200]&gt;</msg>
<var>${farm_response}</var>
<arg>${BE_BASE_URL}/v0/farms</arg>
<arg>json=${farm_data}</arg>
<arg>expected_status=200</arg>
<doc>Sends a POST request.</doc>
<status status="PASS" start="2026-05-31T08:27:23.101880" elapsed="0.016711"/>
</kw>
<kw name="Convert To Integer" owner="BuiltIn">
<msg time="2026-05-31T08:27:23.120917" level="DEBUG">Argument types are:
&lt;class 'int'&gt;</msg>
<msg time="2026-05-31T08:27:23.121202" level="INFO">${farm_id_int} = 5</msg>
<var>${farm_id_int}</var>
<arg>${farm_response.json()['id']}</arg>
<doc>Converts the given item to an integer number.</doc>
<status status="PASS" start="2026-05-31T08:27:23.118980" elapsed="0.002297"/>
</kw>
<kw name="Create Dictionary" owner="BuiltIn">
<msg time="2026-05-31T08:27:23.124967" level="INFO">&amp;{field_data} = { id=0 | farm_id=5 | name=Fert Plan Test Field | area_hectares=10.5 | land_use=Grassland }</msg>
<var>&amp;{field_data}</var>
<arg>id=${0}</arg>
<arg>farm_id=${farm_id_int}</arg>
<arg>name=Fert Plan Test Field</arg>
<arg>area_hectares=${10.5}</arg>
<arg>land_use=Grassland</arg>
<doc>Creates and returns a dictionary based on the given ``items``.</doc>
<status status="PASS" start="2026-05-31T08:27:23.121666" elapsed="0.003443"/>
</kw>
<kw name="POST" owner="RequestsLibrary">
<msg time="2026-05-31T08:27:23.129207" level="DEBUG">Starting new HTTP connection (1): sward-warden-be:80</msg>
<msg time="2026-05-31T08:27:23.154133" level="DEBUG">http://sward-warden-be:80 "POST /sward/v0/fields HTTP/1.1" 200 156</msg>
<msg time="2026-05-31T08:27:23.155323" level="INFO">POST Request : url=http://sward-warden-be/sward/v0/fields 
 path_url=/sward/v0/fields 
 headers={'User-Agent': 'python-requests/2.34.2', 'Accept-Encoding': 'gzip, deflate, zstd', 'Accept': '*/*', 'Connection': 'keep-alive', 'Content-Length': '103', 'Content-Type': 'application/json'} 
 body=b'{"id": 0, "farm_id": 5, "name": "Fert Plan Test Field", "area_hectares": 10.5, "land_use": "Grassland"}' 
 </msg>
<msg time="2026-05-31T08:27:23.155702" level="INFO">POST Response : url=http://sward-warden-be/sward/v0/fields 
 status=200, reason=OK 
 headers={'content-type': 'application/json', 'vary': 'origin, access-control-request-method, access-control-request-headers', 'content-length': '156', 'date': 'Sun, 31 May 2026 08:27:23 GMT', 'x-envoy-upstream-service-time': '18', 'server': 'envoy'} 
 body={"id":4,"farm_id":5,"name":"Fert Plan Test Field","area_hectares":10.5,"land_use":"Grassland","updated_at":"2026-05-31T08:27:23.075204Z","is_deleted":false} 
 </msg>
<msg time="2026-05-31T08:27:23.156244" level="INFO">${field_response} = &lt;Response [200]&gt;</msg>
<var>${field_response}</var>
<arg>${BE_BASE_URL}/v0/fields</arg>
<arg>json=${field_data}</arg>
<arg>expected_status=200</arg>
<doc>Sends a POST request.</doc>
<status status="PASS" start="2026-05-31T08:27:23.125551" elapsed="0.030841"/>
</kw>
<kw name="Convert To Integer" owner="BuiltIn">
<msg time="2026-05-31T08:27:23.159530" level="DEBUG">Argument types are:
&lt;class 'int'&gt;</msg>
<msg time="2026-05-31T08:27:23.159928" level="INFO">${field_id_int} = 4</msg>
<var>${field_id_int}</var>
<arg>${field_response.json()['id']}</arg>
<doc>Converts the given item to an integer number.</doc>
<status status="PASS" start="2026-05-31T08:27:23.156991" elapsed="0.003044"/>
</kw>
<kw name="Create Dictionary" owner="BuiltIn">
<msg time="2026-05-31T08:27:23.166932" level="INFO">&amp;{plan_data} = { id=0 | field_id=4 | crop_type=Grass | target_yield=10.0 | nitrogen_requirement=100.0 | phosphorus_requirement=50.0 | potassium_requirement=50.0 | application_date=2024-05-23 }</msg>
<var>&amp;{plan_data}</var>
<arg>id=${0}</arg>
<arg>field_id=${field_id_int}</arg>
<arg>crop_type=Grass</arg>
<arg>target_yield=${10.0}</arg>
<arg>nitrogen_requirement=${100.0}</arg>
<arg>phosphorus_requirement=${50.0}</arg>
<arg>potassium_requirement=${50.0}</arg>
<arg>application_date=2024-05-23</arg>
<doc>Creates and returns a dictionary based on the given ``items``.</doc>
<status status="PASS" start="2026-05-31T08:27:23.160501" elapsed="0.006614"/>
</kw>
<kw name="POST" owner="RequestsLibrary">
<msg time="2026-05-31T08:27:23.173498" level="DEBUG">Starting new HTTP connection (1): sward-warden-be:80</msg>
<msg time="2026-05-31T08:27:23.189850" level="DEBUG">http://sward-warden-be:80 "POST /sward/v0/fertilisation_plans HTTP/1.1" 200 243</msg>
<msg time="2026-05-31T08:27:23.190801" level="INFO">POST Request : url=http://sward-warden-be/sward/v0/fertilisation_plans 
 path_url=/sward/v0/fertilisation_plans 
 headers={'User-Agent': 'python-requests/2.34.2', 'Accept-Encoding': 'gzip, deflate, zstd', 'Accept': '*/*', 'Connection': 'keep-alive', 'Content-Length': '196', 'Content-Type': 'application/json'} 
 body=b'{"id": 0, "field_id": 4, "crop_type": "Grass", "target_yield": 10.0, "nitrogen_requirement": 100.0, "phosphorus_requirement": 50.0, "potassium_requirement": 50.0, "application_date": "2024-05-23"}' 
 </msg>
<msg time="2026-05-31T08:27:23.191022" level="INFO">POST Response : url=http://sward-warden-be/sward/v0/fertilisation_plans 
 status=200, reason=OK 
 headers={'content-type': 'application/json', 'vary': 'origin, access-control-request-method, access-control-request-headers', 'content-length': '243', 'date': 'Sun, 31 May 2026 08:27:23 GMT', 'x-envoy-upstream-service-time': '8', 'server': 'envoy'} 
 body={"id":1,"field_id":4,"crop_type":"Grass","target_yield":10.0,"nitrogen_requirement":100.0,"phosphorus_requirement":50.0,"potassium_requirement":50.0,"application_date":"2024-05-23","updated_at":"2026-05-31T08:27:23.120062Z","is_deleted":false} 
 </msg>
<msg time="2026-05-31T08:27:23.191601" level="INFO">${create_response} = &lt;Response [200]&gt;</msg>
<var>${create_response}</var>
<arg>${BE_BASE_URL}/v0/fertilisation_plans</arg>
<arg>json=${plan_data}</arg>
<arg>expected_status=200</arg>
<doc>Sends a POST request.</doc>
<status status="PASS" start="2026-05-31T08:27:23.167672" elapsed="0.024049"/>
</kw>
<kw name="Log" owner="BuiltIn">
<msg time="2026-05-31T08:27:23.194727" level="INFO">Create Fertilisation Plan Response: {"id":1,"field_id":4,"crop_type":"Grass","target_yield":10.0,"nitrogen_requirement":100.0,"phosphorus_requirement":50.0,"potassium_requirement":50.0,"application_date":"2024-05-23","updated_at":"2026-05-31T08:27:23.120062Z","is_deleted":false}</msg>
<arg>Create Fertilisation Plan Response: ${create_response.content}</arg>
<doc>Logs the given message with the given level.</doc>
<status status="PASS" start="2026-05-31T08:27:23.192226" elapsed="0.002726"/>
</kw>
<kw name="Convert To String" owner="BuiltIn">
<msg time="2026-05-31T08:27:23.197877" level="DEBUG">Argument types are:
&lt;class 'int'&gt;</msg>
<msg time="2026-05-31T08:27:23.198234" level="INFO">${plan_id} = 1</msg>
<var>${plan_id}</var>
<arg>${create_response.json()['id']}</arg>
<doc>Converts the given item to a Unicode string.</doc>
<status status="PASS" start="2026-05-31T08:27:23.195453" elapsed="0.002878"/>
</kw>
<kw name="Should Not Be Empty" owner="BuiltIn">
<msg time="2026-05-31T08:27:23.200012" level="INFO">Length is 1.</msg>
<arg>${plan_id}</arg>
<doc>Verifies that the given item is not empty.</doc>
<status status="PASS" start="2026-05-31T08:27:23.198749" elapsed="0.001460"/>
</kw>
<kw name="GET" owner="RequestsLibrary">
<msg time="2026-05-31T08:27:23.203395" level="DEBUG">Starting new HTTP connection (1): sward-warden-be:80</msg>
<msg time="2026-05-31T08:27:23.214665" level="DEBUG">http://sward-warden-be:80 "GET /sward/v0/fertilisation_plans HTTP/1.1" 200 245</msg>
<msg time="2026-05-31T08:27:23.215608" level="INFO">GET Request : url=http://sward-warden-be/sward/v0/fertilisation_plans 
 path_url=/sward/v0/fertilisation_plans 
 headers={'User-Agent': 'python-requests/2.34.2', 'Accept-Encoding': 'gzip, deflate, zstd', 'Accept': '*/*', 'Connection': 'keep-alive'} 
 body=None 
 </msg>
<msg time="2026-05-31T08:27:23.215823" level="INFO">GET Response : url=http://sward-warden-be/sward/v0/fertilisation_plans 
 status=200, reason=OK 
 headers={'content-type': 'application/json', 'vary': 'origin, access-control-request-method, access-control-request-headers', 'content-length': '245', 'date': 'Sun, 31 May 2026 08:27:23 GMT', 'x-envoy-upstream-service-time': '5', 'server': 'envoy'} 
 body=[{"id":1,"field_id":4,"crop_type":"Grass","target_yield":10.0,"nitrogen_requirement":100.0,"phosphorus_requirement":50.0,"potassium_requirement":50.0,"application_date":"2024-05-23","updated_at":"2026-05-31T08:27:23.120062Z","is_deleted":false}] 
 </msg>
<msg time="2026-05-31T08:27:23.216241" level="INFO">${list_response} = &lt;Response [200]&gt;</msg>
<var>${list_response}</var>
<arg>${BE_BASE_URL}/v0/fertilisation_plans</arg>
<arg>expected_status=200</arg>
<doc>Sends a GET request.</doc>
<status status="PASS" start="2026-05-31T08:27:23.200624" elapsed="0.015714"/>
</kw>
<kw name="Log" owner="BuiltIn">
<msg time="2026-05-31T08:27:23.219600" level="INFO">List Fertilisation Plans Response: [{"id":1,"field_id":4,"crop_type":"Grass","target_yield":10.0,"nitrogen_requirement":100.0,"phosphorus_requirement":50.0,"potassium_requirement":50.0,"application_date":"2024-05-23","updated_at":"2026-05-31T08:27:23.120062Z","is_deleted":false}]</msg>
<arg>List Fertilisation Plans Response: ${list_response.content}</arg>
<doc>Logs the given message with the given level.</doc>
<status status="PASS" start="2026-05-31T08:27:23.216791" elapsed="0.003052"/>
</kw>
<kw name="Set Variable" owner="BuiltIn">
<msg time="2026-05-31T08:27:23.223306" level="INFO">${plans} = [{'id': 1, 'field_id': 4, 'crop_type': 'Grass', 'target_yield': 10.0, 'nitrogen_requirement': 100.0, 'phosphorus_requirement': 50.0, 'potassium_requirement': 50.0, 'application_date': '2024-05-23', 'u...</msg>
<var>${plans}</var>
<arg>${list_response.json()}</arg>
<doc>Returns the given values which can then be assigned to a variables.</doc>
<status status="PASS" start="2026-05-31T08:27:23.220327" elapsed="0.003129"/>
</kw>
<kw name="Should Not Be Empty" owner="BuiltIn">
<msg time="2026-05-31T08:27:23.225254" level="INFO">Length is 1.</msg>
<arg>${plans}</arg>
<doc>Verifies that the given item is not empty.</doc>
<status status="PASS" start="2026-05-31T08:27:23.223924" elapsed="0.001550"/>
</kw>
<kw name="DELETE" owner="RequestsLibrary">
<msg time="2026-05-31T08:27:23.229530" level="DEBUG">Starting new HTTP connection (1): sward-warden-be:80</msg>
<msg time="2026-05-31T08:27:23.271880" level="DEBUG">http://sward-warden-be:80 "DELETE /sward/v0/fertilisation_plans/1 HTTP/1.1" 204 0</msg>
<msg time="2026-05-31T08:27:23.272995" level="INFO">DELETE Request : url=http://sward-warden-be/sward/v0/fertilisation_plans/1 
 path_url=/sward/v0/fertilisation_plans/1 
 headers={'User-Agent': 'python-requests/2.34.2', 'Accept-Encoding': 'gzip, deflate, zstd', 'Accept': '*/*', 'Connection': 'keep-alive', 'Content-Length': '0'} 
 body=None 
 </msg>
<msg time="2026-05-31T08:27:23.273216" level="INFO">DELETE Response : url=http://sward-warden-be/sward/v0/fertilisation_plans/1 
 status=204, reason=No Content 
 headers={'vary': 'origin, access-control-request-method, access-control-request-headers', 'date': 'Sun, 31 May 2026 08:27:23 GMT', 'x-envoy-upstream-service-time': '11', 'server': 'envoy'} 
 body=None 
 </msg>
<msg time="2026-05-31T08:27:23.273703" level="INFO">${delete_response} = &lt;Response [204]&gt;</msg>
<var>${delete_response}</var>
<arg>${BE_BASE_URL}/v0/fertilisation_plans/${plan_id}</arg>
<arg>expected_status=204</arg>
<doc>Sends a DELETE request.</doc>
<status status="PASS" start="2026-05-31T08:27:23.225994" elapsed="0.047828"/>
</kw>
<kw name="Log" owner="BuiltIn">
<msg time="2026-05-31T08:27:23.277131" level="INFO">Delete Fertilisation Plan Response Code: 204</msg>
<arg>Delete Fertilisation Plan Response Code: ${delete_response.status_code}</arg>
<doc>Logs the given message with the given level.</doc>
<status status="PASS" start="2026-05-31T08:27:23.274368" elapsed="0.003000"/>
</kw>
<doc>Test BREAD operations for Fertilisation Plans. Note: Read (by ID) and Edit are not implemented in the backend.</doc>
<status status="PASS" start="2026-05-31T08:27:23.096270" elapsed="0.181575"/>
</test>
<test id="s1-s1-s1-t11" name="Farm Records BREAD Operations" line="219">
<kw name="Create Dictionary" owner="BuiltIn">
<msg time="2026-05-31T08:27:23.285565" level="INFO">&amp;{farm_data} = { id=0 | name=Record Test Farm | location=123 Test Lane | has_derogation=True }</msg>
<var>&amp;{farm_data}</var>
<arg>id=${0}</arg>
<arg>name=Record Test Farm</arg>
<arg>location=123 Test Lane</arg>
<arg>has_derogation=${True}</arg>
<doc>Creates and returns a dictionary based on the given ``items``.</doc>
<status status="PASS" start="2026-05-31T08:27:23.282362" elapsed="0.003356"/>
</kw>
<kw name="POST" owner="RequestsLibrary">
<msg time="2026-05-31T08:27:23.291009" level="DEBUG">Starting new HTTP connection (1): sward-warden-be:80</msg>
<msg time="2026-05-31T08:27:23.306818" level="DEBUG">http://sward-warden-be:80 "POST /sward/v0/farms HTTP/1.1" 200 157</msg>
<msg time="2026-05-31T08:27:23.308280" level="INFO">POST Request : url=http://sward-warden-be/sward/v0/farms 
 path_url=/sward/v0/farms 
 headers={'User-Agent': 'python-requests/2.34.2', 'Accept-Encoding': 'gzip, deflate, zstd', 'Accept': '*/*', 'Connection': 'keep-alive', 'Content-Length': '90', 'Content-Type': 'application/json'} 
 body=b'{"id": 0, "name": "Record Test Farm", "location": "123 Test Lane", "has_derogation": true}' 
 </msg>
<msg time="2026-05-31T08:27:23.308618" level="INFO">POST Response : url=http://sward-warden-be/sward/v0/farms 
 status=200, reason=OK 
 headers={'content-type': 'application/json', 'vary': 'origin, access-control-request-method, access-control-request-headers', 'content-length': '157', 'date': 'Sun, 31 May 2026 08:27:23 GMT', 'x-envoy-upstream-service-time': '8', 'server': 'envoy'} 
 body={"id":6,"user_id":1,"name":"Record Test Farm","location":"123 Test Lane","has_derogation":true,"updated_at":"2026-05-31T08:27:23.235613Z","is_deleted":false} 
 </msg>
<msg time="2026-05-31T08:27:23.309255" level="INFO">${farm_response} = &lt;Response [200]&gt;</msg>
<var>${farm_response}</var>
<arg>${BE_BASE_URL}/v0/farms</arg>
<arg>json=${farm_data}</arg>
<arg>expected_status=200</arg>
<doc>Sends a POST request.</doc>
<status status="PASS" start="2026-05-31T08:27:23.286237" elapsed="0.023188"/>
</kw>
<kw name="Convert To Integer" owner="BuiltIn">
<msg time="2026-05-31T08:27:23.313786" level="DEBUG">Argument types are:
&lt;class 'int'&gt;</msg>
<msg time="2026-05-31T08:27:23.314331" level="INFO">${farm_id_int} = 6</msg>
<var>${farm_id_int}</var>
<arg>${farm_response.json()['id']}</arg>
<doc>Converts the given item to an integer number.</doc>
<status status="PASS" start="2026-05-31T08:27:23.310141" elapsed="0.004344"/>
</kw>
<kw name="Create Dictionary" owner="BuiltIn">
<msg time="2026-05-31T08:27:23.323283" level="INFO">&amp;{record_data} = { id=0 | farm_id=6 | agricultural_area=100.0 | manure_storage_capacity=500.0 | year=2024 | has_derogation=True }</msg>
<var>&amp;{record_data}</var>
<arg>id=${0}</arg>
<arg>farm_id=${farm_id_int}</arg>
<arg>agricultural_area=${100.0}</arg>
<arg>manure_storage_capacity=${500.0}</arg>
<arg>year=${2024}</arg>
<arg>has_derogation=${True}</arg>
<doc>Creates and returns a dictionary based on the given ``items``.</doc>
<status status="PASS" start="2026-05-31T08:27:23.315268" elapsed="0.008184"/>
</kw>
<kw name="POST" owner="RequestsLibrary">
<msg time="2026-05-31T08:27:23.327795" level="DEBUG">Starting new HTTP connection (1): sward-warden-be:80</msg>
<msg time="2026-05-31T08:27:23.343594" level="DEBUG">http://sward-warden-be:80 "POST /sward/v0/farm_records HTTP/1.1" 200 174</msg>
<msg time="2026-05-31T08:27:23.344986" level="INFO">POST Request : url=http://sward-warden-be/sward/v0/farm_records 
 path_url=/sward/v0/farm_records 
[...]
<msg time="2026-05-31T08:27:58.898932" level="INFO">Returned active browser id. CURRENT</msg>
<msg time="2026-05-31T08:27:58.908694" level="INFO">Switching context to CURRENT in CURRENT</msg>
<msg time="2026-05-31T08:27:58.979576" level="INFO">Returned active context id: CURRENT</msg>
<msg time="2026-05-31T08:27:58.981747" level="INFO">Switching context to context=71c5271d-9685-4ded-90f2-1534cb566955 in CURRENT</msg>
<msg time="2026-05-31T08:27:59.010328" level="INFO">Successfully changed active context: context=71c5271d-9685-4ded-90f2-1534cb566955</msg>
<msg time="2026-05-31T08:27:59.811756" level="INFO">Successfully closed Context</msg>
<tag>BrowserControl</tag>
<tag>Setter</tag>
<doc>Closes a Context.</doc>
<status status="PASS" start="2026-05-31T08:27:58.880133" elapsed="0.932375"/>
</kw>
<kw name="Set Variable" owner="BuiltIn">
<msg time="2026-05-31T08:27:59.815497" level="INFO">${video_dir} = /tmp/reports/videos</msg>
<var>${video_dir}</var>
<arg>${OUTPUT_DIR}/videos</arg>
<doc>Returns the given values which can then be assigned to a variables.</doc>
<status status="PASS" start="2026-05-31T08:27:59.813223" elapsed="0.002617"/>
</kw>
<kw name="Run" owner="OperatingSystem">
<msg time="2026-05-31T08:27:59.818731" level="INFO">Running command 'ls -t "/tmp/reports/videos"/*.webm 2&gt;/dev/null | head -1'.</msg>
<msg time="2026-05-31T08:27:59.826549" level="INFO">${result} = /tmp/reports/videos/page@35de463b6df7958038e3633b4ba0bcd2.webm</msg>
<var>${result}</var>
<arg>ls -t "${video_dir}"/*.webm 2&gt;/dev/null | head -1</arg>
<doc>_This keyword is considered deprecated. Use the
[http://robotframework.org/robotframework/latest/libraries/Process.html|
Process] library instead._</doc>
<status status="PASS" start="2026-05-31T08:27:59.816555" elapsed="0.010172"/>
</kw>
<if>
<branch type="IF" condition="&quot;${result}&quot; != &quot;&quot;">
<kw name="Evaluate" owner="BuiltIn">
<msg time="2026-05-31T08:27:59.831141" level="INFO">${filename} = page@35de463b6df7958038e3633b4ba0bcd2.webm</msg>
<var>${filename}</var>
<arg>"${result}".split("/")[-1]</arg>
<doc>Evaluates the given expression in Python and returns the result.</doc>
<status status="PASS" start="2026-05-31T08:27:59.829255" elapsed="0.002337"/>
</kw>
<kw name="Log" owner="BuiltIn">
<msg time="2026-05-31T08:27:59.833754" level="INFO" html="true">&lt;video src="videos/page@35de463b6df7958038e3633b4ba0bcd2.webm" width="800" controls autoplay muted&gt;&lt;/video&gt;</msg>
<arg>&lt;video src="videos/${filename}" width="800" controls autoplay muted&gt;&lt;/video&gt;</arg>
<arg>html=True</arg>
<doc>Logs the given message with the given level.</doc>
<status status="PASS" start="2026-05-31T08:27:59.832254" elapsed="0.001720"/>
</kw>
<status status="PASS" start="2026-05-31T08:27:59.827444" elapsed="0.006763"/>
</branch>
<status status="PASS" start="2026-05-31T08:27:59.827273" elapsed="0.007115"/>
</if>
<kw name="Close Browser" owner="Browser">
<msg time="2026-05-31T08:27:59.953229" level="INFO">Closed all browsers</msg>
<arg>ALL</arg>
<tag>BrowserControl</tag>
<tag>Setter</tag>
<doc>Closes the current browser.</doc>
<status status="PASS" start="2026-05-31T08:27:59.834803" elapsed="0.121054"/>
</kw>
<doc>Close the browser context to finalize the video, then embed it in the log/report.</doc>
<status status="PASS" start="2026-05-31T08:27:58.877807" elapsed="1.079864"/>
</kw>
<doc>Test to navigate through dashboard, farm, field and profile.</doc>
<status status="PASS" start="2026-05-31T08:27:56.369161" elapsed="3.589421"/>
</test>
<status status="PASS" start="2026-05-31T08:27:56.333927" elapsed="3.667655"/>
</suite>
<suite id="s1-s1-s6" name="Test Profile" source="/tmp/robot-tests/tests/test_profile.robot">
<test id="s1-s1-s6-t1" name="Edit Profile" line="10">
<kw name="New Browser" owner="Browser">
<msg time="2026-05-31T08:28:00.108350" level="INFO">{"browser": "chromium", "headless": true, "chromiumSandbox": false, "devtools": false, "handleSIGHUP": true, "handleSIGINT": true, "handleSIGTERM": true, "slowMo": 0.0, "timeout": 30000.0, "tracesDir": "/tmp/reports/browser/traces/temp/4ae0cc68-c9da-45d3-bed5-f16fd8f63df4"}</msg>
<msg time="2026-05-31T08:28:00.310277" level="INFO">Successfully created browser with options: {"browser":"chromium","headless":true,"chromiumSandbox":false,"devtools":false,"handleSIGHUP":true,"handleSIGINT":true,"handleSIGTERM":true,"slowMo":0,"timeout":30000,"tracesDir":"/tmp/reports/browser/traces/temp/4ae0cc68-c9da-45d3-bed5-f16fd8f63df4"}</msg>
<arg>chromium</arg>
<arg>headless=True</arg>
<tag>BrowserControl</tag>
<tag>Setter</tag>
<doc>Create a new playwright Browser with specified options.</doc>
<status status="PASS" start="2026-05-31T08:28:00.105320" elapsed="0.205648"/>
</kw>
<kw name="New Context" owner="Browser">
<msg time="2026-05-31T08:28:00.319150" level="INFO">{
  "acceptDownloads": true,
  "bypassCSP": false,
  "forcedColors": "none",
  "ignoreHTTPSErrors": false,
  "javaScriptEnabled": true,
  "offline": false,
  "recordVideo": {
    "dir": "/tmp/reports/videos",
    "size": {
      "height": 720,
      "width": 1280
    }
  },
  "reducedMotion": "no-preference",
  "serviceWorkers": "allow",
  "viewport": {
    "height": 720,
    "width": 1280
  }
}</msg>
<msg time="2026-05-31T08:28:00.343361" level="INFO">Successfully created context. </msg>
<msg time="2026-05-31T08:28:00.343644" level="INFO">{'acceptDownloads': True, 'bypassCSP': False, 'forcedColors': 'none', 'ignoreHTTPSErrors': False, 'javaScriptEnabled': True, 'offline': False, 'recordVideo': {'dir': '/tmp/reports/videos', 'size': {'height': 720, 'width': 1280}}, 'reducedMotion': 'no-preference', 'serviceWorkers': 'allow', 'viewport': {'height': 720, 'width': 1280}}</msg>
<arg>recordVideo={"dir": "${OUTPUT_DIR}/videos"}</arg>
<tag>BrowserControl</tag>
<tag>Setter</tag>
<doc>Create a new BrowserContext with specified options.</doc>
<status status="PASS" start="2026-05-31T08:28:00.311796" elapsed="0.032141"/>
</kw>
<kw name="New Page" owner="Browser">
<msg time="2026-05-31T08:28:01.223936" level="INFO">Successfully initialized new page object and opened url: http://sw-pr-129.dev.k8s/profile</msg>
<msg time="2026-05-31T08:28:01.224943" level="INFO" html="true">&lt;/td&gt;&lt;/tr&gt;&lt;tr&gt;&lt;td colspan="3"&gt;&lt;video width="1280" height="720" controls&gt;&lt;source src="videos/page%4038ca33928a77bb11ef582d9fafdd9c2d.webm" type="video/webm"&gt;&lt;/video&gt;</msg>
<arg>${EXTERNAL_DNS_URL}/profile</arg>
<tag>BrowserControl</tag>
<tag>Setter</tag>
<doc>Open a new Page.</doc>
<status status="PASS" start="2026-05-31T08:28:00.344657" elapsed="0.880961"/>
</kw>
<kw name="Get Url" owner="Browser">
<msg time="2026-05-31T08:28:01.237448" level="DEBUG">http://sw-pr-129.dev.k8s/profile</msg>
<msg time="2026-05-31T08:28:01.237816" level="DEBUG">Assertion polling statistics:
First element asserted in: 0.008113861083984375 seconds
Total tries: 1
Elapsed time in retries 0.0 seconds</msg>
<arg>==</arg>
<arg>${EXTERNAL_DNS_URL}/profile</arg>
<tag>Assertion</tag>
<tag>Getter</tag>
<tag>PageContent</tag>
<doc>Returns the current URL.</doc>
<status status="PASS" start="2026-05-31T08:28:01.226356" elapsed="0.011800"/>
</kw>
<kw name="Wait For Elements State" owner="Browser">
<msg time="2026-05-31T08:28:02.217635" level="INFO">Waited for Element with selector id=edit-name at state visible</msg>
<arg>id=edit-name</arg>
<arg>visible</arg>
<tag>PageContent</tag>
<tag>Wait</tag>
<doc>Waits for the element found by ``selector`` to satisfy state option.</doc>
<status status="PASS" start="2026-05-31T08:28:01.238978" elapsed="0.979632"/>
</kw>
<kw name="Sleep" owner="BuiltIn">
<msg time="2026-05-31T08:28:04.223748" level="INFO">Slept 2 seconds.</msg>
<arg>2s</arg>
<doc>Pauses the test executed for the given time.</doc>
<status status="PASS" start="2026-05-31T08:28:02.219935" elapsed="2.004162"/>
</kw>
<kw name="Fill Text" owner="Browser">
<msg time="2026-05-31T08:28:04.226456" level="INFO">Fills the text 'Test Name' in the given field.</msg>
<msg time="2026-05-31T08:28:04.352002" level="DEBUG">Fill text Test Name on id=edit-name with force: false</msg>
<arg>id=edit-name</arg>
<arg>Test Name</arg>
<tag>PageContent</tag>
<tag>Setter</tag>
<doc>Clears and fills the given ``txt`` into the text field found by ``selector``.</doc>
<status status="PASS" start="2026-05-31T08:28:04.224658" elapsed="0.128067"/>
</kw>
<kw name="Fill Text" owner="Browser">
<msg time="2026-05-31T08:28:04.359954" level="INFO">Fills the text 'test@test.com' in the given field.</msg>
<msg time="2026-05-31T08:28:04.439827" level="DEBUG">Fill text test@test.com on id=edit-email with force: false</msg>
<arg>id=edit-email</arg>
<arg>test@test.com</arg>
<tag>PageContent</tag>
<tag>Setter</tag>
<doc>Clears and fills the given ``txt`` into the text field found by ``selector``.</doc>
<status status="PASS" start="2026-05-31T08:28:04.354483" elapsed="0.085887"/>
</kw>
<kw name="Fill Text" owner="Browser">
<msg time="2026-05-31T08:28:04.442749" level="INFO">Fills the text '+44 7700 900077' in the given field.</msg>
<msg time="2026-05-31T08:28:04.487026" level="DEBUG">Fill text +44 7700 900077 on id=edit-phone with force: false</msg>
<arg>id=edit-phone</arg>
<arg>+44 7700 900077</arg>
<tag>PageContent</tag>
<tag>Setter</tag>
<doc>Clears and fills the given ``txt`` into the text field found by ``selector``.</doc>
<status status="PASS" start="2026-05-31T08:28:04.440994" elapsed="0.046718"/>
</kw>
<kw name="Fill Text" owner="Browser">
<msg time="2026-05-31T08:28:04.490187" level="INFO">Fills the text 'This is a test description' in the given field.</msg>
<msg time="2026-05-31T08:28:04.541322" level="DEBUG">Fill text This is a test description on id=edit-description with force: false</msg>
<arg>id=edit-description</arg>
<arg>This is a test description</arg>
<tag>PageContent</tag>
<tag>Setter</tag>
<doc>Clears and fills the given ``txt`` into the text field found by ``selector``.</doc>
<status status="PASS" start="2026-05-31T08:28:04.488358" elapsed="0.054252"/>
</kw>
<kw name="Click With Options" owner="Browser">
<msg time="2026-05-31T08:28:04.558480" level="INFO">Clicks the element 'text=Save Changes'.</msg>
<msg time="2026-05-31T08:28:04.562112" level="DEBUG">Click options are: {"button": "left", "clickCount": 1, "force": true, "noWaitAfter": false, "trial": false}</msg>
<msg time="2026-05-31T08:28:04.756238" level="DEBUG">Clicked element: 'text=Save Changes' with options: '{"button": "left", "clickCount": 1, "force": true, "noWaitAfter": false, "trial": false}' successfully.</msg>
<arg>text=Save Changes</arg>
<arg>button=left</arg>
<arg>force=${True}</arg>
<tag>PageContent</tag>
<tag>Setter</tag>
<doc>Simulates mouse click on the element found by ``selector``.</doc>
<status status="PASS" start="2026-05-31T08:28:04.546542" elapsed="0.210700"/>
</kw>
<kw name="Sleep" owner="BuiltIn">
<msg time="2026-05-31T08:28:05.766597" level="INFO">Slept 1 second.</msg>
<arg>1s</arg>
<doc>Pauses the test executed for the given time.</doc>
<status status="PASS" start="2026-05-31T08:28:04.763677" elapsed="1.003316"/>
</kw>
<kw name="Reload" owner="Browser">
<msg time="2026-05-31T08:28:06.096596" level="INFO">Reloaded page with options: {"waitUntil": "load"}</msg>
<tag>BrowserControl</tag>
<tag>Setter</tag>
<doc>Reloads current active page.</doc>
<status status="PASS" start="2026-05-31T08:28:05.767718" elapsed="0.329819"/>
</kw>
<kw name="Wait For Elements State" owner="Browser">
<msg time="2026-05-31T08:28:06.723891" level="INFO">Waited for Element with selector id=edit-name at state visible</msg>
<arg>id=edit-name</arg>
<arg>visible</arg>
<tag>PageContent</tag>
<tag>Wait</tag>
<doc>Waits for the element found by ``selector`` to satisfy state option.</doc>
<status status="PASS" start="2026-05-31T08:28:06.098510" elapsed="0.630023"/>
</kw>
<kw name="Sleep" owner="BuiltIn">
<msg time="2026-05-31T08:28:08.731272" level="INFO">Slept 2 seconds.</msg>
<arg>2s</arg>
<doc>Pauses the test executed for the given time.</doc>
<status status="PASS" start="2026-05-31T08:28:06.729354" elapsed="2.002519"/>
</kw>
<kw name="Get Property" owner="Browser">
<msg time="2026-05-31T08:28:08.909071" level="DEBUG">Property received successfully.</msg>
<msg time="2026-05-31T08:28:08.909353" level="INFO">Property: 'Test Name'</msg>
<msg time="2026-05-31T08:28:08.909610" level="DEBUG">Assertion polling statistics:
First element asserted in: 0.1728222370147705 seconds
Total tries: 1
Elapsed time in retries 0.0 seconds</msg>
<arg>id=edit-name</arg>
<arg>value</arg>
<arg>==</arg>
<arg>Test Name</arg>
<tag>Assertion</tag>
<tag>Getter</tag>
<tag>PageContent</tag>
<doc>Returns the ``property`` of the element found by ``selector``.</doc>
<status status="PASS" start="2026-05-31T08:28:08.732918" elapsed="0.176992"/>
</kw>
<kw name="Get Property" owner="Browser">
<msg time="2026-05-31T08:28:08.978436" level="DEBUG">Property received successfully.</msg>
<msg time="2026-05-31T08:28:08.978683" level="INFO">Property: 'test@test.com'</msg>
<msg time="2026-05-31T08:28:08.978876" level="DEBUG">Assertion polling statistics:
First element asserted in: 0.06516194343566895 seconds
Total tries: 1
Elapsed time in retries 0.0 seconds</msg>
<arg>id=edit-email</arg>
<arg>value</arg>
<arg>==</arg>
<arg>test@test.com</arg>
<tag>Assertion</tag>
<tag>Getter</tag>
<tag>PageContent</tag>
<doc>Returns the ``property`` of the element found by ``selector``.</doc>
<status status="PASS" start="2026-05-31T08:28:08.910853" elapsed="0.068379"/>
</kw>
<kw name="Get Property" owner="Browser">
<msg time="2026-05-31T08:28:09.017158" level="DEBUG">Property received successfully.</msg>
<msg time="2026-05-31T08:28:09.017391" level="INFO">Property: '+44 7700 900077'</msg>
<msg time="2026-05-31T08:28:09.017581" level="DEBUG">Assertion polling statistics:
First element asserted in: 0.03527688980102539 seconds
Total tries: 1
Elapsed time in retries 0.0 seconds</msg>
<arg>id=edit-phone</arg>
<arg>value</arg>
<arg>==</arg>
<arg>+44 7700 900077</arg>
<tag>Assertion</tag>
<tag>Getter</tag>
<tag>PageContent</tag>
<doc>Returns the ``property`` of the element found by ``selector``.</doc>
<status status="PASS" start="2026-05-31T08:28:08.979997" elapsed="0.037821"/>
</kw>
<kw name="Get Property" owner="Browser">
<msg time="2026-05-31T08:28:09.065296" level="DEBUG">Property received successfully.</msg>
<msg time="2026-05-31T08:28:09.065569" level="INFO">Property: 'This is a test description'</msg>
<msg time="2026-05-31T08:28:09.065771" level="DEBUG">Assertion polling statistics:
First element asserted in: 0.04471611976623535 seconds
Total tries: 1
Elapsed time in retries 0.0 seconds</msg>
<arg>id=edit-description</arg>
<arg>value</arg>
<arg>==</arg>
<arg>This is a test description</arg>
<tag>Assertion</tag>
<tag>Getter</tag>
<tag>PageContent</tag>
<doc>Returns the ``property`` of the element found by ``selector``.</doc>
<status status="PASS" start="2026-05-31T08:28:09.018544" elapsed="0.047467"/>
</kw>
<kw name="Teardown With Video" owner="video_resource" type="TEARDOWN">
<kw name="Close Context" owner="Browser">
<msg time="2026-05-31T08:28:09.077804" level="INFO">Switching browser to CURRENT</msg>
<msg time="2026-05-31T08:28:09.086346" level="INFO">Returned active browser id. CURRENT</msg>
<msg time="2026-05-31T08:28:09.097352" level="INFO">Switching context to CURRENT in CURRENT</msg>
<msg time="2026-05-31T08:28:09.116003" level="INFO">Returned active context id: CURRENT</msg>
<msg time="2026-05-31T08:28:09.117862" level="INFO">Switching context to context=2959c222-1905-4dc5-836f-0c52b1799cd7 in CURRENT</msg>
<msg time="2026-05-31T08:28:09.135659" level="INFO">Successfully changed active context: context=2959c222-1905-4dc5-836f-0c52b1799cd7</msg>
<msg time="2026-05-31T08:28:10.255770" level="INFO">Successfully closed Context</msg>
<tag>BrowserControl</tag>
<tag>Setter</tag>
<doc>Closes a Context.</doc>
<status status="PASS" start="2026-05-31T08:28:09.069160" elapsed="1.187307"/>
</kw>
<kw name="Set Variable" owner="BuiltIn">
<msg time="2026-05-31T08:28:10.258958" level="INFO">${video_dir} = /tmp/reports/videos</msg>
<var>${video_dir}</var>
<arg>${OUTPUT_DIR}/videos</arg>
<doc>Returns the given values which can then be assigned to a variables.</doc>
<status status="PASS" start="2026-05-31T08:28:10.257165" elapsed="0.002305"/>
</kw>
<kw name="Run" owner="OperatingSystem">
<msg time="2026-05-31T08:28:10.263990" level="INFO">Running command 'ls -t "/tmp/reports/videos"/*.webm 2&gt;/dev/null | head -1'.</msg>
<msg time="2026-05-31T08:28:10.272504" level="INFO">${result} = /tmp/reports/videos/page@38ca33928a77bb11ef582d9fafdd9c2d.webm</msg>
<var>${result}</var>
<arg>ls -t "${video_dir}"/*.webm 2&gt;/dev/null | head -1</arg>
<doc>_This keyword is considered deprecated. Use the
[http://robotframework.org/robotframework/latest/libraries/Process.html|
Process] library instead._</doc>
<status status="PASS" start="2026-05-31T08:28:10.260205" elapsed="0.012512"/>
</kw>
<if>
<branch type="IF" condition="&quot;${result}&quot; != &quot;&quot;">
<kw name="Evaluate" owner="BuiltIn">
<msg time="2026-05-31T08:28:10.277365" level="INFO">${filename} = page@38ca33928a77bb11ef582d9fafdd9c2d.webm</msg>
<var>${filename}</var>
<arg>"${result}".split("/")[-1]</arg>
<doc>Evaluates the given expression in Python and returns the result.</doc>
<status status="PASS" start="2026-05-31T08:28:10.275232" elapsed="0.002283"/>
</kw>
<kw name="Log" owner="BuiltIn">
<msg time="2026-05-31T08:28:10.279744" level="INFO" html="true">&lt;video src="videos/page@38ca33928a77bb11ef582d9fafdd9c2d.webm" width="800" controls autoplay muted&gt;&lt;/video&gt;</msg>
<arg>&lt;video src="videos/${filename}" width="800" controls autoplay muted&gt;&lt;/video&gt;</arg>
<arg>html=True</arg>
<doc>Logs the given message with the given level.</doc>
<status status="PASS" start="2026-05-31T08:28:10.278170" elapsed="0.001827"/>
</kw>
<status status="PASS" start="2026-05-31T08:28:10.273406" elapsed="0.006841"/>
</branch>
<status status="PASS" start="2026-05-31T08:28:10.273221" elapsed="0.007224"/>
</if>
<kw name="Close Browser" owner="Browser">
<msg time="2026-05-31T08:28:10.395556" level="INFO">Closed all browsers</msg>
<arg>ALL</arg>
<tag>BrowserControl</tag>
<tag>Setter</tag>
<doc>Closes the current browser.</doc>
<status status="PASS" start="2026-05-31T08:28:10.280856" elapsed="0.115671"/>
</kw>
<doc>Close the browser context to finalize the video, then embed it in the log/report.</doc>
<status status="PASS" start="2026-05-31T08:28:09.067520" elapsed="1.329718"/>
</kw>
<doc>Test to navigate to profile page, edit the profile, and verify the changes.</doc>
<status status="PASS" start="2026-05-31T08:28:00.087594" elapsed="10.310080"/>
</test>
<status status="PASS" start="2026-05-31T08:28:00.037330" elapsed="10.402082"/>
</suite>
<status status="PASS" start="2026-05-31T08:27:21.782151" elapsed="48.684137"/>
</suite>
<status status="PASS" start="2026-05-31T08:27:21.636723" elapsed="48.832620"/>
</suite>
<statistics>
<total>
<stat pass="21" fail="0" skip="0">All Tests</stat>
</total>
<tag>
<stat pass="1" fail="0" skip="0">k8s_only</stat>
</tag>
<suite>
<stat name="Robot-Tests" id="s1" pass="21" fail="0" skip="0">Robot-Tests</stat>
<stat name="Tests" id="s1-s1" pass="21" fail="0" skip="0">Robot-Tests.Tests</stat>
<stat name="Test Be" id="s1-s1-s1" pass="16" fail="0" skip="0">Robot-Tests.Tests.Test Be</stat>
<stat name="Test External Dns" id="s1-s1-s2" pass="1" fail="0" skip="0">Robot-Tests.Tests.Test External Dns</stat>
<stat name="Test Farm Flow" id="s1-s1-s3" pass="1" fail="0" skip="0">Robot-Tests.Tests.Test Farm Flow</stat>
<stat name="Test Fe" id="s1-s1-s4" pass="1" fail="0" skip="0">Robot-Tests.Tests.Test Fe</stat>
<stat name="Test Navigation" id="s1-s1-s5" pass="1" fail="0" skip="0">Robot-Tests.Tests.Test Navigation</stat>
<stat name="Test Profile" id="s1-s1-s6" pass="1" fail="0" skip="0">Robot-Tests.Tests.Test Profile</stat>
</suite>
</statistics>
<errors>
</errors>
</robot>
