<?xml version="1.0" encoding="UTF-8"?>
<robot generator="Robot 7.4.2 (Python 3.14.5 on linux)" generated="2026-06-06T11:39:43.419630" rpa="false" schemaversion="5">
<suite id="s1" name="Robot-Tests" source="/tmp/robot-tests">
<suite id="s1-s1" name="Tests" source="/tmp/robot-tests/tests">
<suite id="s1-s1-s1" name="Test Be" source="/tmp/robot-tests/tests/test_be.robot">
<test id="s1-s1-s1-t1" name="Be Health Check" line="9">
<kw name="Skip If" owner="BuiltIn">
<arg>'${BE_POD_IP}' == '${EMPTY}'</arg>
<arg>BE_POD_IP is empty</arg>
<doc>Skips the rest of the current test if the ``condition`` is True.</doc>
<status status="PASS" start="2026-06-06T11:39:44.043677" elapsed="0.004246"/>
</kw>
<kw name="GET" owner="RequestsLibrary">
<msg time="2026-06-06T11:39:44.056114" level="DEBUG">Starting new HTTP connection (1): 10.244.8.165:8079</msg>
<msg time="2026-06-06T11:39:44.078869" level="DEBUG">http://10.244.8.165:8079 "GET /hams/alive HTTP/1.1" 200 29</msg>
<msg time="2026-06-06T11:39:44.081013" level="INFO">GET Request : url=http://10.244.8.165:8079/hams/alive 
 path_url=/hams/alive 
 headers={'User-Agent': 'python-requests/2.34.2', 'Accept-Encoding': 'gzip, deflate, zstd', 'Accept': '*/*', 'Connection': 'keep-alive'} 
 body=None 
 </msg>
<msg time="2026-06-06T11:39:44.081777" level="INFO">GET Response : url=http://10.244.8.165:8079/hams/alive 
 status=200, reason=OK 
 headers={'content-type': 'application/json', 'content-length': '29', 'date': 'Sat, 06 Jun 2026 11:39:44 GMT', 'x-envoy-upstream-service-time': '1', 'server': 'istio-envoy', 'x-envoy-decorator-operation': ':0/*'} 
 body={"name":"alive","valid":true} 
 </msg>
<msg time="2026-06-06T11:39:44.082726" level="INFO">${response} = &lt;Response [200]&gt;</msg>
<var>${response}</var>
<arg>http://${BE_POD_IP}:8079/hams/alive</arg>
<arg>expected_status=200</arg>
<doc>Sends a GET request.</doc>
<status status="PASS" start="2026-06-06T11:39:44.048531" elapsed="0.034402"/>
</kw>
<kw name="Log" owner="BuiltIn">
<msg time="2026-06-06T11:39:44.086588" level="INFO">Health Response: {"name":"alive","valid":true}</msg>
<arg>Health Response: ${response.content}</arg>
<doc>Logs the given message with the given level.</doc>
<status status="PASS" start="2026-06-06T11:39:44.083559" elapsed="0.003254"/>
</kw>
<doc>Test to verify the be health endpoint is responding directly on the pod IP.</doc>
<status status="PASS" start="2026-06-06T11:39:44.033115" elapsed="0.054199"/>
</test>
<test id="s1-s1-s1-t2" name="Be API Hello Check" line="15">
<kw name="GET" owner="RequestsLibrary">
<msg time="2026-06-06T11:39:44.093679" level="DEBUG">Starting new HTTP connection (1): sward-warden-be:80</msg>
<msg time="2026-06-06T11:39:44.183648" level="DEBUG">http://sward-warden-be:80 "GET /sward/v0/hello HTTP/1.1" 200 19</msg>
<msg time="2026-06-06T11:39:44.184643" level="INFO">GET Request : url=http://sward-warden-be/sward/v0/hello 
 path_url=/sward/v0/hello 
 headers={'User-Agent': 'python-requests/2.34.2', 'Accept-Encoding': 'gzip, deflate, zstd', 'Accept': '*/*', 'Connection': 'keep-alive'} 
 body=None 
 </msg>
<msg time="2026-06-06T11:39:44.184928" level="INFO">GET Response : url=http://sward-warden-be/sward/v0/hello 
 status=200, reason=OK 
 headers={'content-type': 'application/json', 'vary': 'origin, access-control-request-method, access-control-request-headers', 'content-length': '19', 'date': 'Sat, 06 Jun 2026 11:39:44 GMT', 'x-envoy-upstream-service-time': '65', 'server': 'envoy'} 
 body={"message":"hello"} 
 </msg>
<msg time="2026-06-06T11:39:44.185467" level="INFO">${response} = &lt;Response [200]&gt;</msg>
<var>${response}</var>
<arg>${BE_BASE_URL}/v0/hello</arg>
<arg>expected_status=200</arg>
<doc>Sends a GET request.</doc>
<status status="PASS" start="2026-06-06T11:39:44.090224" elapsed="0.095375"/>
</kw>
<kw name="Log" owner="BuiltIn">
<msg time="2026-06-06T11:39:44.188326" level="INFO">API Response: {"message":"hello"}</msg>
<arg>API Response: ${response.content}</arg>
<doc>Logs the given message with the given level.</doc>
<status status="PASS" start="2026-06-06T11:39:44.186042" elapsed="0.002485"/>
</kw>
<kw name="Should Be Equal As Strings" owner="BuiltIn">
<msg time="2026-06-06T11:39:44.190855" level="DEBUG">Argument types are:
&lt;class 'str'&gt;
&lt;class 'str'&gt;</msg>
<arg>${response.json()['message']}</arg>
<arg>hello</arg>
<doc>Fails if objects are unequal after converting them to strings.</doc>
<status status="PASS" start="2026-06-06T11:39:44.188944" elapsed="0.002131"/>
</kw>
<doc>Test to verify the be API hello endpoint via the Service (default port 80).</doc>
<status status="PASS" start="2026-06-06T11:39:44.088387" elapsed="0.103084"/>
</test>
<test id="s1-s1-s1-t3" name="Be API Hello Check via Pod" line="21">
<kw name="Skip If" owner="BuiltIn">
<arg>'${BE_POD_IP}' == '${EMPTY}'</arg>
<arg>BE_POD_IP is empty</arg>
<doc>Skips the rest of the current test if the ``condition`` is True.</doc>
<status status="PASS" start="2026-06-06T11:39:44.193987" elapsed="0.001767"/>
</kw>
<kw name="GET" owner="RequestsLibrary">
<msg time="2026-06-06T11:39:44.199042" level="DEBUG">Starting new HTTP connection (1): 10.244.8.165:8080</msg>
<msg time="2026-06-06T11:39:44.250667" level="DEBUG">http://10.244.8.165:8080 "GET /hello HTTP/1.1" 200 19</msg>
<msg time="2026-06-06T11:39:44.252257" level="INFO">GET Request : url=http://10.244.8.165:8080/hello 
 path_url=/hello 
 headers={'User-Agent': 'python-requests/2.34.2', 'Accept-Encoding': 'gzip, deflate, zstd', 'Accept': '*/*', 'Connection': 'keep-alive'} 
 body=None 
 </msg>
<msg time="2026-06-06T11:39:44.252657" level="INFO">GET Response : url=http://10.244.8.165:8080/hello 
 status=200, reason=OK 
 headers={'content-type': 'application/json', 'vary': 'origin, access-control-request-method, access-control-request-headers', 'content-length': '19', 'date': 'Sat, 06 Jun 2026 11:39:44 GMT', 'x-envoy-upstream-service-time': '25', 'server': 'envoy'} 
 body={"message":"hello"} 
 </msg>
<msg time="2026-06-06T11:39:44.253328" level="INFO">${response} = &lt;Response [200]&gt;</msg>
<var>${response}</var>
<arg>http://${BE_POD_IP}:8080/hello</arg>
<arg>expected_status=200</arg>
<doc>Sends a GET request.</doc>
<status status="PASS" start="2026-06-06T11:39:44.196287" elapsed="0.057212"/>
</kw>
<kw name="Log" owner="BuiltIn">
<msg time="2026-06-06T11:39:44.258478" level="INFO">API Response: {"message":"hello"}</msg>
<arg>API Response: ${response.content}</arg>
<doc>Logs the given message with the given level.</doc>
<status status="PASS" start="2026-06-06T11:39:44.254219" elapsed="0.004601"/>
</kw>
<kw name="Should Be Equal As Strings" owner="BuiltIn">
<msg time="2026-06-06T11:39:44.262482" level="DEBUG">Argument types are:
&lt;class 'str'&gt;
&lt;class 'str'&gt;</msg>
<arg>${response.json()['message']}</arg>
<arg>hello</arg>
<doc>Fails if objects are unequal after converting them to strings.</doc>
<status status="PASS" start="2026-06-06T11:39:44.259378" elapsed="0.003469"/>
</kw>
<doc>Test to verify the be API hello endpoint directly on the pod IP (port 8080).</doc>
<status status="PASS" start="2026-06-06T11:39:44.192462" elapsed="0.070871"/>
</test>
<test id="s1-s1-s1-t4" name="Be API Prefixed Hello Check" line="28">
<kw name="GET" owner="RequestsLibrary">
<msg time="2026-06-06T11:39:44.269448" level="DEBUG">Starting new HTTP connection (1): sward-warden-be:80</msg>
<msg time="2026-06-06T11:39:44.332902" level="DEBUG">http://sward-warden-be:80 "GET /sward/v0/hello HTTP/1.1" 200 19</msg>
<msg time="2026-06-06T11:39:44.334128" level="INFO">GET Request : url=http://sward-warden-be/sward/v0/hello 
 path_url=/sward/v0/hello 
 headers={'User-Agent': 'python-requests/2.34.2', 'Accept-Encoding': 'gzip, deflate, zstd', 'Accept': '*/*', 'Connection': 'keep-alive'} 
 body=None 
 </msg>
<msg time="2026-06-06T11:39:44.334457" level="INFO">GET Response : url=http://sward-warden-be/sward/v0/hello 
 status=200, reason=OK 
 headers={'content-type': 'application/json', 'vary': 'origin, access-control-request-method, access-control-request-headers', 'content-length': '19', 'date': 'Sat, 06 Jun 2026 11:39:44 GMT', 'x-envoy-upstream-service-time': '34', 'server': 'envoy'} 
 body={"message":"hello"} 
 </msg>
<msg time="2026-06-06T11:39:44.335154" level="INFO">${response} = &lt;Response [200]&gt;</msg>
<var>${response}</var>
<arg>${BE_BASE_URL}/v0/hello</arg>
<arg>expected_status=200</arg>
<doc>Sends a GET request.</doc>
<status status="PASS" start="2026-06-06T11:39:44.266177" elapsed="0.069134"/>
</kw>
<kw name="Log" owner="BuiltIn">
<msg time="2026-06-06T11:39:44.338947" level="INFO">API Response: {"message":"hello"}</msg>
<arg>API Response: ${response.content}</arg>
<doc>Logs the given message with the given level.</doc>
<status status="PASS" start="2026-06-06T11:39:44.335937" elapsed="0.003343"/>
</kw>
<kw name="Should Be Equal As Strings" owner="BuiltIn">
<msg time="2026-06-06T11:39:44.343134" level="DEBUG">Argument types are:
&lt;class 'str'&gt;
&lt;class 'str'&gt;</msg>
<arg>${response.json()['message']}</arg>
<arg>hello</arg>
<doc>Fails if objects are unequal after converting them to strings.</doc>
<status status="PASS" start="2026-06-06T11:39:44.339905" elapsed="0.003668"/>
</kw>
<doc>Test to verify the be API hello endpoint with prefix.</doc>
<status status="PASS" start="2026-06-06T11:39:44.264468" elapsed="0.080352"/>
</test>
<test id="s1-s1-s1-t5" name="Users BREAD Operations" line="35">
<kw name="Evaluate" owner="BuiltIn">
<msg time="2026-06-06T11:39:44.351177" level="INFO">${random_str} = 8015</msg>
<var>${random_str}</var>
<arg>str(random.randint(1000, 9999))</arg>
<arg>modules=random</arg>
<doc>Evaluates the given expression in Python and returns the result.</doc>
<status status="PASS" start="2026-06-06T11:39:44.349189" elapsed="0.002137"/>
</kw>
<kw name="Create Dictionary" owner="BuiltIn">
<msg time="2026-06-06T11:39:44.357803" level="INFO">&amp;{user_data} = { id=0 | name=Test User | email=test_8015@example.com | role=user }</msg>
<var>&amp;{user_data}</var>
<arg>id=${0}</arg>
<arg>name=Test User</arg>
<arg>email=test_${random_str}@example.com</arg>
<arg>role=user</arg>
<doc>Creates and returns a dictionary based on the given ``items``.</doc>
<status status="PASS" start="2026-06-06T11:39:44.352240" elapsed="0.005813"/>
</kw>
<kw name="POST" owner="RequestsLibrary">
<msg time="2026-06-06T11:39:44.366377" level="DEBUG">Starting new HTTP connection (1): sward-warden-be:80</msg>
<msg time="2026-06-06T11:39:44.401843" level="DEBUG">http://sward-warden-be:80 "POST /sward/v0/users HTTP/1.1" 200 105</msg>
<msg time="2026-06-06T11:39:44.403162" level="INFO">POST Request : url=http://sward-warden-be/sward/v0/users 
 path_url=/sward/v0/users 
 headers={'User-Agent': 'python-requests/2.34.2', 'Accept-Encoding': 'gzip, deflate, zstd', 'Accept': '*/*', 'Connection': 'keep-alive', 'Content-Length': '80', 'Content-Type': 'application/json'} 
 body=b'{"id": 0, "name": "Test User", "email": "test_8015@example.com", "role": "user"}' 
 </msg>
<msg time="2026-06-06T11:39:44.403520" level="INFO">POST Response : url=http://sward-warden-be/sward/v0/users 
 status=200, reason=OK 
 headers={'content-type': 'application/json', 'vary': 'origin, access-control-request-method, access-control-request-headers', 'content-length': '105', 'date': 'Sat, 06 Jun 2026 11:39:44 GMT', 'x-envoy-upstream-service-time': '27', 'server': 'envoy'} 
 body={"id":1,"name":"Test User","email":"test_8015@example.com","role":"user","phone":null,"description":null} 
 </msg>
<msg time="2026-06-06T11:39:44.404267" level="INFO">${create_response} = &lt;Response [200]&gt;</msg>
<var>${create_response}</var>
<arg>${BE_BASE_URL}/v0/users</arg>
<arg>json=${user_data}</arg>
<arg>expected_status=200</arg>
<doc>Sends a POST request.</doc>
<status status="PASS" start="2026-06-06T11:39:44.360311" elapsed="0.044148"/>
</kw>
<kw name="Log" owner="BuiltIn">
<msg time="2026-06-06T11:39:44.407599" level="INFO">Create User Response: {"id":1,"name":"Test User","email":"test_8015@example.com","role":"user","phone":null,"description":null}</msg>
<arg>Create User Response: ${create_response.content}</arg>
<doc>Logs the given message with the given level.</doc>
<status status="PASS" start="2026-06-06T11:39:44.405088" elapsed="0.002989"/>
</kw>
<kw name="Convert To String" owner="BuiltIn">
<msg time="2026-06-06T11:39:44.411755" level="DEBUG">Argument types are:
&lt;class 'int'&gt;</msg>
<msg time="2026-06-06T11:39:44.412518" level="INFO">${user_id} = 1</msg>
<var>${user_id}</var>
<arg>${create_response.json()['id']}</arg>
<doc>Converts the given item to a Unicode string.</doc>
<status status="PASS" start="2026-06-06T11:39:44.408667" elapsed="0.004010"/>
</kw>
<kw name="Should Not Be Empty" owner="BuiltIn">
<msg time="2026-06-06T11:39:44.415529" level="INFO">Length is 1.</msg>
<arg>${user_id}</arg>
<doc>Verifies that the given item is not empty.</doc>
<status status="PASS" start="2026-06-06T11:39:44.413203" elapsed="0.002729"/>
</kw>
<kw name="Should Be Equal As Strings" owner="BuiltIn">
<msg time="2026-06-06T11:39:44.419208" level="DEBUG">Argument types are:
&lt;class 'str'&gt;
&lt;class 'str'&gt;</msg>
<arg>${create_response.json()['name']}</arg>
<arg>Test User</arg>
<doc>Fails if objects are unequal after converting them to strings.</doc>
<status status="PASS" start="2026-06-06T11:39:44.416523" elapsed="0.003012"/>
</kw>
<kw name="Should Be Equal As Strings" owner="BuiltIn">
<msg time="2026-06-06T11:39:44.423712" level="DEBUG">Argument types are:
&lt;class 'str'&gt;
&lt;class 'str'&gt;</msg>
<arg>${create_response.json()['email']}</arg>
<arg>test_${random_str}@example.com</arg>
<doc>Fails if objects are unequal after converting them to strings.</doc>
<status status="PASS" start="2026-06-06T11:39:44.420156" elapsed="0.004213"/>
</kw>
<kw name="GET" owner="RequestsLibrary">
<msg time="2026-06-06T11:39:44.428887" level="DEBUG">Starting new HTTP connection (1): sward-warden-be:80</msg>
<msg time="2026-06-06T11:39:44.461467" level="DEBUG">http://sward-warden-be:80 "GET /sward/v0/users HTTP/1.1" 200 107</msg>
<msg time="2026-06-06T11:39:44.462547" level="INFO">GET Request : url=http://sward-warden-be/sward/v0/users 
 path_url=/sward/v0/users 
 headers={'User-Agent': 'python-requests/2.34.2', 'Accept-Encoding': 'gzip, deflate, zstd', 'Accept': '*/*', 'Connection': 'keep-alive'} 
 body=None 
 </msg>
<msg time="2026-06-06T11:39:44.462924" level="INFO">GET Response : url=http://sward-warden-be/sward/v0/users 
 status=200, reason=OK 
 headers={'content-type': 'application/json', 'vary': 'origin, access-control-request-method, access-control-request-headers', 'content-length': '107', 'date': 'Sat, 06 Jun 2026 11:39:44 GMT', 'x-envoy-upstream-service-time': '22', 'server': 'envoy'} 
 body=[{"id":1,"name":"Test User","email":"test_8015@example.com","role":"user","phone":null,"description":null}] 
 </msg>
<msg time="2026-06-06T11:39:44.463567" level="INFO">${list_response} = &lt;Response [200]&gt;</msg>
<var>${list_response}</var>
<arg>${BE_BASE_URL}/v0/users</arg>
<arg>expected_status=200</arg>
<doc>Sends a GET request.</doc>
<status status="PASS" start="2026-06-06T11:39:44.425033" elapsed="0.038862"/>
</kw>
<kw name="Log" owner="BuiltIn">
<msg time="2026-06-06T11:39:44.467596" level="INFO">List Users Response: [{"id":1,"name":"Test User","email":"test_8015@example.com","role":"user","phone":null,"description":null}]</msg>
<arg>List Users Response: ${list_response.content}</arg>
<doc>Logs the given message with the given level.</doc>
<status status="PASS" start="2026-06-06T11:39:44.464641" elapsed="0.003482"/>
</kw>
<kw name="Set Variable" owner="BuiltIn">
<msg time="2026-06-06T11:39:44.472078" level="INFO">${users} = [{'id': 1, 'name': 'Test User', 'email': 'test_8015@example.com', 'role': 'user', 'phone': None, 'description': None}]</msg>
<var>${users}</var>
<arg>${list_response.json()}</arg>
<doc>Returns the given values which can then be assigned to a variables.</doc>
<status status="PASS" start="2026-06-06T11:39:44.468755" elapsed="0.003523"/>
</kw>
<kw name="Should Not Be Empty" owner="BuiltIn">
<msg time="2026-06-06T11:39:44.474338" level="INFO">Length is 1.</msg>
<arg>${users}</arg>
<doc>Verifies that the given item is not empty.</doc>
<status status="PASS" start="2026-06-06T11:39:44.472815" elapsed="0.001745"/>
</kw>
<doc>Test BREAD operations for Users. Note: Read (by ID), Edit, and Delete are not implemented in the backend.</doc>
<status status="PASS" start="2026-06-06T11:39:44.346230" elapsed="0.128746"/>
</test>
<test id="s1-s1-s1-t6" name="Farms BREAD Operations" line="60">
<kw name="Create Dictionary" owner="BuiltIn">
<msg time="2026-06-06T11:39:44.483955" level="INFO">&amp;{farm_data} = { id=0 | name=Test Farm | location=123 Test Lane | has_derogation=True }</msg>
<var>&amp;{farm_data}</var>
<arg>id=${0}</arg>
<arg>name=Test Farm</arg>
<arg>location=123 Test Lane</arg>
<arg>has_derogation=${True}</arg>
<doc>Creates and returns a dictionary based on the given ``items``.</doc>
<status status="PASS" start="2026-06-06T11:39:44.479215" elapsed="0.004944"/>
</kw>
<kw name="POST" owner="RequestsLibrary">
<msg time="2026-06-06T11:39:44.488205" level="DEBUG">Starting new HTTP connection (1): sward-warden-be:80</msg>
<msg time="2026-06-06T11:39:44.508845" level="DEBUG">http://sward-warden-be:80 "POST /sward/v0/farms HTTP/1.1" 200 150</msg>
<msg time="2026-06-06T11:39:44.509644" level="INFO">POST Request : url=http://sward-warden-be/sward/v0/farms 
 path_url=/sward/v0/farms 
 headers={'User-Agent': 'python-requests/2.34.2', 'Accept-Encoding': 'gzip, deflate, zstd', 'Accept': '*/*', 'Connection': 'keep-alive', 'Content-Length': '83', 'Content-Type': 'application/json'} 
 body=b'{"id": 0, "name": "Test Farm", "location": "123 Test Lane", "has_derogation": true}' 
 </msg>
<msg time="2026-06-06T11:39:44.509816" level="INFO">POST Response : url=http://sward-warden-be/sward/v0/farms 
 status=200, reason=OK 
 headers={'content-type': 'application/json', 'vary': 'origin, access-control-request-method, access-control-request-headers', 'content-length': '150', 'date': 'Sat, 06 Jun 2026 11:39:44 GMT', 'x-envoy-upstream-service-time': '9', 'server': 'envoy'} 
 body={"id":1,"user_id":1,"name":"Test Farm","location":"123 Test Lane","has_derogation":true,"updated_at":"2026-06-06T11:39:44.486636Z","is_deleted":false} 
 </msg>
<msg time="2026-06-06T11:39:44.510176" level="INFO">${create_response} = &lt;Response [200]&gt;</msg>
<var>${create_response}</var>
<arg>${BE_BASE_URL}/v0/farms</arg>
<arg>json=${farm_data}</arg>
<arg>expected_status=200</arg>
<doc>Sends a POST request.</doc>
<status status="PASS" start="2026-06-06T11:39:44.484701" elapsed="0.025558"/>
</kw>
<kw name="Log" owner="BuiltIn">
<msg time="2026-06-06T11:39:44.513136" level="INFO">Create Farm Response: {"id":1,"user_id":1,"name":"Test Farm","location":"123 Test Lane","has_derogation":true,"updated_at":"2026-06-06T11:39:44.486636Z","is_deleted":false}</msg>
<arg>Create Farm Response: ${create_response.content}</arg>
<doc>Logs the given message with the given level.</doc>
<status status="PASS" start="2026-06-06T11:39:44.510722" elapsed="0.002615"/>
</kw>
<kw name="Convert To String" owner="BuiltIn">
<msg time="2026-06-06T11:39:44.515758" level="DEBUG">Argument types are:
&lt;class 'int'&gt;</msg>
<msg time="2026-06-06T11:39:44.516236" level="INFO">${farm_id} = 1</msg>
<var>${farm_id}</var>
<arg>${create_response.json()['id']}</arg>
<doc>Converts the given item to a Unicode string.</doc>
<status status="PASS" start="2026-06-06T11:39:44.513737" elapsed="0.002582"/>
</kw>
<kw name="Should Not Be Empty" owner="BuiltIn">
<msg time="2026-06-06T11:39:44.517794" level="INFO">Length is 1.</msg>
<arg>${farm_id}</arg>
<doc>Verifies that the given item is not empty.</doc>
<status status="PASS" start="2026-06-06T11:39:44.516718" elapsed="0.001240"/>
</kw>
<kw name="Should Be Equal As Strings" owner="BuiltIn">
<msg time="2026-06-06T11:39:44.520341" level="DEBUG">Argument types are:
&lt;class 'str'&gt;
&lt;class 'str'&gt;</msg>
<arg>${create_response.json()['name']}</arg>
<arg>Test Farm</arg>
<doc>Fails if objects are unequal after converting them to strings.</doc>
<status status="PASS" start="2026-06-06T11:39:44.518296" elapsed="0.002263"/>
</kw>
<kw name="Should Be Equal As Strings" owner="BuiltIn">
<msg time="2026-06-06T11:39:44.523119" level="DEBUG">Argument types are:
&lt;class 'str'&gt;
&lt;class 'str'&gt;</msg>
<arg>${create_response.json()['location']}</arg>
<arg>123 Test Lane</arg>
<doc>Fails if objects are unequal after converting them to strings.</doc>
<status status="PASS" start="2026-06-06T11:39:44.520941" elapsed="0.002480"/>
</kw>
<kw name="GET" owner="RequestsLibrary">
<msg time="2026-06-06T11:39:44.533716" level="DEBUG">Starting new HTTP connection (1): sward-warden-be:80</msg>
<msg time="2026-06-06T11:39:44.551273" level="DEBUG">http://sward-warden-be:80 "GET /sward/v0/farms HTTP/1.1" 200 152</msg>
<msg time="2026-06-06T11:39:44.552469" level="INFO">GET Request : url=http://sward-warden-be/sward/v0/farms 
 path_url=/sward/v0/farms 
 headers={'User-Agent': 'python-requests/2.34.2', 'Accept-Encoding': 'gzip, deflate, zstd', 'Accept': '*/*', 'Connection': 'keep-alive'} 
 body=None 
 </msg>
<msg time="2026-06-06T11:39:44.552702" level="INFO">GET Response : url=http://sward-warden-be/sward/v0/farms 
 status=200, reason=OK 
 headers={'content-type': 'application/json', 'vary': 'origin, access-control-request-method, access-control-request-headers', 'content-length': '152', 'date': 'Sat, 06 Jun 2026 11:39:44 GMT', 'x-envoy-upstream-service-time': '11', 'server': 'envoy'} 
 body=[{"id":1,"user_id":1,"name":"Test Farm","location":"123 Test Lane","has_derogation":true,"updated_at":"2026-06-06T11:39:44.486636Z","is_deleted":false}] 
 </msg>
<msg time="2026-06-06T11:39:44.553112" level="INFO">${list_response} = &lt;Response [200]&gt;</msg>
<var>${list_response}</var>
<arg>${BE_BASE_URL}/v0/farms</arg>
<arg>expected_status=200</arg>
<doc>Sends a GET request.</doc>
<status status="PASS" start="2026-06-06T11:39:44.524223" elapsed="0.029003"/>
</kw>
<kw name="Log" owner="BuiltIn">
<msg time="2026-06-06T11:39:44.556460" level="INFO">List Farms Response: [{"id":1,"user_id":1,"name":"Test Farm","location":"123 Test Lane","has_derogation":true,"updated_at":"2026-06-06T11:39:44.486636Z","is_deleted":false}]</msg>
<arg>List Farms Response: ${list_response.content}</arg>
<doc>Logs the given message with the given level.</doc>
<status status="PASS" start="2026-06-06T11:39:44.553777" elapsed="0.002906"/>
</kw>
<kw name="Set Variable" owner="BuiltIn">
<msg time="2026-06-06T11:39:44.559705" level="INFO">${farms} = [{'id': 1, 'user_id': 1, 'name': 'Test Farm', 'location': '123 Test Lane', 'has_derogation': True, 'updated_at': '2026-06-06T11:39:44.486636Z', 'is_deleted': False}]</msg>
<var>${farms}</var>
<arg>${list_response.json()}</arg>
<doc>Returns the given values which can then be assigned to a variables.</doc>
<status status="PASS" start="2026-06-06T11:39:44.557144" elapsed="0.002734"/>
</kw>
<kw name="Should Not Be Empty" owner="BuiltIn">
<msg time="2026-06-06T11:39:44.561433" level="INFO">Length is 1.</msg>
<arg>${farms}</arg>
<doc>Verifies that the given item is not empty.</doc>
<status status="PASS" start="2026-06-06T11:39:44.560309" elapsed="0.001303"/>
</kw>
<kw name="GET" owner="RequestsLibrary">
<msg time="2026-06-06T11:39:44.564990" level="DEBUG">Starting new HTTP connection (1): sward-warden-be:80</msg>
<msg time="2026-06-06T11:39:44.580703" level="DEBUG">http://sward-warden-be:80 "GET /sward/v0/farms/1 HTTP/1.1" 200 150</msg>
<msg time="2026-06-06T11:39:44.581607" level="INFO">GET Request : url=http://sward-warden-be/sward/v0/farms/1 
 path_url=/sward/v0/farms/1 
 headers={'User-Agent': 'python-requests/2.34.2', 'Accept-Encoding': 'gzip, deflate, zstd', 'Accept': '*/*', 'Connection': 'keep-alive'} 
 body=None 
 </msg>
<msg time="2026-06-06T11:39:44.581815" level="INFO">GET Response : url=http://sward-warden-be/sward/v0/farms/1 
 status=200, reason=OK 
 headers={'content-type': 'application/json', 'vary': 'origin, access-control-request-method, access-control-request-headers', 'content-length': '150', 'date': 'Sat, 06 Jun 2026 11:39:44 GMT', 'x-envoy-upstream-service-time': '6', 'server': 'envoy'} 
 body={"id":1,"user_id":1,"name":"Test Farm","location":"123 Test Lane","has_derogation":true,"updated_at":"2026-06-06T11:39:44.486636Z","is_deleted":false} 
 </msg>
<msg time="2026-06-06T11:39:44.582266" level="INFO">${get_response} = &lt;Response [200]&gt;</msg>
<var>${get_response}</var>
<arg>${BE_BASE_URL}/v0/farms/${farm_id}</arg>
<arg>expected_status=200</arg>
<doc>Sends a GET request.</doc>
<status status="PASS" start="2026-06-06T11:39:44.562000" elapsed="0.020379"/>
</kw>
<kw name="Log" owner="BuiltIn">
<msg time="2026-06-06T11:39:44.585594" level="INFO">Get Farm Response: {"id":1,"user_id":1,"name":"Test Farm","location":"123 Test Lane","has_derogation":true,"updated_at":"2026-06-06T11:39:44.486636Z","is_deleted":false}</msg>
<arg>Get Farm Response: ${get_response.content}</arg>
<doc>Logs the given message with the given level.</doc>
<status status="PASS" start="2026-06-06T11:39:44.582929" elapsed="0.002894"/>
</kw>
<kw name="Should Be Equal As Strings" owner="BuiltIn">
<msg time="2026-06-06T11:39:44.589179" level="DEBUG">Argument types are:
&lt;class 'str'&gt;
&lt;class 'str'&gt;</msg>
<arg>${get_response.json()['name']}</arg>
<arg>Test Farm</arg>
<doc>Fails if objects are unequal after converting them to strings.</doc>
<status status="PASS" start="2026-06-06T11:39:44.586324" elapsed="0.003175"/>
</kw>
<kw name="Create Dictionary" owner="BuiltIn">
<msg time="2026-06-06T11:39:44.592487" level="INFO">&amp;{edit_farm_data} = { name=Updated Farm Name | location=Updated Location | has_derogation=False }</msg>
<var>&amp;{edit_farm_data}</var>
<arg>name=Updated Farm Name</arg>
<arg>location=Updated Location</arg>
<arg>has_derogation=${False}</arg>
<doc>Creates and returns a dictionary based on the given ``items``.</doc>
<status status="PASS" start="2026-06-06T11:39:44.590073" elapsed="0.002584"/>
</kw>
<kw name="PUT" owner="RequestsLibrary">
<msg time="2026-06-06T11:39:44.596743" level="DEBUG">Starting new HTTP connection (1): sward-warden-be:80</msg>
<msg time="2026-06-06T11:39:44.612920" level="DEBUG">http://sward-warden-be:80 "PUT /sward/v0/farms/1 HTTP/1.1" 200 162</msg>
<msg time="2026-06-06T11:39:44.613986" level="INFO">PUT Request : url=http://sward-warden-be/sward/v0/farms/1 
 path_url=/sward/v0/farms/1 
 headers={'User-Agent': 'python-requests/2.34.2', 'Accept-Encoding': 'gzip, deflate, zstd', 'Accept': '*/*', 'Connection': 'keep-alive', 'Content-Length': '86', 'Content-Type': 'application/json'} 
 body=b'{"name": "Updated Farm Name", "location": "Updated Location", "has_derogation": false}' 
 </msg>
<msg time="2026-06-06T11:39:44.614220" level="INFO">PUT Response : url=http://sward-warden-be/sward/v0/farms/1 
 status=200, reason=OK 
 headers={'content-type': 'application/json', 'vary': 'origin, access-control-request-method, access-control-request-headers', 'content-length': '162', 'date': 'Sat, 06 Jun 2026 11:39:44 GMT', 'x-envoy-upstream-service-time': '9', 'server': 'envoy'} 
 body={"id":1,"user_id":1,"name":"Updated Farm Name","location":"Updated Location","has_derogation":false,"updated_at":"2026-06-06T11:39:44.589952Z","is_deleted":false} 
 </msg>
<msg time="2026-06-06T11:39:44.614684" level="INFO">${edit_response} = &lt;Response [200]&gt;</msg>
<var>${edit_response}</var>
<arg>${BE_BASE_URL}/v0/farms/${farm_id}</arg>
<arg>json=${edit_farm_data}</arg>
<arg>expected_status=200</arg>
<doc>Sends a PUT request.</doc>
<status status="PASS" start="2026-06-06T11:39:44.593171" elapsed="0.021642"/>
</kw>
<kw name="Log" owner="BuiltIn">
<msg time="2026-06-06T11:39:44.618563" level="INFO">Edit Farm Response: {"id":1,"user_id":1,"name":"Updated Farm Name","location":"Updated Location","has_derogation":false,"updated_at":"2026-06-06T11:39:44.589952Z","is_deleted":false}</msg>
<arg>Edit Farm Response: ${edit_response.content}</arg>
<doc>Logs the given message with the given level.</doc>
<status status="PASS" start="2026-06-06T11:39:44.615558" elapsed="0.003219"/>
</kw>
<kw name="Should Be Equal As Strings" owner="BuiltIn">
<msg time="2026-06-06T11:39:44.621722" level="DEBUG">Argument types are:
&lt;class 'str'&gt;
&lt;class 'str'&gt;</msg>
<arg>${edit_response.json()['name']}</arg>
<arg>Updated Farm Name</arg>
<doc>Fails if objects are unequal after converting them to strings.</doc>
<status status="PASS" start="2026-06-06T11:39:44.619203" elapsed="0.002757"/>
</kw>
<kw name="Should Be Equal As Strings" owner="BuiltIn">
<msg time="2026-06-06T11:39:44.624897" level="DEBUG">Argument types are:
&lt;class 'str'&gt;
&lt;class 'str'&gt;</msg>
<arg>${edit_response.json()['location']}</arg>
<arg>Updated Location</arg>
<doc>Fails if objects are unequal after converting them to strings.</doc>
<status status="PASS" start="2026-06-06T11:39:44.622378" elapsed="0.002783"/>
</kw>
<kw name="DELETE" owner="RequestsLibrary">
<msg time="2026-06-06T11:39:44.628453" level="DEBUG">Starting new HTTP connection (1): sward-warden-be:80</msg>
<msg time="2026-06-06T11:39:44.691150" level="DEBUG">http://sward-warden-be:80 "DELETE /sward/v0/farms/1 HTTP/1.1" 204 0</msg>
<msg time="2026-06-06T11:39:44.692381" level="INFO">DELETE Request : url=http://sward-warden-be/sward/v0/farms/1 
 path_url=/sward/v0/farms/1 
 headers={'User-Agent': 'python-requests/2.34.2', 'Accept-Encoding': 'gzip, deflate, zstd', 'Accept': '*/*', 'Connection': 'keep-alive', 'Content-Length': '0'} 
 body=None 
 </msg>
<msg time="2026-06-06T11:39:44.692655" level="INFO">DELETE Response : url=http://sward-warden-be/sward/v0/farms/1 
 status=204, reason=No Content 
 headers={'vary': 'origin, access-control-request-method, access-control-request-headers', 'date': 'Sat, 06 Jun 2026 11:39:44 GMT', 'x-envoy-upstream-service-time': '30', 'server': 'envoy'} 
 body=None 
 </msg>
<msg time="2026-06-06T11:39:44.693303" level="INFO">${delete_response} = &lt;Response [204]&gt;</msg>
<var>${delete_response}</var>
<arg>${BE_BASE_URL}/v0/farms/${farm_id}</arg>
<arg>expected_status=204</arg>
<doc>Sends a DELETE request.</doc>
<status status="PASS" start="2026-06-06T11:39:44.625604" elapsed="0.067864"/>
</kw>
<kw name="Log" owner="BuiltIn">
<msg time="2026-06-06T11:39:44.697598" level="INFO">Delete Farm Response Code: 204</msg>
<arg>Delete Farm Response Code: ${delete_response.status_code}</arg>
<doc>Logs the given message with the given level.</doc>
<status status="PASS" start="2026-06-06T11:39:44.694206" elapsed="0.003650"/>
</kw>
<doc>Test BREAD operations for Farms. Note: Read (by ID) and Edit are not implemented in the backend.</doc>
<status status="PASS" start="2026-06-06T11:39:44.477010" elapsed="0.221346"/>
</test>
<test id="s1-s1-s1-t7" name="Fields BREAD Operations" line="96">
<kw name="Create Dictionary" owner="BuiltIn">
<msg time="2026-06-06T11:39:44.706661" level="INFO">&amp;{farm_data} = { id=0 | name=Field Test Farm | location=123 Test Lane | has_derogation=True }</msg>
<var>&amp;{farm_data}</var>
<arg>id=${0}</arg>
<arg>name=Field Test Farm</arg>
<arg>location=123 Test Lane</arg>
<arg>has_derogation=${True}</arg>
<doc>Creates and returns a dictionary based on the given ``items``.</doc>
<status status="PASS" start="2026-06-06T11:39:44.702117" elapsed="0.004795"/>
</kw>
<kw name="POST" owner="RequestsLibrary">
<msg time="2026-06-06T11:39:44.712001" level="DEBUG">Starting new HTTP connection (1): sward-warden-be:80</msg>
<msg time="2026-06-06T11:39:44.728298" level="DEBUG">http://sward-warden-be:80 "POST /sward/v0/farms HTTP/1.1" 200 156</msg>
<msg time="2026-06-06T11:39:44.729791" level="INFO">POST Request : url=http://sward-warden-be/sward/v0/farms 
 path_url=/sward/v0/farms 
 headers={'User-Agent': 'python-requests/2.34.2', 'Accept-Encoding': 'gzip, deflate, zstd', 'Accept': '*/*', 'Connection': 'keep-alive', 'Content-Length': '89', 'Content-Type': 'application/json'} 
 body=b'{"id": 0, "name": "Field Test Farm", "location": "123 Test Lane", "has_derogation": true}' 
 </msg>
<msg time="2026-06-06T11:39:44.730372" level="INFO">POST Response : url=http://sward-warden-be/sward/v0/farms 
 status=200, reason=OK 
 headers={'content-type': 'application/json', 'vary': 'origin, access-control-request-method, access-control-request-headers', 'content-length': '156', 'date': 'Sat, 06 Jun 2026 11:39:44 GMT', 'x-envoy-upstream-service-time': '9', 'server': 'envoy'} 
 body={"id":2,"user_id":1,"name":"Field Test Farm","location":"123 Test Lane","has_derogation":true,"updated_at":"2026-06-06T11:39:44.705642Z","is_deleted":false} 
 </msg>
<msg time="2026-06-06T11:39:44.731336" level="INFO">${farm_response} = &lt;Response [200]&gt;</msg>
<var>${farm_response}</var>
<arg>${BE_BASE_URL}/v0/farms</arg>
<arg>json=${farm_data}</arg>
<arg>expected_status=200</arg>
<doc>Sends a POST request.</doc>
<status status="PASS" start="2026-06-06T11:39:44.707641" elapsed="0.024081"/>
</kw>
<kw name="Convert To String" owner="BuiltIn">
<msg time="2026-06-06T11:39:44.736608" level="DEBUG">Argument types are:
&lt;class 'int'&gt;</msg>
<msg time="2026-06-06T11:39:44.737155" level="INFO">${farm_id} = 2</msg>
<var>${farm_id}</var>
<arg>${farm_response.json()['id']}</arg>
<doc>Converts the given item to a Unicode string.</doc>
<status status="PASS" start="2026-06-06T11:39:44.732667" elapsed="0.004628"/>
</kw>
<kw name="Convert To Integer" owner="BuiltIn">
<msg time="2026-06-06T11:39:44.739362" level="DEBUG">Argument types are:
&lt;class 'str'&gt;</msg>
<msg time="2026-06-06T11:39:44.739922" level="INFO">${farm_id_int} = 2</msg>
<var>${farm_id_int}</var>
<arg>${farm_id}</arg>
<doc>Converts the given item to an integer number.</doc>
<status status="PASS" start="2026-06-06T11:39:44.737905" elapsed="0.002165"/>
</kw>
<kw name="Create Dictionary" owner="BuiltIn">
<msg time="2026-06-06T11:39:44.746356" level="INFO">&amp;{field_data} = { id=0 | farm_id=2 | name=Test Field | area_hectares=10.5 | land_use=Grassland }</msg>
<var>&amp;{field_data}</var>
<arg>id=${0}</arg>
<arg>farm_id=${farm_id_int}</arg>
<arg>name=Test Field</arg>
<arg>area_hectares=${10.5}</arg>
<arg>land_use=Grassland</arg>
<doc>Creates and returns a dictionary based on the given ``items``.</doc>
<status status="PASS" start="2026-06-06T11:39:44.740711" elapsed="0.005825"/>
</kw>
<kw name="POST" owner="RequestsLibrary">
<msg time="2026-06-06T11:39:44.751652" level="DEBUG">Starting new HTTP connection (1): sward-warden-be:80</msg>
<msg time="2026-06-06T11:39:44.781379" level="DEBUG">http://sward-warden-be:80 "POST /sward/v0/fields HTTP/1.1" 200 146</msg>
<msg time="2026-06-06T11:39:44.783114" level="INFO">POST Request : url=http://sward-warden-be/sward/v0/fields 
 path_url=/sward/v0/fields 
 headers={'User-Agent': 'python-requests/2.34.2', 'Accept-Encoding': 'gzip, deflate, zstd', 'Accept': '*/*', 'Connection': 'keep-alive', 'Content-Length': '93', 'Content-Type': 'application/json'} 
 body=b'{"id": 0, "farm_id": 2, "name": "Test Field", "area_hectares": 10.5, "land_use": "Grassland"}' 
 </msg>
<msg time="2026-06-06T11:39:44.783663" level="INFO">POST Response : url=http://sward-warden-be/sward/v0/fields 
 status=200, reason=OK 
 headers={'content-type': 'application/json', 'vary': 'origin, access-control-request-method, access-control-request-headers', 'content-length': '146', 'date': 'Sat, 06 Jun 2026 11:39:44 GMT', 'x-envoy-upstream-service-time': '21', 'server': 'envoy'} 
 body={"id":1,"farm_id":2,"name":"Test Field","area_hectares":10.5,"land_use":"Grassland","updated_at":"2026-06-06T11:39:44.746508Z","is_deleted":false} 
 </msg>
<msg time="2026-06-06T11:39:44.784786" level="INFO">${create_response} = &lt;Response [200]&gt;</msg>
<var>${create_response}</var>
<arg>${BE_BASE_URL}/v0/fields</arg>
<arg>json=${field_data}</arg>
<arg>expected_status=200</arg>
<doc>Sends a POST request.</doc>
<status status="PASS" start="2026-06-06T11:39:44.747183" elapsed="0.037861"/>
</kw>
<kw name="Log" owner="BuiltIn">
<msg time="2026-06-06T11:39:44.789450" level="INFO">Create Field Response: {"id":1,"farm_id":2,"name":"Test Field","area_hectares":10.5,"land_use":"Grassland","updated_at":"2026-06-06T11:39:44.746508Z","is_deleted":false}</msg>
<arg>Create Field Response: ${create_response.content}</arg>
<doc>Logs the given message with the given level.</doc>
<status status="PASS" start="2026-06-06T11:39:44.785931" elapsed="0.003820"/>
</kw>
<kw name="Convert To String" owner="BuiltIn">
<msg time="2026-06-06T11:39:44.793705" level="DEBUG">Argument types are:
&lt;class 'int'&gt;</msg>
<msg time="2026-06-06T11:39:44.794203" level="INFO">${field_id} = 1</msg>
<var>${field_id}</var>
<arg>${create_response.json()['id']}</arg>
<doc>Converts the given item to a Unicode string.</doc>
<status status="PASS" start="2026-06-06T11:39:44.790341" elapsed="0.003999"/>
</kw>
<kw name="Should Not Be Empty" owner="BuiltIn">
<msg time="2026-06-06T11:39:44.797003" level="INFO">Length is 1.</msg>
<arg>${field_id}</arg>
<doc>Verifies that the given item is not empty.</doc>
<status status="PASS" start="2026-06-06T11:39:44.794977" elapsed="0.002320"/>
</kw>
<kw name="Should Be Equal As Strings" owner="BuiltIn">
<msg time="2026-06-06T11:39:44.801285" level="DEBUG">Argument types are:
&lt;class 'str'&gt;
&lt;class 'str'&gt;</msg>
<arg>${create_response.json()['name']}</arg>
<arg>Test Field</arg>
<doc>Fails if objects are unequal after converting them to strings.</doc>
<status status="PASS" start="2026-06-06T11:39:44.797863" elapsed="0.003777"/>
</kw>
<kw name="GET" owner="RequestsLibrary">
<msg time="2026-06-06T11:39:44.806198" level="DEBUG">Starting new HTTP connection (1): sward-warden-be:80</msg>
<msg time="2026-06-06T11:39:44.828205" level="DEBUG">http://sward-warden-be:80 "GET /sward/v0/fields HTTP/1.1" 200 148</msg>
<msg time="2026-06-06T11:39:44.829793" level="INFO">GET Request : url=http://sward-warden-be/sward/v0/fields 
 path_url=/sward/v0/fields 
 headers={'User-Agent': 'python-requests/2.34.2', 'Accept-Encoding': 'gzip, deflate, zstd', 'Accept': '*/*', 'Connection': 'keep-alive'} 
 body=None 
 </msg>
<msg time="2026-06-06T11:39:44.830148" level="INFO">GET Response : url=http://sward-warden-be/sward/v0/fields 
 status=200, reason=OK 
 headers={'content-type': 'application/json', 'vary': 'origin, access-control-request-method, access-control-request-headers', 'content-length': '148', 'date': 'Sat, 06 Jun 2026 11:39:44 GMT', 'x-envoy-upstream-service-time': '11', 'server': 'envoy'} 
 body=[{"id":1,"farm_id":2,"name":"Test Field","area_hectares":10.5,"land_use":"Grassland","updated_at":"2026-06-06T11:39:44.746508Z","is_deleted":false}] 
 </msg>
<msg time="2026-06-06T11:39:44.830822" level="INFO">${list_response} = &lt;Response [200]&gt;</msg>
<var>${list_response}</var>
<arg>${BE_BASE_URL}/v0/fields</arg>
<arg>expected_status=200</arg>
<doc>Sends a GET request.</doc>
<status status="PASS" start="2026-06-06T11:39:44.802287" elapsed="0.028697"/>
</kw>
<kw name="Log" owner="BuiltIn">
<msg time="2026-06-06T11:39:44.836142" level="INFO">List Fields Response: [{"id":1,"farm_id":2,"name":"Test Field","area_hectares":10.5,"land_use":"Grassland","updated_at":"2026-06-06T11:39:44.746508Z","is_deleted":false}]</msg>
<arg>List Fields Response: ${list_response.content}</arg>
<doc>Logs the given message with the given level.</doc>
<status status="PASS" start="2026-06-06T11:39:44.831859" elapsed="0.004671"/>
</kw>
<kw name="Set Variable" owner="BuiltIn">
<msg time="2026-06-06T11:39:44.841643" level="INFO">${fields} = [{'id': 1, 'farm_id': 2, 'name': 'Test Field', 'area_hectares': 10.5, 'land_use': 'Grassland', 'updated_at': '2026-06-06T11:39:44.746508Z', 'is_deleted': False}]</msg>
<var>${fields}</var>
<arg>${list_response.json()}</arg>
<doc>Returns the given values which can then be assigned to a variables.</doc>
<status status="PASS" start="2026-06-06T11:39:44.837276" elapsed="0.004614"/>
</kw>
<kw name="Should Not Be Empty" owner="BuiltIn">
<msg time="2026-06-06T11:39:44.844716" level="INFO">Length is 1.</msg>
<arg>${fields}</arg>
<doc>Verifies that the given item is not empty.</doc>
<status status="PASS" start="2026-06-06T11:39:44.842646" elapsed="0.002400"/>
</kw>
<kw name="DELETE" owner="RequestsLibrary">
<msg time="2026-06-06T11:39:44.850210" level="DEBUG">Starting new HTTP connection (1): sward-warden-be:80</msg>
<msg time="2026-06-06T11:39:44.949530" level="DEBUG">http://sward-warden-be:80 "DELETE /sward/v0/fields/1 HTTP/1.1" 204 0</msg>
<msg time="2026-06-06T11:39:44.950856" level="INFO">DELETE Request : url=http://sward-warden-be/sward/v0/fields/1 
 path_url=/sward/v0/fields/1 
 headers={'User-Agent': 'python-requests/2.34.2', 'Accept-Encoding': 'gzip, deflate, zstd', 'Accept': '*/*', 'Connection': 'keep-alive', 'Content-Length': '0'} 
 body=None 
 </msg>
<msg time="2026-06-06T11:39:44.951246" level="INFO">DELETE Response : url=http://sward-warden-be/sward/v0/fields/1 
 status=204, reason=No Content 
 headers={'vary': 'origin, access-control-request-method, access-control-request-headers', 'date': 'Sat, 06 Jun 2026 11:39:44 GMT', 'x-envoy-upstream-service-time': '47', 'server': 'envoy'} 
 body=None 
 </msg>
<msg time="2026-06-06T11:39:44.952276" level="INFO">${delete_response} = &lt;Response [204]&gt;</msg>
<var>${delete_response}</var>
<arg>${BE_BASE_URL}/v0/fields/${field_id}</arg>
<arg>expected_status=204</arg>
<doc>Sends a DELETE request.</doc>
<status status="PASS" start="2026-06-06T11:39:44.845726" elapsed="0.106785"/>
</kw>
<kw name="Log" owner="BuiltIn">
<msg time="2026-06-06T11:39:44.957657" level="INFO">Delete Field Response Code: 204</msg>
<arg>Delete Field Response Code: ${delete_response.status_code}</arg>
<doc>Logs the given message with the given level.</doc>
<status status="PASS" start="2026-06-06T11:39:44.953406" elapsed="0.004583"/>
</kw>
<doc>Test BREAD operations for Fields. Note: Read (by ID) and Edit are not implemented in the backend.</doc>
<status status="PASS" start="2026-06-06T11:39:44.699647" elapsed="0.259008"/>
</test>
<test id="s1-s1-s1-t8" name="Events BREAD Operations" line="128">
<kw name="Create Dictionary" owner="BuiltIn">
<msg time="2026-06-06T11:39:44.967940" level="INFO">&amp;{farm_data} = { id=0 | name=Event Test Farm | location=123 Test Lane | has_derogation=True }</msg>
<var>&amp;{farm_data}</var>
<arg>id=${0}</arg>
<arg>name=Event Test Farm</arg>
<arg>location=123 Test Lane</arg>
<arg>has_derogation=${True}</arg>
<doc>Creates and returns a dictionary based on the given ``items``.</doc>
<status status="PASS" start="2026-06-06T11:39:44.963472" elapsed="0.004700"/>
</kw>
<kw name="POST" owner="RequestsLibrary">
<msg time="2026-06-06T11:39:44.973905" level="DEBUG">Starting new HTTP connection (1): sward-warden-be:80</msg>
<msg time="2026-06-06T11:39:44.994126" level="DEBUG">http://sward-warden-be:80 "POST /sward/v0/farms HTTP/1.1" 200 156</msg>
<msg time="2026-06-06T11:39:44.995857" level="INFO">POST Request : url=http://sward-warden-be/sward/v0/farms 
 path_url=/sward/v0/farms 
 headers={'User-Agent': 'python-requests/2.34.2', 'Accept-Encoding': 'gzip, deflate, zstd', 'Accept': '*/*', 'Connection': 'keep-alive', 'Content-Length': '89', 'Content-Type': 'application/json'} 
 body=b'{"id": 0, "name": "Event Test Farm", "location": "123 Test Lane", "has_derogation": true}' 
 </msg>
<msg time="2026-06-06T11:39:44.996336" level="INFO">POST Response : url=http://sward-warden-be/sward/v0/farms 
 status=200, reason=OK 
 headers={'content-type': 'application/json', 'vary': 'origin, access-control-request-method, access-control-request-headers', 'content-length': '156', 'date': 'Sat, 06 Jun 2026 11:39:44 GMT', 'x-envoy-upstream-service-time': '11', 'server': 'envoy'} 
 body={"id":3,"user_id":1,"name":"Event Test Farm","location":"123 Test Lane","has_derogation":true,"updated_at":"2026-06-06T11:39:44.969400Z","is_deleted":false} 
 </msg>
<msg time="2026-06-06T11:39:44.997201" level="INFO">${farm_response} = &lt;Response [200]&gt;</msg>
<var>${farm_response}</var>
<arg>${BE_BASE_URL}/v0/farms</arg>
<arg>json=${farm_data}</arg>
<arg>expected_status=200</arg>
<doc>Sends a POST request.</doc>
<status status="PASS" start="2026-06-06T11:39:44.968973" elapsed="0.028449"/>
</kw>
<kw name="Convert To Integer" owner="BuiltIn">
<msg time="2026-06-06T11:39:45.002998" level="DEBUG">Argument types are:
&lt;class 'int'&gt;</msg>
<msg time="2026-06-06T11:39:45.003708" level="INFO">${farm_id_int} = 3</msg>
<var>${farm_id_int}</var>
<arg>${farm_response.json()['id']}</arg>
<doc>Converts the given item to an integer number.</doc>
<status status="PASS" start="2026-06-06T11:39:44.998306" elapsed="0.005668"/>
</kw>
<kw name="Create Dictionary" owner="BuiltIn">
<msg time="2026-06-06T11:39:45.012502" level="INFO">&amp;{field_data} = { id=0 | farm_id=3 | name=Event Test Field | area_hectares=10.5 | land_use=Grassland }</msg>
<var>&amp;{field_data}</var>
<arg>id=${0}</arg>
<arg>farm_id=${farm_id_int}</arg>
<arg>name=Event Test Field</arg>
<arg>area_hectares=${10.5}</arg>
<arg>land_use=Grassland</arg>
<doc>Creates and returns a dictionary based on the given ``items``.</doc>
<status status="PASS" start="2026-06-06T11:39:45.004937" elapsed="0.007805"/>
</kw>
<kw name="POST" owner="RequestsLibrary">
<msg time="2026-06-06T11:39:45.019518" level="DEBUG">Starting new HTTP connection (1): sward-warden-be:80</msg>
<msg time="2026-06-06T11:39:45.042917" level="DEBUG">http://sward-warden-be:80 "POST /sward/v0/fields HTTP/1.1" 200 152</msg>
<msg time="2026-06-06T11:39:45.044637" level="INFO">POST Request : url=http://sward-warden-be/sward/v0/fields 
 path_url=/sward/v0/fields 
 headers={'User-Agent': 'python-requests/2.34.2', 'Accept-Encoding': 'gzip, deflate, zstd', 'Accept': '*/*', 'Connection': 'keep-alive', 'Content-Length': '99', 'Content-Type': 'application/json'} 
 body=b'{"id": 0, "farm_id": 3, "name": "Event Test Field", "area_hectares": 10.5, "land_use": "Grassland"}' 
 </msg>
<msg time="2026-06-06T11:39:45.045038" level="INFO">POST Response : url=http://sward-warden-be/sward/v0/fields 
 status=200, reason=OK 
 headers={'content-type': 'application/json', 'vary': 'origin, access-control-request-method, access-control-request-headers', 'content-length': '152', 'date': 'Sat, 06 Jun 2026 11:39:45 GMT', 'x-envoy-upstream-service-time': '14', 'server': 'envoy'} 
 body={"id":2,"farm_id":3,"name":"Event Test Field","area_hectares":10.5,"land_use":"Grassland","updated_at":"2026-06-06T11:39:45.014095Z","is_deleted":false} 
 </msg>
<msg time="2026-06-06T11:39:45.045806" level="INFO">${field_response} = &lt;Response [200]&gt;</msg>
<var>${field_response}</var>
<arg>${BE_BASE_URL}/v0/fields</arg>
<arg>json=${field_data}</arg>
<arg>expected_status=200</arg>
<doc>Sends a POST request.</doc>
<status status="PASS" start="2026-06-06T11:39:45.013591" elapsed="0.032419"/>
</kw>
<kw name="Convert To Integer" owner="BuiltIn">
<msg time="2026-06-06T11:39:45.051276" level="DEBUG">Argument types are:
&lt;class 'int'&gt;</msg>
<msg time="2026-06-06T11:39:45.052113" level="INFO">${field_id_int} = 2</msg>
<var>${field_id_int}</var>
<arg>${field_response.json()['id']}</arg>
<doc>Converts the given item to an integer number.</doc>
<status status="PASS" start="2026-06-06T11:39:45.046844" elapsed="0.005478"/>
</kw>
<kw name="Create Dictionary" owner="BuiltIn">
<msg time="2026-06-06T11:39:45.058704" level="INFO">&amp;{event_data} = { id=0 | field_id=2 | event_type=slurry_application | description=Test Event | date=2024-05-23 }</msg>
<var>&amp;{event_data}</var>
<arg>id=${0}</arg>
<arg>field_id=${field_id_int}</arg>
<arg>event_type=slurry_application</arg>
<arg>description=Test Event</arg>
<arg>date=2024-05-23</arg>
<doc>Creates and returns a dictionary based on the given ``items``.</doc>
<status status="PASS" start="2026-06-06T11:39:45.053199" elapsed="0.005761"/>
</kw>
<kw name="POST" owner="RequestsLibrary">
<msg time="2026-06-06T11:39:45.065564" level="DEBUG">Starting new HTTP connection (1): sward-warden-be:80</msg>
<msg time="2026-06-06T11:39:45.088804" level="DEBUG">http://sward-warden-be:80 "POST /sward/v0/events HTTP/1.1" 200 225</msg>
<msg time="2026-06-06T11:39:45.090555" level="INFO">POST Request : url=http://sward-warden-be/sward/v0/events 
 path_url=/sward/v0/events 
 headers={'User-Agent': 'python-requests/2.34.2', 'Accept-Encoding': 'gzip, deflate, zstd', 'Accept': '*/*', 'Connection': 'keep-alive', 'Content-Length': '111', 'Content-Type': 'application/json'} 
 body=b'{"id": 0, "field_id": 2, "event_type": "slurry_application", "description": "Test Event", "date": "2024-05-23"}' 
 </msg>
<msg time="2026-06-06T11:39:45.090998" level="INFO">POST Response : url=http://sward-warden-be/sward/v0/events 
 status=200, reason=OK 
 headers={'content-type': 'application/json', 'vary': 'origin, access-control-request-method, access-control-request-headers', 'content-length': '225', 'date': 'Sat, 06 Jun 2026 11:39:45 GMT', 'x-envoy-upstream-service-time': '12', 'server': 'envoy'} 
 body={"id":1,"field_id":2,"event_type":"slurry_application","description":"Test Event","date":"2024-05-23","updated_at":"2026-06-06T11:39:45.064482Z","is_deleted":false,"mapp_number":null,"eppo_code":null,"bbch_growth_stage":null} 
 </msg>
<msg time="2026-06-06T11:39:45.091832" level="INFO">${create_response} = &lt;Response [200]&gt;</msg>
<var>${create_response}</var>
<arg>${BE_BASE_URL}/v0/events</arg>
<arg>json=${event_data}</arg>
<arg>expected_status=200</arg>
<doc>Sends a POST request.</doc>
<status status="PASS" start="2026-06-06T11:39:45.059875" elapsed="0.032176"/>
</kw>
<kw name="Log" owner="BuiltIn">
<msg time="2026-06-06T11:39:45.097881" level="INFO">Create Event Response: {"id":1,"field_id":2,"event_type":"slurry_application","description":"Test Event","date":"2024-05-23","updated_at":"2026-06-06T11:39:45.064482Z","is_deleted":false,"mapp_number":null,"eppo_code":null,"bbch_growth_stage":null}</msg>
<arg>Create Event Response: ${create_response.content}</arg>
<doc>Logs the given message with the given level.</doc>
<status status="PASS" start="2026-06-06T11:39:45.093013" elapsed="0.005325"/>
</kw>
<kw name="Convert To String" owner="BuiltIn">
<msg time="2026-06-06T11:39:45.104175" level="DEBUG">Argument types are:
&lt;class 'int'&gt;</msg>
<msg time="2026-06-06T11:39:45.104926" level="INFO">${event_id} = 1</msg>
<var>${event_id}</var>
<arg>${create_response.json()['id']}</arg>
<doc>Converts the given item to a Unicode string.</doc>
<status status="PASS" start="2026-06-06T11:39:45.099409" elapsed="0.005705"/>
</kw>
<kw name="Should Not Be Empty" owner="BuiltIn">
<msg time="2026-06-06T11:39:45.108858" level="INFO">Length is 1.</msg>
<arg>${event_id}</arg>
<doc>Verifies that the given item is not empty.</doc>
<status status="PASS" start="2026-06-06T11:39:45.105882" elapsed="0.003561"/>
</kw>
<kw name="Should Be Equal As Strings" owner="BuiltIn">
<msg time="2026-06-06T11:39:45.117071" level="DEBUG">Argument types are:
&lt;class 'str'&gt;
&lt;class 'str'&gt;</msg>
<arg>${create_response.json()['event_type']}</arg>
<arg>slurry_application</arg>
<doc>Fails if objects are unequal after converting them to strings.</doc>
<status status="PASS" start="2026-06-06T11:39:45.110430" elapsed="0.007184"/>
</kw>
<kw name="GET" owner="RequestsLibrary">
<msg time="2026-06-06T11:39:45.123620" level="DEBUG">Starting new HTTP connection (1): sward-warden-be:80</msg>
<msg time="2026-06-06T11:39:45.141250" level="DEBUG">http://sward-warden-be:80 "GET /sward/v0/events HTTP/1.1" 200 227</msg>
<msg time="2026-06-06T11:39:45.142826" level="INFO">GET Request : url=http://sward-warden-be/sward/v0/events 
 path_url=/sward/v0/events 
 headers={'User-Agent': 'python-requests/2.34.2', 'Accept-Encoding': 'gzip, deflate, zstd', 'Accept': '*/*', 'Connection': 'keep-alive'} 
 body=None 
 </msg>
<msg time="2026-06-06T11:39:45.143234" level="INFO">GET Response : url=http://sward-warden-be/sward/v0/events 
 status=200, reason=OK 
 headers={'content-type': 'application/json', 'vary': 'origin, access-control-request-method, access-control-request-headers', 'content-length': '227', 'date': 'Sat, 06 Jun 2026 11:39:45 GMT', 'x-envoy-upstream-service-time': '9', 'server': 'envoy'} 
 body=[{"id":1,"field_id":2,"event_type":"slurry_application","description":"Test Event","date":"2024-05-23","updated_at":"2026-06-06T11:39:45.064482Z","is_deleted":false,"mapp_number":null,"eppo_code":null,"bbch_growth_stage":null}] 
 </msg>
<msg time="2026-06-06T11:39:45.144090" level="INFO">${list_response} = &lt;Response [200]&gt;</msg>
<var>${list_response}</var>
<arg>${BE_BASE_URL}/v0/events</arg>
<arg>expected_status=200</arg>
<doc>Sends a GET request.</doc>
<status status="PASS" start="2026-06-06T11:39:45.118757" elapsed="0.025535"/>
</kw>
<kw name="Log" owner="BuiltIn">
<msg time="2026-06-06T11:39:45.149997" level="INFO">List Events Response: [{"id":1,"field_id":2,"event_type":"slurry_application","description":"Test Event","date":"2024-05-23","updated_at":"2026-06-06T11:39:45.064482Z","is_deleted":false,"mapp_number":null,"eppo_code":null,"bbch_growth_stage":null}]</msg>
<arg>List Events Response: ${list_response.content}</arg>
<doc>Logs the given message with the given level.</doc>
<status status="PASS" start="2026-06-06T11:39:45.145161" elapsed="0.005253"/>
</kw>
<kw name="Set Variable" owner="BuiltIn">
<msg time="2026-06-06T11:39:45.156136" level="INFO">${events} = [{'id': 1, 'field_id': 2, 'event_type': 'slurry_application', 'description': 'Test Event', 'date': '2024-05-23', 'updated_at': '2026-06-06T11:39:45.064482Z', 'is_deleted': False, 'mapp_number': None, ...</msg>
<var>${events}</var>
<arg>${list_response.json()}</arg>
<doc>Returns the given values which can then be assigned to a variables.</doc>
<status status="PASS" start="2026-06-06T11:39:45.151234" elapsed="0.005188"/>
</kw>
<kw name="Should Not Be Empty" owner="BuiltIn">
<msg time="2026-06-06T11:39:45.159266" level="INFO">Length is 1.</msg>
<arg>${events}</arg>
<doc>Verifies that the given item is not empty.</doc>
<status status="PASS" start="2026-06-06T11:39:45.157210" elapsed="0.002408"/>
</kw>
<doc>Test BREAD operations for Events. Note: Read (by ID), Edit, and Delete are not implemented in the backend.</doc>
<status status="PASS" start="2026-06-06T11:39:44.960451" elapsed="0.199944"/>
</test>
<test id="s1-s1-s1-t9" name="Soil Analyses BREAD Operations" line="160">
<kw name="Create Dictionary" owner="BuiltIn">
<msg time="2026-06-06T11:39:45.170167" level="INFO">&amp;{farm_data} = { id=0 | name=Soil Test Farm | location=123 Test Lane | has_derogation=True }</msg>
<var>&amp;{farm_data}</var>
<arg>id=${0}</arg>
<arg>name=Soil Test Farm</arg>
<arg>location=123 Test Lane</arg>
<arg>has_derogation=${True}</arg>
<doc>Creates and returns a dictionary based on the given ``items``.</doc>
<status status="PASS" start="2026-06-06T11:39:45.165428" elapsed="0.004976"/>
</kw>
<kw name="POST" owner="RequestsLibrary">
<msg time="2026-06-06T11:39:45.175676" level="DEBUG">Starting new HTTP connection (1): sward-warden-be:80</msg>
<msg time="2026-06-06T11:39:45.190793" level="DEBUG">http://sward-warden-be:80 "POST /sward/v0/farms HTTP/1.1" 200 155</msg>
<msg time="2026-06-06T11:39:45.223518" level="INFO">POST Request : url=http://sward-warden-be/sward/v0/farms 
 path_url=/sward/v0/farms 
 headers={'User-Agent': 'python-requests/2.34.2', 'Accept-Encoding': 'gzip, deflate, zstd', 'Accept': '*/*', 'Connection': 'keep-alive', 'Content-Length': '88', 'Content-Type': 'application/json'} 
 body=b'{"id": 0, "name": "Soil Test Farm", "location": "123 Test Lane", "has_derogation": true}' 
 </msg>
<msg time="2026-06-06T11:39:45.224018" level="INFO">POST Response : url=http://sward-warden-be/sward/v0/farms 
 status=200, reason=OK 
 headers={'content-type': 'application/json', 'vary': 'origin, access-control-request-method, access-control-request-headers', 'content-length': '155', 'date': 'Sat, 06 Jun 2026 11:39:45 GMT', 'x-envoy-upstream-service-time': '7', 'server': 'envoy'} 
 body={"id":4,"user_id":1,"name":"Soil Test Farm","location":"123 Test Lane","has_derogation":true,"updated_at":"2026-06-06T11:39:45.168165Z","is_deleted":false} 
 </msg>
<msg time="2026-06-06T11:39:45.225183" level="INFO">${farm_response} = &lt;Response [200]&gt;</msg>
<var>${farm_response}</var>
<arg>${BE_BASE_URL}/v0/farms</arg>
<arg>json=${farm_data}</arg>
<arg>expected_status=200</arg>
<doc>Sends a POST request.</doc>
<status status="PASS" start="2026-06-06T11:39:45.171127" elapsed="0.054227"/>
</kw>
<kw name="Convert To Integer" owner="BuiltIn">
<msg time="2026-06-06T11:39:45.229131" level="DEBUG">Argument types are:
&lt;class 'int'&gt;</msg>
<msg time="2026-06-06T11:39:45.229581" level="INFO">${farm_id_int} = 4</msg>
<var>${farm_id_int}</var>
<arg>${farm_response.json()['id']}</arg>
<doc>Converts the given item to an integer number.</doc>
<status status="PASS" start="2026-06-06T11:39:45.225964" elapsed="0.003738"/>
</kw>
<kw name="Create Dictionary" owner="BuiltIn">
<msg time="2026-06-06T11:39:45.235443" level="INFO">&amp;{field_data} = { id=0 | farm_id=4 | name=Soil Test Field | area_hectares=10.5 | land_use=Grassland }</msg>
<var>&amp;{field_data}</var>
<arg>id=${0}</arg>
<arg>farm_id=${farm_id_int}</arg>
<arg>name=Soil Test Field</arg>
<arg>area_hectares=${10.5}</arg>
<arg>land_use=Grassland</arg>
<doc>Creates and returns a dictionary based on the given ``items``.</doc>
<status status="PASS" start="2026-06-06T11:39:45.230296" elapsed="0.005313"/>
</kw>
<kw name="POST" owner="RequestsLibrary">
<msg time="2026-06-06T11:39:45.240042" level="DEBUG">Starting new HTTP connection (1): sward-warden-be:80</msg>
<msg time="2026-06-06T11:39:45.253304" level="DEBUG">http://sward-warden-be:80 "POST /sward/v0/fields HTTP/1.1" 200 151</msg>
<msg time="2026-06-06T11:39:45.254305" level="INFO">POST Request : url=http://sward-warden-be/sward/v0/fields 
 path_url=/sward/v0/fields 
 headers={'User-Agent': 'python-requests/2.34.2', 'Accept-Encoding': 'gzip, deflate, zstd', 'Accept': '*/*', 'Connection': 'keep-alive', 'Content-Length': '98', 'Content-Type': 'application/json'} 
 body=b'{"id": 0, "farm_id": 4, "name": "Soil Test Field", "area_hectares": 10.5, "land_use": "Grassland"}' 
 </msg>
<msg time="2026-06-06T11:39:45.254561" level="INFO">POST Response : url=http://sward-warden-be/sward/v0/fields 
 status=200, reason=OK 
 headers={'content-type': 'application/json', 'vary': 'origin, access-control-request-method, access-control-request-headers', 'content-length': '151', 'date': 'Sat, 06 Jun 2026 11:39:45 GMT', 'x-envoy-upstream-service-time': '6', 'server': 'envoy'} 
 body={"id":3,"farm_id":4,"name":"Soil Test Field","area_hectares":10.5,"land_use":"Grassland","updated_at":"2026-06-06T11:39:45.232085Z","is_deleted":false} 
 </msg>
<msg time="2026-06-06T11:39:45.255021" level="INFO">${field_response} = &lt;Response [200]&gt;</msg>
<var>${field_response}</var>
<arg>${BE_BASE_URL}/v0/fields</arg>
<arg>json=${field_data}</arg>
<arg>expected_status=200</arg>
<doc>Sends a POST request.</doc>
<status status="PASS" start="2026-06-06T11:39:45.236291" elapsed="0.018834"/>
</kw>
<kw name="Convert To Integer" owner="BuiltIn">
<msg time="2026-06-06T11:39:45.258758" level="DEBUG">Argument types are:
&lt;class 'int'&gt;</msg>
<msg time="2026-06-06T11:39:45.259241" level="INFO">${field_id_int} = 3</msg>
<var>${field_id_int}</var>
<arg>${field_response.json()['id']}</arg>
<doc>Converts the given item to an integer number.</doc>
<status status="PASS" start="2026-06-06T11:39:45.255625" elapsed="0.003732"/>
</kw>
<kw name="Create Dictionary" owner="BuiltIn">
<msg time="2026-06-06T11:39:45.268281" level="INFO">&amp;{soil_data} = { id=0 | field_id=3 | sample_date=2024-05-23 | ph_level=6.5 | phosphorus_index=2 | potassium_index=2 | magnesium_index=2 }</msg>
<var>&amp;{soil_data}</var>
<arg>id=${0}</arg>
<arg>field_id=${field_id_int}</arg>
<arg>sample_date=2024-05-23</arg>
<arg>ph_level=${6.5}</arg>
<arg>phosphorus_index=${2}</arg>
<arg>potassium_index=${2}</arg>
<arg>magnesium_index=${2}</arg>
<doc>Creates and returns a dictionary based on the given ``items``.</doc>
<status status="PASS" start="2026-06-06T11:39:45.260038" elapsed="0.008419"/>
</kw>
<kw name="POST" owner="RequestsLibrary">
<msg time="2026-06-06T11:39:45.273122" level="DEBUG">Starting new HTTP connection (1): sward-warden-be:80</msg>
<msg time="2026-06-06T11:39:45.289730" level="DEBUG">http://sward-warden-be:80 "POST /sward/v0/soil_analyses HTTP/1.1" 200 186</msg>
<msg time="2026-06-06T11:39:45.291100" level="INFO">POST Request : url=http://sward-warden-be/sward/v0/soil_analyses 
 path_url=/sward/v0/soil_analyses 
 headers={'User-Agent': 'python-requests/2.34.2', 'Accept-Encoding': 'gzip, deflate, zstd', 'Accept': '*/*', 'Connection': 'keep-alive', 'Content-Length': '137', 'Content-Type': 'application/json'} 
 body=b'{"id": 0, "field_id": 3, "sample_date": "2024-05-23", "ph_level": 6.5, "phosphorus_index": 2, "potassium_index": 2, "magnesium_index": 2}' 
 </msg>
<msg time="2026-06-06T11:39:45.291424" level="INFO">POST Response : url=http://sward-warden-be/sward/v0/soil_analyses 
 status=200, reason=OK 
 headers={'content-type': 'application/json', 'vary': 'origin, access-control-request-method, access-control-request-headers', 'content-length': '186', 'date': 'Sat, 06 Jun 2026 11:39:45 GMT', 'x-envoy-upstream-service-time': '9', 'server': 'envoy'} 
 body={"id":1,"field_id":3,"sample_date":"2024-05-23","ph_level":6.5,"phosphorus_index":2,"potassium_index":2,"magnesium_index":2,"updated_at":"2026-06-06T11:39:45.267029Z","is_deleted":false} 
 </msg>
<msg time="2026-06-06T11:39:45.292204" level="INFO">${create_response} = &lt;Response [200]&gt;</msg>
<var>${create_response}</var>
<arg>${BE_BASE_URL}/v0/soil_analyses</arg>
<arg>json=${soil_data}</arg>
<arg>expected_status=200</arg>
<doc>Sends a POST request.</doc>
<status status="PASS" start="2026-06-06T11:39:45.269144" elapsed="0.023249"/>
</kw>
<kw name="Log" owner="BuiltIn">
<msg time="2026-06-06T11:39:45.296987" level="INFO">Create Soil Analysis Response: {"id":1,"field_id":3,"sample_date":"2024-05-23","ph_level":6.5,"phosphorus_index":2,"potassium_index":2,"magnesium_index":2,"updated_at":"2026-06-06T11:39:45.267029Z","is_deleted":false}</msg>
<arg>Create Soil Analysis Response: ${create_response.content}</arg>
<doc>Logs the given message with the given level.</doc>
<status status="PASS" start="2026-06-06T11:39:45.293128" elapsed="0.004224"/>
</kw>
<kw name="Convert To String" owner="BuiltIn">
<msg time="2026-06-06T11:39:45.301680" level="DEBUG">Argument types are:
&lt;class 'int'&gt;</msg>
<msg time="2026-06-06T11:39:45.302184" level="INFO">${soil_id} = 1</msg>
<var>${soil_id}</var>
<arg>${create_response.json()['id']}</arg>
<doc>Converts the given item to a Unicode string.</doc>
<status status="PASS" start="2026-06-06T11:39:45.298069" elapsed="0.004263"/>
</kw>
<kw name="Should Not Be Empty" owner="BuiltIn">
<msg time="2026-06-06T11:39:45.304661" level="INFO">Length is 1.</msg>
<arg>${soil_id}</arg>
<doc>Verifies that the given item is not empty.</doc>
<status status="PASS" start="2026-06-06T11:39:45.302929" elapsed="0.002009"/>
</kw>
<kw name="GET" owner="RequestsLibrary">
<msg time="2026-06-06T11:39:45.309227" level="DEBUG">Starting new HTTP connection (1): sward-warden-be:80</msg>
<msg time="2026-06-06T11:39:45.326573" level="DEBUG">http://sward-warden-be:80 "GET /sward/v0/soil_analyses HTTP/1.1" 200 188</msg>
<msg time="2026-06-06T11:39:45.328462" level="INFO">GET Request : url=http://sward-warden-be/sward/v0/soil_analyses 
 path_url=/sward/v0/soil_analyses 
 headers={'User-Agent': 'python-requests/2.34.2', 'Accept-Encoding': 'gzip, deflate, zstd', 'Accept': '*/*', 'Connection': 'keep-alive'} 
 body=None 
 </msg>
<msg time="2026-06-06T11:39:45.328870" level="INFO">GET Response : url=http://sward-warden-be/sward/v0/soil_analyses 
 status=200, reason=OK 
 headers={'content-type': 'application/json', 'vary': 'origin, access-control-request-method, access-control-request-headers', 'content-length': '188', 'date': 'Sat, 06 Jun 2026 11:39:45 GMT', 'x-envoy-upstream-service-time': '10', 'server': 'envoy'} 
 body=[{"id":1,"field_id":3,"sample_date":"2024-05-23","ph_level":6.5,"phosphorus_index":2,"potassium_index":2,"magnesium_index":2,"updated_at":"2026-06-06T11:39:45.267029Z","is_deleted":false}] 
 </msg>
<msg time="2026-06-06T11:39:45.329546" level="INFO">${list_response} = &lt;Response [200]&gt;</msg>
<var>${list_response}</var>
<arg>${BE_BASE_URL}/v0/soil_analyses</arg>
<arg>expected_status=200</arg>
<doc>Sends a GET request.</doc>
<status status="PASS" start="2026-06-06T11:39:45.305502" elapsed="0.024208"/>
</kw>
<kw name="Log" owner="BuiltIn">
<msg time="2026-06-06T11:39:45.334313" level="INFO">List Soil Analyses Response: [{"id":1,"field_id":3,"sample_date":"2024-05-23","ph_level":6.5,"phosphorus_index":2,"potassium_index":2,"magnesium_index":2,"updated_at":"2026-06-06T11:39:45.267029Z","is_deleted":false}]</msg>
<arg>List Soil Analyses Response: ${list_response.content}</arg>
<doc>Logs the given message with the given level.</doc>
<status status="PASS" start="2026-06-06T11:39:45.330466" elapsed="0.004154"/>
</kw>
<kw name="Set Variable" owner="BuiltIn">
<msg time="2026-06-06T11:39:45.339351" level="INFO">${analyses} = [{'id': 1, 'field_id': 3, 'sample_date': '2024-05-23', 'ph_level': 6.5, 'phosphorus_index': 2, 'potassium_index': 2, 'magnesium_index': 2, 'updated_at': '2026-06-06T11:39:45.267029Z', 'is_deleted': Fa...</msg>
<var>${analyses}</var>
<arg>${list_response.json()}</arg>
<doc>Returns the given values which can then be assigned to a variables.</doc>
<status status="PASS" start="2026-06-06T11:39:45.335224" elapsed="0.004322"/>
</kw>
<kw name="Should Not Be Empty" owner="BuiltIn">
<msg time="2026-06-06T11:39:45.341927" level="INFO">Length is 1.</msg>
<arg>${analyses}</arg>
<doc>Verifies that the given item is not empty.</doc>
<status status="PASS" start="2026-06-06T11:39:45.340252" elapsed="0.002049"/>
</kw>
<kw name="DELETE" owner="RequestsLibrary">
<msg time="2026-06-06T11:39:45.347293" level="DEBUG">Starting new HTTP connection (1): sward-warden-be:80</msg>
<msg time="2026-06-06T11:39:45.364764" level="DEBUG">http://sward-warden-be:80 "DELETE /sward/v0/soil_analyses/1 HTTP/1.1" 204 0</msg>
<msg time="2026-06-06T11:39:45.366192" level="INFO">DELETE Request : url=http://sward-warden-be/sward/v0/soil_analyses/1 
 path_url=/sward/v0/soil_analyses/1 
 headers={'User-Agent': 'python-requests/2.34.2', 'Accept-Encoding': 'gzip, deflate, zstd', 'Accept': '*/*', 'Connection': 'keep-alive', 'Content-Length': '0'} 
 body=None 
 </msg>
<msg time="2026-06-06T11:39:45.366515" level="INFO">DELETE Response : url=http://sward-warden-be/sward/v0/soil_analyses/1 
 status=204, reason=No Content 
 headers={'vary': 'origin, access-control-request-method, access-control-request-headers', 'date': 'Sat, 06 Jun 2026 11:39:45 GMT', 'x-envoy-upstream-service-time': '10', 'server': 'envoy'} 
 body=None 
 </msg>
<msg time="2026-06-06T11:39:45.367245" level="INFO">${delete_response} = &lt;Response [204]&gt;</msg>
<var>${delete_response}</var>
<arg>${BE_BASE_URL}/v0/soil_analyses/${soil_id}</arg>
<arg>expected_status=204</arg>
<doc>Sends a DELETE request.</doc>
<status status="PASS" start="2026-06-06T11:39:45.342885" elapsed="0.024545"/>
</kw>
<kw name="Log" owner="BuiltIn">
<msg time="2026-06-06T11:39:45.372464" level="INFO">Delete Soil Analysis Response Code: 204</msg>
<arg>Delete Soil Analysis Response Code: ${delete_response.status_code}</arg>
<doc>Logs the given message with the given level.</doc>
<status status="PASS" start="2026-06-06T11:39:45.368406" elapsed="0.004362"/>
</kw>
<doc>Test BREAD operations for Soil Analyses. Note: Read (by ID) and Edit are not implemented in the backend.</doc>
<status status="PASS" start="2026-06-06T11:39:45.162068" elapsed="0.211310"/>
</test>
<test id="s1-s1-s1-t10" name="Fertilisation Plans BREAD Operations" line="194">
<kw name="Create Dictionary" owner="BuiltIn">
<msg time="2026-06-06T11:39:45.382038" level="INFO">&amp;{farm_data} = { id=0 | name=Fert Plan Test Farm | location=123 Test Lane | has_derogation=True }</msg>
<var>&amp;{farm_data}</var>
<arg>id=${0}</arg>
<arg>name=Fert Plan Test Farm</arg>
<arg>location=123 Test Lane</arg>
<arg>has_derogation=${True}</arg>
<doc>Creates and returns a dictionary based on the given ``items``.</doc>
<status status="PASS" start="2026-06-06T11:39:45.378038" elapsed="0.004184"/>
</kw>
<kw name="POST" owner="RequestsLibrary">
<msg time="2026-06-06T11:39:45.387205" level="DEBUG">Starting new HTTP connection (1): sward-warden-be:80</msg>
<msg time="2026-06-06T11:39:45.403597" level="DEBUG">http://sward-warden-be:80 "POST /sward/v0/farms HTTP/1.1" 200 160</msg>
<msg time="2026-06-06T11:39:45.405345" level="INFO">POST Request : url=http://sward-warden-be/sward/v0/farms 
 path_url=/sward/v0/farms 
 headers={'User-Agent': 'python-requests/2.34.2', 'Accept-Encoding': 'gzip, deflate, zstd', 'Accept': '*/*', 'Connection': 'keep-alive', 'Content-Length': '93', 'Content-Type': 'application/json'} 
 body=b'{"id": 0, "name": "Fert Plan Test Farm", "location": "123 Test Lane", "has_derogation": true}' 
 </msg>
<msg time="2026-06-06T11:39:45.405763" level="INFO">POST Response : url=http://sward-warden-be/sward/v0/farms 
 status=200, reason=OK 
 headers={'content-type': 'application/json', 'vary': 'origin, access-control-request-method, access-control-request-headers', 'content-length': '160', 'date': 'Sat, 06 Jun 2026 11:39:45 GMT', 'x-envoy-upstream-service-time': '8', 'server': 'envoy'} 
 body={"id":5,"user_id":1,"name":"Fert Plan Test Farm","location":"123 Test Lane","has_derogation":true,"updated_at":"2026-06-06T11:39:45.380650Z","is_deleted":false} 
 </msg>
<msg time="2026-06-06T11:39:45.406510" level="INFO">${farm_response} = &lt;Response [200]&gt;</msg>
<var>${farm_response}</var>
<arg>${BE_BASE_URL}/v0/farms</arg>
<arg>json=${farm_data}</arg>
<arg>expected_status=200</arg>
<doc>Sends a POST request.</doc>
<status status="PASS" start="2026-06-06T11:39:45.382876" elapsed="0.023825"/>
</kw>
<kw name="Convert To Integer" owner="BuiltIn">
<msg time="2026-06-06T11:39:45.411730" level="DEBUG">Argument types are:
&lt;class 'int'&gt;</msg>
<msg time="2026-06-06T11:39:45.412648" level="INFO">${farm_id_int} = 5</msg>
<var>${farm_id_int}</var>
<arg>${farm_response.json()['id']}</arg>
<doc>Converts the given item to an integer number.</doc>
<status status="PASS" start="2026-06-06T11:39:45.407532" elapsed="0.005308"/>
</kw>
<kw name="Create Dictionary" owner="BuiltIn">
<msg time="2026-06-06T11:39:45.419225" level="INFO">&amp;{field_data} = { id=0 | farm_id=5 | name=Fert Plan Test Field | area_hectares=10.5 | land_use=Grassland }</msg>
<var>&amp;{field_data}</var>
<arg>id=${0}</arg>
<arg>farm_id=${farm_id_int}</arg>
<arg>name=Fert Plan Test Field</arg>
<arg>area_hectares=${10.5}</arg>
<arg>land_use=Grassland</arg>
<doc>Creates and returns a dictionary based on the given ``items``.</doc>
<status status="PASS" start="2026-06-06T11:39:45.413569" elapsed="0.005836"/>
</kw>
<kw name="POST" owner="RequestsLibrary">
<msg time="2026-06-06T11:39:45.424353" level="DEBUG">Starting new HTTP connection (1): sward-warden-be:80</msg>
<msg time="2026-06-06T11:39:45.458023" level="DEBUG">http://sward-warden-be:80 "POST /sward/v0/fields HTTP/1.1" 200 156</msg>
<msg time="2026-06-06T11:39:45.459636" level="INFO">POST Request : url=http://sward-warden-be/sward/v0/fields 
 path_url=/sward/v0/fields 
 headers={'User-Agent': 'python-requests/2.34.2', 'Accept-Encoding': 'gzip, deflate, zstd', 'Accept': '*/*', 'Connection': 'keep-alive', 'Content-Length': '103', 'Content-Type': 'application/json'} 
 body=b'{"id": 0, "farm_id": 5, "name": "Fert Plan Test Field", "area_hectares": 10.5, "land_use": "Grassland"}' 
 </msg>
<msg time="2026-06-06T11:39:45.460081" level="INFO">POST Response : url=http://sward-warden-be/sward/v0/fields 
 status=200, reason=OK 
 headers={'content-type': 'application/json', 'vary': 'origin, access-control-request-method, access-control-request-headers', 'content-length': '156', 'date': 'Sat, 06 Jun 2026 11:39:45 GMT', 'x-envoy-upstream-service-time': '24', 'server': 'envoy'} 
 body={"id":4,"farm_id":5,"name":"Fert Plan Test Field","area_hectares":10.5,"land_use":"Grassland","updated_at":"2026-06-06T11:39:45.422945Z","is_deleted":false} 
 </msg>
<msg time="2026-06-06T11:39:45.460690" level="INFO">${field_response} = &lt;Response [200]&gt;</msg>
<var>${field_response}</var>
<arg>${BE_BASE_URL}/v0/fields</arg>
<arg>json=${field_data}</arg>
<arg>expected_status=200</arg>
<doc>Sends a POST request.</doc>
<status status="PASS" start="2026-06-06T11:39:45.420193" elapsed="0.040639"/>
</kw>
<kw name="Convert To Integer" owner="BuiltIn">
<msg time="2026-06-06T11:39:45.465719" level="DEBUG">Argument types are:
&lt;class 'int'&gt;</msg>
<msg time="2026-06-06T11:39:45.467526" level="INFO">${field_id_int} = 4</msg>
<var>${field_id_int}</var>
<arg>${field_response.json()['id']}</arg>
<doc>Converts the given item to an integer number.</doc>
<status status="PASS" start="2026-06-06T11:39:45.461527" elapsed="0.006389"/>
</kw>
<kw name="Create Dictionary" owner="BuiltIn">
<msg time="2026-06-06T11:39:45.485963" level="INFO">&amp;{plan_data} = { id=0 | field_id=4 | crop_type=Grass | target_yield=10.0 | nitrogen_requirement=100.0 | phosphorus_requirement=50.0 | potassium_requirement=50.0 | application_date=2024-05-23 }</msg>
<var>&amp;{plan_data}</var>
<arg>id=${0}</arg>
<arg>field_id=${field_id_int}</arg>
<arg>crop_type=Grass</arg>
<arg>target_yield=${10.0}</arg>
<arg>nitrogen_requirement=${100.0}</arg>
<arg>phosphorus_requirement=${50.0}</arg>
<arg>potassium_requirement=${50.0}</arg>
<arg>application_date=2024-05-23</arg>
<doc>Creates and returns a dictionary based on the given ``items``.</doc>
<status status="PASS" start="2026-06-06T11:39:45.468877" elapsed="0.017403"/>
</kw>
<kw name="POST" owner="RequestsLibrary">
<msg time="2026-06-06T11:39:45.493215" level="DEBUG">Starting new HTTP connection (1): sward-warden-be:80</msg>
<msg time="2026-06-06T11:39:45.518968" level="DEBUG">http://sward-warden-be:80 "POST /sward/v0/fertilisation_plans HTTP/1.1" 200 243</msg>
<msg time="2026-06-06T11:39:45.520954" level="INFO">POST Request : url=http://sward-warden-be/sward/v0/fertilisation_plans 
 path_url=/sward/v0/fertilisation_plans 
 headers={'User-Agent': 'python-requests/2.34.2', 'Accept-Encoding': 'gzip, deflate, zstd', 'Accept': '*/*', 'Connection': 'keep-alive', 'Content-Length': '196', 'Content-Type': 'application/json'} 
 body=b'{"id": 0, "field_id": 4, "crop_type": "Grass", "target_yield": 10.0, "nitrogen_requirement": 100.0, "phosphorus_requirement": 50.0, "potassium_requirement": 50.0, "application_date": "2024-05-23"}' 
 </msg>
<msg time="2026-06-06T11:39:45.521481" level="INFO">POST Response : url=http://sward-warden-be/sward/v0/fertilisation_plans 
 status=200, reason=OK 
 headers={'content-type': 'application/json', 'vary': 'origin, access-control-request-method, access-control-request-headers', 'content-length': '243', 'date': 'Sat, 06 Jun 2026 11:39:45 GMT', 'x-envoy-upstream-service-time': '17', 'server': 'envoy'} 
 body={"id":1,"field_id":4,"crop_type":"Grass","target_yield":10.0,"nitrogen_requirement":100.0,"phosphorus_requirement":50.0,"potassium_requirement":50.0,"application_date":"2024-05-23","updated_at":"2026-06-06T11:39:45.491580Z","is_deleted":false} 
 </msg>
<msg time="2026-06-06T11:39:45.522420" level="INFO">${create_response} = &lt;Response [200]&gt;</msg>
<var>${create_response}</var>
<arg>${BE_BASE_URL}/v0/fertilisation_plans</arg>
<arg>json=${plan_data}</arg>
<arg>expected_status=200</arg>
<doc>Sends a POST request.</doc>
<status status="PASS" start="2026-06-06T11:39:45.487338" elapsed="0.035322"/>
</kw>
<kw name="Log" owner="BuiltIn">
<msg time="2026-06-06T11:39:45.526989" level="INFO">Create Fertilisation Plan Response: {"id":1,"field_id":4,"crop_type":"Grass","target_yield":10.0,"nitrogen_requirement":100.0,"phosphorus_requirement":50.0,"potassium_requirement":50.0,"application_date":"2024-05-23","updated_at":"2026-06-06T11:39:45.491580Z","is_deleted":false}</msg>
<arg>Create Fertilisation Plan Response: ${create_response.content}</arg>
<doc>Logs the given message with the given level.</doc>
<status status="PASS" start="2026-06-06T11:39:45.523457" elapsed="0.003839"/>
</kw>
<kw name="Convert To String" owner="BuiltIn">
<msg time="2026-06-06T11:39:45.531422" level="DEBUG">Argument types are:
&lt;class 'int'&gt;</msg>
<msg time="2026-06-06T11:39:45.531991" level="INFO">${plan_id} = 1</msg>
<var>${plan_id}</var>
<arg>${create_response.json()['id']}</arg>
<doc>Converts the given item to a Unicode string.</doc>
<status status="PASS" start="2026-06-06T11:39:45.528006" elapsed="0.004133"/>
</kw>
<kw name="Should Not Be Empty" owner="BuiltIn">
<msg time="2026-06-06T11:39:45.534574" level="INFO">Length is 1.</msg>
<arg>${plan_id}</arg>
<doc>Verifies that the given item is not empty.</doc>
<status status="PASS" start="2026-06-06T11:39:45.532756" elapsed="0.002104"/>
</kw>
<kw name="GET" owner="RequestsLibrary">
<msg time="2026-06-06T11:39:45.539234" level="DEBUG">Starting new HTTP connection (1): sward-warden-be:80</msg>
<msg time="2026-06-06T11:39:45.554976" level="DEBUG">http://sward-warden-be:80 "GET /sward/v0/fertilisation_plans HTTP/1.1" 200 245</msg>
<msg time="2026-06-06T11:39:45.556696" level="INFO">GET Request : url=http://sward-warden-be/sward/v0/fertilisation_plans 
 path_url=/sward/v0/fertilisation_plans 
 headers={'User-Agent': 'python-requests/2.34.2', 'Accept-Encoding': 'gzip, deflate, zstd', 'Accept': '*/*', 'Connection': 'keep-alive'} 
 body=None 
 </msg>
<msg time="2026-06-06T11:39:45.557091" level="INFO">GET Response : url=http://sward-warden-be/sward/v0/fertilisation_plans 
 status=200, reason=OK 
 headers={'content-type': 'application/json', 'vary': 'origin, access-control-request-method, access-control-request-headers', 'content-length': '245', 'date': 'Sat, 06 Jun 2026 11:39:45 GMT', 'x-envoy-upstream-service-time': '7', 'server': 'envoy'} 
 body=[{"id":1,"field_id":4,"crop_type":"Grass","target_yield":10.0,"nitrogen_requirement":100.0,"phosphorus_requirement":50.0,"potassium_requirement":50.0,"application_date":"2024-05-23","updated_at":"2026-06-06T11:39:45.491580Z","is_deleted":false}] 
 </msg>
<msg time="2026-06-06T11:39:45.557849" level="INFO">${list_response} = &lt;Response [200]&gt;</msg>
<var>${list_response}</var>
<arg>${BE_BASE_URL}/v0/fertilisation_plans</arg>
<arg>expected_status=200</arg>
<doc>Sends a GET request.</doc>
<status status="PASS" start="2026-06-06T11:39:45.535441" elapsed="0.022599"/>
</kw>
<kw name="Log" owner="BuiltIn">
<msg time="2026-06-06T11:39:45.563883" level="INFO">List Fertilisation Plans Response: [{"id":1,"field_id":4,"crop_type":"Grass","target_yield":10.0,"nitrogen_requirement":100.0,"phosphorus_requirement":50.0,"potassium_requirement":50.0,"application_date":"2024-05-23","updated_at":"2026-06-06T11:39:45.491580Z","is_deleted":false}]</msg>
<arg>List Fertilisation Plans Response: ${list_response.content}</arg>
<doc>Logs the given message with the given level.</doc>
<status status="PASS" start="2026-06-06T11:39:45.558843" elapsed="0.005520"/>
</kw>
<kw name="Set Variable" owner="BuiltIn">
<msg time="2026-06-06T11:39:45.569450" level="INFO">${plans} = [{'id': 1, 'field_id': 4, 'crop_type': 'Grass', 'target_yield': 10.0, 'nitrogen_requirement': 100.0, 'phosphorus_requirement': 50.0, 'potassium_requirement': 50.0, 'application_date': '2024-05-23', 'u...</msg>
<var>${plans}</var>
<arg>${list_response.json()}</arg>
<doc>Returns the given values which can then be assigned to a variables.</doc>
<status status="PASS" start="2026-06-06T11:39:45.565080" elapsed="0.004583"/>
</kw>
<kw name="Should Not Be Empty" owner="BuiltIn">
<msg time="2026-06-06T11:39:45.572408" level="INFO">Length is 1.</msg>
<arg>${plans}</arg>
[...]
</kw>
<kw name="Select Options By" owner="Browser">
<msg time="2026-06-06T11:41:25.849450" level="INFO">Selects the option(s) export by attribute SelectAttribute.value from element select[name="movement_type"].</msg>
<msg time="2026-06-06T11:41:27.014585" level="DEBUG">entry {
  value: "import"
  label: "Import (Onto Farm)"
}
entry {
  value: "export"
  label: "Export (Off Farm)"
  index: 1
  selected: true
}
</msg>
<arg>select[name="movement_type"]</arg>
<arg>value</arg>
<arg>export</arg>
<tag>PageContent</tag>
<tag>Setter</tag>
<doc>Selects options from select element found by ``selector``.</doc>
<status status="PASS" start="2026-06-06T11:41:25.833736" elapsed="1.182532"/>
</kw>
<kw name="Fill Text" owner="Browser">
<msg time="2026-06-06T11:41:27.024710" level="INFO">Fills the text '250' in the given field.</msg>
<msg time="2026-06-06T11:41:27.164763" level="DEBUG">Fill text 250 on input[name="quantity_m3"] with force: false</msg>
<arg>input[name="quantity_m3"]</arg>
<arg>${quantity}</arg>
<tag>PageContent</tag>
<tag>Setter</tag>
<doc>Clears and fills the given ``txt`` into the text field found by ``selector``.</doc>
<status status="PASS" start="2026-06-06T11:41:27.017381" elapsed="0.148163"/>
</kw>
<kw name="Fill Text" owner="Browser">
<msg time="2026-06-06T11:41:27.169483" level="INFO">Fills the text '2023-11-20' in the given field.</msg>
<msg time="2026-06-06T11:41:27.278589" level="DEBUG">Fill text 2023-11-20 on input[name="date"] with force: false</msg>
<arg>input[name="date"]</arg>
<arg>2023-11-20</arg>
<tag>PageContent</tag>
<tag>Setter</tag>
<doc>Clears and fills the given ``txt`` into the text field found by ``selector``.</doc>
<status status="PASS" start="2026-06-06T11:41:27.166390" elapsed="0.112998"/>
</kw>
<kw name="Select Options By" owner="Browser">
<msg time="2026-06-06T11:41:27.288491" level="INFO">Selects the option(s) Slurry by attribute SelectAttribute.value from element select[name="manure_type"].</msg>
<msg time="2026-06-06T11:41:27.650636" level="DEBUG">entry {
  value: "Slurry"
  label: "Slurry"
  selected: true
}
entry {
  value: "Farmyard Manure"
  label: "Farmyard Manure"
  index: 1
}
entry {
  value: "Poultry Manure"
  label: "Poultry Manure"
  index: 2
}
entry {
  value: "Mushroom Compost"
  label: "Mushroom Compost"
  index: 3
}
</msg>
<arg>select[name="manure_type"]</arg>
<arg>value</arg>
<arg>Slurry</arg>
<tag>PageContent</tag>
<tag>Setter</tag>
<doc>Selects options from select element found by ``selector``.</doc>
<status status="PASS" start="2026-06-06T11:41:27.281175" elapsed="0.370408"/>
</kw>
<kw name="Fill Text" owner="Browser">
<msg time="2026-06-06T11:41:27.658297" level="INFO">Fills the text 'E2E Consignee 1394' in the given field.</msg>
<msg time="2026-06-06T11:41:27.849208" level="DEBUG">Fill text E2E Consignee 1394 on input[name="consignee_name"] with force: false</msg>
<arg>input[name="consignee_name"]</arg>
<arg>${consignee_name}</arg>
<tag>PageContent</tag>
<tag>Setter</tag>
<doc>Clears and fills the given ``txt`` into the text field found by ``selector``.</doc>
<status status="PASS" start="2026-06-06T11:41:27.652726" elapsed="0.197341"/>
</kw>
<kw name="Fill Text" owner="Browser">
<msg time="2026-06-06T11:41:27.888765" level="INFO">Fills the text '123 Export Lane' in the given field.</msg>
<msg time="2026-06-06T11:41:28.034826" level="DEBUG">Fill text 123 Export Lane on textarea[name="consignee_address"] with force: false</msg>
<arg>textarea[name="consignee_address"]</arg>
<arg>123 Export Lane</arg>
<tag>PageContent</tag>
<tag>Setter</tag>
<doc>Clears and fills the given ``txt`` into the text field found by ``selector``.</doc>
<status status="PASS" start="2026-06-06T11:41:27.851245" elapsed="0.212863"/>
</kw>
<kw name="Fill Text" owner="Browser">
<msg time="2026-06-06T11:41:28.080545" level="INFO">Fills the text 'E2E Transporter' in the given field.</msg>
<msg time="2026-06-06T11:41:28.154818" level="DEBUG">Fill text E2E Transporter on input[name="transporter_name"] with force: false</msg>
<arg>input[name="transporter_name"]</arg>
<arg>E2E Transporter</arg>
<tag>PageContent</tag>
<tag>Setter</tag>
<doc>Clears and fills the given ``txt`` into the text field found by ``selector``.</doc>
<status status="PASS" start="2026-06-06T11:41:28.065314" elapsed="0.090308"/>
</kw>
<kw name="Click" owner="Browser">
<msg time="2026-06-06T11:41:28.159033" level="INFO">Clicks the element 'button[type="submit"]'.</msg>
<msg time="2026-06-06T11:41:28.161060" level="DEBUG">Click options are: {"button": "left", "clickCount": 1, "force": false, "noWaitAfter": false, "trial": false}</msg>
<msg time="2026-06-06T11:41:30.455931" level="DEBUG">Clicked element: 'button[type="submit"]' with options: '{"button": "left", "clickCount": 1, "force": false, "noWaitAfter": false, "trial": false}' successfully.</msg>
<arg>button[type="submit"]</arg>
<tag>PageContent</tag>
<tag>Setter</tag>
<doc>Simulates mouse click on the element found by ``selector``.</doc>
<status status="PASS" start="2026-06-06T11:41:28.156558" elapsed="2.300240"/>
</kw>
<kw name="Wait For Elements State" owner="Browser">
<msg time="2026-06-06T11:41:30.740721" level="INFO">Waited for Element with selector text=To: E2E Consignee 1394 at state visible</msg>
<arg>text=To: ${consignee_name}</arg>
<arg>visible</arg>
<arg>timeout=10s</arg>
<tag>PageContent</tag>
<tag>Wait</tag>
<doc>Waits for the element found by ``selector`` to satisfy state option.</doc>
<status status="PASS" start="2026-06-06T11:41:30.457749" elapsed="0.283891"/>
</kw>
<kw name="Wait For Elements State" owner="Browser">
<msg time="2026-06-06T11:41:30.828807" level="INFO">Waited for Element with selector text=250 m³ of Slurry at state visible</msg>
<arg>text=${quantity} m³ of Slurry</arg>
<arg>visible</arg>
<arg>timeout=10s</arg>
<tag>PageContent</tag>
<tag>Wait</tag>
<doc>Waits for the element found by ``selector`` to satisfy state option.</doc>
<status status="PASS" start="2026-06-06T11:41:30.743109" elapsed="0.086732"/>
</kw>
<kw name="Sleep" owner="BuiltIn">
<msg time="2026-06-06T11:41:45.837333" level="INFO">Slept 15 seconds.</msg>
<arg>15s</arg>
<doc>Pauses the test executed for the given time.</doc>
<status status="PASS" start="2026-06-06T11:41:30.831175" elapsed="15.006512"/>
</kw>
<kw name="GET" owner="RequestsLibrary">
<msg time="2026-06-06T11:41:45.841976" level="DEBUG">Starting new HTTP connection (1): sward-warden-be:80</msg>
<msg time="2026-06-06T11:41:45.859535" level="DEBUG">http://sward-warden-be:80 "GET /sward/v0/sward-movements HTTP/1.1" 200 683</msg>
<msg time="2026-06-06T11:41:45.860721" level="INFO">GET Request : url=http://sward-warden-be/sward/v0/sward-movements 
 path_url=/sward/v0/sward-movements 
 headers={'User-Agent': 'python-requests/2.34.2', 'Accept-Encoding': 'gzip, deflate, zstd', 'Accept': '*/*', 'Connection': 'keep-alive'} 
 body=None 
 </msg>
<msg time="2026-06-06T11:41:45.861074" level="INFO">GET Response : url=http://sward-warden-be/sward/v0/sward-movements 
 status=200, reason=OK 
 headers={'content-type': 'application/json', 'vary': 'origin, access-control-request-method, access-control-request-headers', 'content-length': '683', 'date': 'Sat, 06 Jun 2026 11:41:45 GMT', 'x-envoy-upstream-service-time': '9', 'server': 'envoy'} 
 body=[{"id":1,"farm_id":10,"movement_type":"import","quantity_m3":100.0,"date":"2024-05-23","manure_type":"Cattle Slurry","consignee_name":null,"consignee_address":null,"consignor_name":null,"consignor_address":null,"transporter_name":null,"contract_length_months":null,"updated_at":"2026-06-06T11:39:46.256812Z","is_deleted":false},{"id":2,"farm_id":14,"movement_type":"export","quantity_m3":250.0,"date":"2023-11-20","manure_type":"Slurry","consignee_name":"E2E Consignee 1394","consignee_address":"123 Export Lane","consignor_name":"","consignor_address":"","transporter_name":"E2E Transporter","contract_length_months":0,"updated_at":"2026-06-06T11:41:31.104813Z","is_deleted":false}] 
 </msg>
<msg time="2026-06-06T11:41:45.861650" level="INFO">${list_response} = &lt;Response [200]&gt;</msg>
<var>${list_response}</var>
<arg>${BE_BASE_URL}/v0/sward-movements</arg>
<arg>expected_status=200</arg>
<doc>Sends a GET request.</doc>
<status status="PASS" start="2026-06-06T11:41:45.838345" elapsed="0.023525"/>
</kw>
<kw name="Set Variable" owner="BuiltIn">
<msg time="2026-06-06T11:41:45.867487" level="INFO">${movements} = [{'id': 1, 'farm_id': 10, 'movement_type': 'import', 'quantity_m3': 100.0, 'date': '2024-05-23', 'manure_type': 'Cattle Slurry', 'consignee_name': None, 'consignee_address': None, 'consignor_name': No...</msg>
<var>${movements}</var>
<arg>${list_response.json()}</arg>
<doc>Returns the given values which can then be assigned to a variables.</doc>
<status status="PASS" start="2026-06-06T11:41:45.862628" elapsed="0.005039"/>
</kw>
<kw name="Set Variable" owner="BuiltIn">
<msg time="2026-06-06T11:41:45.870731" level="INFO">${found_movement} = False</msg>
<var>${found_movement}</var>
<arg>${False}</arg>
<doc>Returns the given values which can then be assigned to a variables.</doc>
<status status="PASS" start="2026-06-06T11:41:45.868518" elapsed="0.002432"/>
</kw>
<for flavor="IN">
<iter>
<kw name="Evaluate" owner="BuiltIn">
<msg time="2026-06-06T11:41:45.877467" level="INFO">${current_consignee} = None</msg>
<var>${current_consignee}</var>
<arg>$movement.get('consignee_name', '')</arg>
<doc>Evaluates the given expression in Python and returns the result.</doc>
<status status="PASS" start="2026-06-06T11:41:45.873890" elapsed="0.003846"/>
</kw>
<kw name="Evaluate" owner="BuiltIn">
<msg time="2026-06-06T11:41:45.881513" level="INFO">${current_farm_id} = 10</msg>
<var>${current_farm_id}</var>
<arg>str($movement.get('farm_id', ''))</arg>
<doc>Evaluates the given expression in Python and returns the result.</doc>
<status status="PASS" start="2026-06-06T11:41:45.878501" elapsed="0.003248"/>
</kw>
<if>
<branch type="IF" condition="'${current_consignee}' == '${consignee_name}' and '${current_farm_id}' == '${TEST_FARM_ID}'">
<kw name="Set Variable" owner="BuiltIn">
<var>${found_movement}</var>
<arg>${True}</arg>
<doc>Returns the given values which can then be assigned to a variables.</doc>
<status status="NOT RUN" start="2026-06-06T11:41:45.884687" elapsed="0.000711"/>
</kw>
<break>
<status status="NOT RUN" start="2026-06-06T11:41:45.885976" elapsed="0.001509"/>
</break>
<status status="NOT RUN" start="2026-06-06T11:41:45.882478" elapsed="0.005547"/>
</branch>
<status status="PASS" start="2026-06-06T11:41:45.882314" elapsed="0.006026"/>
</if>
<var name="${movement}">{'id': 1, 'farm_id': 10, 'movement_type': 'import', 'quantity_m3': 100.0, 'date': '2024-05-23', 'manure_type': 'Cattle Slurry', 'consignee_name': None, 'consignee_address': None, 'consignor_name': Non...</var>
<status status="PASS" start="2026-06-06T11:41:45.873095" elapsed="0.015461"/>
</iter>
<iter>
<kw name="Evaluate" owner="BuiltIn">
<msg time="2026-06-06T11:41:45.897458" level="INFO">${current_consignee} = E2E Consignee 1394</msg>
<var>${current_consignee}</var>
<arg>$movement.get('consignee_name', '')</arg>
<doc>Evaluates the given expression in Python and returns the result.</doc>
<status status="PASS" start="2026-06-06T11:41:45.891216" elapsed="0.006629"/>
</kw>
<kw name="Evaluate" owner="BuiltIn">
<msg time="2026-06-06T11:41:45.904106" level="INFO">${current_farm_id} = 14</msg>
<var>${current_farm_id}</var>
<arg>str($movement.get('farm_id', ''))</arg>
<doc>Evaluates the given expression in Python and returns the result.</doc>
<status status="PASS" start="2026-06-06T11:41:45.899727" elapsed="0.004638"/>
</kw>
<if>
<branch type="IF" condition="'${current_consignee}' == '${consignee_name}' and '${current_farm_id}' == '${TEST_FARM_ID}'">
<kw name="Set Variable" owner="BuiltIn">
<msg time="2026-06-06T11:41:45.910893" level="INFO">${found_movement} = True</msg>
<var>${found_movement}</var>
<arg>${True}</arg>
<doc>Returns the given values which can then be assigned to a variables.</doc>
<status status="PASS" start="2026-06-06T11:41:45.907687" elapsed="0.003493"/>
</kw>
<break>
<status status="PASS" start="2026-06-06T11:41:45.912166" elapsed="0.000646"/>
</break>
<status status="PASS" start="2026-06-06T11:41:45.905353" elapsed="0.008178"/>
</branch>
<status status="PASS" start="2026-06-06T11:41:45.905190" elapsed="0.008737"/>
</if>
<var name="${movement}">{'id': 2, 'farm_id': 14, 'movement_type': 'export', 'quantity_m3': 250.0, 'date': '2023-11-20', 'manure_type': 'Slurry', 'consignee_name': 'E2E Consignee 1394', 'consignee_address': '123 Export Lane',...</var>
<status status="PASS" start="2026-06-06T11:41:45.889606" elapsed="0.024495"/>
</iter>
<var>${movement}</var>
<value>@{movements}</value>
<status status="PASS" start="2026-06-06T11:41:45.871421" elapsed="0.043052"/>
</for>
<kw name="Should Be True" owner="BuiltIn">
<arg>${found_movement}</arg>
<arg>Movement not found in API response</arg>
<doc>Fails if the given condition is not true.</doc>
<status status="PASS" start="2026-06-06T11:41:45.916443" elapsed="0.003139"/>
</kw>
<kw name="Teardown And Clean Up Farm" type="TEARDOWN">
<kw name="Run Keyword And Ignore Error" owner="BuiltIn">
<kw name="DELETE" owner="RequestsLibrary">
<msg time="2026-06-06T11:41:45.934296" level="DEBUG">Starting new HTTP connection (1): sward-warden-be:80</msg>
<msg time="2026-06-06T11:41:45.953211" level="DEBUG">http://sward-warden-be:80 "DELETE /sward/v0/farms/14 HTTP/1.1" 204 0</msg>
<msg time="2026-06-06T11:41:45.955558" level="INFO">DELETE Request : url=http://sward-warden-be/sward/v0/farms/14 
 path_url=/sward/v0/farms/14 
 headers={'User-Agent': 'python-requests/2.34.2', 'Accept-Encoding': 'gzip, deflate, zstd', 'Accept': '*/*', 'Connection': 'keep-alive', 'Content-Length': '0'} 
 body=None 
 </msg>
<msg time="2026-06-06T11:41:45.955987" level="INFO">DELETE Response : url=http://sward-warden-be/sward/v0/farms/14 
 status=204, reason=No Content 
 headers={'vary': 'origin, access-control-request-method, access-control-request-headers', 'date': 'Sat, 06 Jun 2026 11:41:45 GMT', 'x-envoy-upstream-service-time': '10', 'server': 'envoy'} 
 body=None 
 </msg>
<arg>${BE_BASE_URL}/v0/farms/${TEST_FARM_ID}</arg>
<doc>Sends a DELETE request.</doc>
<status status="PASS" start="2026-06-06T11:41:45.929824" elapsed="0.026620"/>
</kw>
<arg>DELETE</arg>
<arg>${BE_BASE_URL}/v0/farms/${TEST_FARM_ID}</arg>
<doc>Runs the given keyword with the given arguments and ignores possible error.</doc>
<status status="PASS" start="2026-06-06T11:41:45.923479" elapsed="0.033561"/>
</kw>
<kw name="Teardown With Video" owner="video_resource">
<kw name="Close Context" owner="Browser">
<msg time="2026-06-06T11:41:45.975212" level="INFO">Switching browser to CURRENT</msg>
<msg time="2026-06-06T11:41:45.985196" level="INFO">Returned active browser id. CURRENT</msg>
<msg time="2026-06-06T11:41:45.992333" level="INFO">Switching context to CURRENT in CURRENT</msg>
<msg time="2026-06-06T11:41:46.007253" level="INFO">Returned active context id: CURRENT</msg>
<msg time="2026-06-06T11:41:46.009324" level="INFO">Switching context to context=785ecd02-1ada-44a2-a7ac-7c9b9fd8e92e in CURRENT</msg>
<msg time="2026-06-06T11:41:46.025081" level="INFO">Successfully changed active context: context=785ecd02-1ada-44a2-a7ac-7c9b9fd8e92e</msg>
<msg time="2026-06-06T11:41:52.321635" level="INFO">Successfully closed Context</msg>
<tag>BrowserControl</tag>
<tag>Setter</tag>
<doc>Closes a Context.</doc>
<status status="PASS" start="2026-06-06T11:41:45.960302" elapsed="6.362420"/>
</kw>
<kw name="Set Variable" owner="BuiltIn">
<msg time="2026-06-06T11:41:52.327074" level="INFO">${video_dir} = /tmp/reports/videos</msg>
<var>${video_dir}</var>
<arg>${OUTPUT_DIR}/videos</arg>
<doc>Returns the given values which can then be assigned to a variables.</doc>
<status status="PASS" start="2026-06-06T11:41:52.323988" elapsed="0.003363"/>
</kw>
<kw name="Run" owner="OperatingSystem">
<msg time="2026-06-06T11:41:52.331686" level="INFO">Running command 'ls -t "/tmp/reports/videos"/*.webm 2&gt;/dev/null | head -1'.</msg>
<msg time="2026-06-06T11:41:52.346011" level="INFO">${result} = /tmp/reports/videos/page@ada57691155a54b7bf371746982525cd.webm</msg>
<var>${result}</var>
<arg>ls -t "${video_dir}"/*.webm 2&gt;/dev/null | head -1</arg>
<doc>_This keyword is considered deprecated. Use the
[http://robotframework.org/robotframework/latest/libraries/Process.html|
Process] library instead._</doc>
<status status="PASS" start="2026-06-06T11:41:52.328573" elapsed="0.017648"/>
</kw>
<if>
<branch type="IF" condition="&quot;${result}&quot; != &quot;&quot;">
<kw name="Evaluate" owner="BuiltIn">
<msg time="2026-06-06T11:41:52.350569" level="INFO">${filename} = page@ada57691155a54b7bf371746982525cd.webm</msg>
<var>${filename}</var>
<arg>"${result}".split("/")[-1]</arg>
<doc>Evaluates the given expression in Python and returns the result.</doc>
<status status="PASS" start="2026-06-06T11:41:52.348462" elapsed="0.002316"/>
</kw>
<kw name="Log" owner="BuiltIn">
<msg time="2026-06-06T11:41:52.355094" level="INFO" html="true">&lt;video src="videos/page@ada57691155a54b7bf371746982525cd.webm" width="800" controls autoplay muted&gt;&lt;/video&gt;</msg>
<arg>&lt;video src="videos/${filename}" width="800" controls autoplay muted&gt;&lt;/video&gt;</arg>
<arg>html=True</arg>
<doc>Logs the given message with the given level.</doc>
<status status="PASS" start="2026-06-06T11:41:52.351508" elapsed="0.003939"/>
</kw>
<status status="PASS" start="2026-06-06T11:41:52.346814" elapsed="0.009031"/>
</branch>
<status status="PASS" start="2026-06-06T11:41:52.346670" elapsed="0.009498"/>
</if>
<kw name="Close Browser" owner="Browser">
<msg time="2026-06-06T11:41:52.476430" level="INFO">Closed all browsers</msg>
<arg>ALL</arg>
<tag>BrowserControl</tag>
<tag>Setter</tag>
<doc>Closes the current browser.</doc>
<status status="PASS" start="2026-06-06T11:41:52.356778" elapsed="0.120214"/>
</kw>
<doc>Close the browser context to finalize the video, then embed it in the log/report.</doc>
<status status="PASS" start="2026-06-06T11:41:45.958226" elapsed="6.519114"/>
</kw>
<status status="PASS" start="2026-06-06T11:41:45.921253" elapsed="6.556310"/>
</kw>
<doc>Test sward movement creation flow end-to-end within a specific farm.</doc>
<status status="PASS" start="2026-06-06T11:41:16.173794" elapsed="36.303943"/>
</test>
<status status="PASS" start="2026-06-06T11:41:16.114644" elapsed="36.383042"/>
</suite>
<status status="PASS" start="2026-06-06T11:39:43.605662" elapsed="128.919836"/>
</suite>
<status status="PASS" start="2026-06-06T11:39:43.426306" elapsed="129.103586"/>
</suite>
<statistics>
<total>
<stat pass="24" fail="0" skip="0">All Tests</stat>
</total>
<tag>
<stat pass="1" fail="0" skip="0">k8s_only</stat>
</tag>
<suite>
<stat name="Robot-Tests" id="s1" pass="24" fail="0" skip="0">Robot-Tests</stat>
<stat name="Tests" id="s1-s1" pass="24" fail="0" skip="0">Robot-Tests.Tests</stat>
<stat name="Test Be" id="s1-s1-s1" pass="16" fail="0" skip="0">Robot-Tests.Tests.Test Be</stat>
<stat name="Test External Dns" id="s1-s1-s2" pass="1" fail="0" skip="0">Robot-Tests.Tests.Test External Dns</stat>
<stat name="Test Farm Flow" id="s1-s1-s3" pass="1" fail="0" skip="0">Robot-Tests.Tests.Test Farm Flow</stat>
<stat name="Test Fe" id="s1-s1-s4" pass="1" fail="0" skip="0">Robot-Tests.Tests.Test Fe</stat>
<stat name="Test Field Flow" id="s1-s1-s5" pass="1" fail="0" skip="0">Robot-Tests.Tests.Test Field Flow</stat>
<stat name="Test Navigation" id="s1-s1-s6" pass="1" fail="0" skip="0">Robot-Tests.Tests.Test Navigation</stat>
<stat name="Test Profile" id="s1-s1-s7" pass="1" fail="0" skip="0">Robot-Tests.Tests.Test Profile</stat>
<stat name="Test Self Healing" id="s1-s1-s8" pass="1" fail="0" skip="0">Robot-Tests.Tests.Test Self Healing</stat>
<stat name="Test Sward Movements" id="s1-s1-s9" pass="1" fail="0" skip="0">Robot-Tests.Tests.Test Sward Movements</stat>
</suite>
</statistics>
<errors>
</errors>
</robot>
