<?xml version="1.0" encoding="UTF-8"?>
<robot generator="Robot 7.4.2 (Python 3.14.5 on linux)" generated="2026-06-20T08:38:24.772021" rpa="false" schemaversion="5">
<suite id="s1" name="Robot-Tests" source="/tmp/robot-tests">
<suite id="s1-s1" name="Tests" source="/tmp/robot-tests/tests">
<suite id="s1-s1-s1" name="Test Be" source="/tmp/robot-tests/tests/test_be.robot">
<test id="s1-s1-s1-t1" name="Be Health Check" line="9">
<kw name="Skip If" owner="BuiltIn">
<arg>'${BE_POD_IP}' == '${EMPTY}'</arg>
<arg>BE_POD_IP is empty</arg>
<doc>Skips the rest of the current test if the ``condition`` is True.</doc>
<status status="PASS" start="2026-06-20T08:38:24.900599" elapsed="0.000764"/>
</kw>
<kw name="GET" owner="AuthRequests">
<msg time="2026-06-20T08:38:24.903009" level="DEBUG">Starting new HTTP connection (1): 10.244.6.33:8079</msg>
<msg time="2026-06-20T08:38:24.908451" level="DEBUG">http://10.244.6.33:8079 "GET /hams/alive HTTP/1.1" 200 29</msg>
<msg time="2026-06-20T08:38:24.908740" level="INFO">GET Request : url=http://10.244.6.33:8079/hams/alive 
 path_url=/hams/alive 
 headers={'User-Agent': 'python-requests/2.34.2', 'Accept-Encoding': 'gzip, deflate, zstd', 'Accept': '*/*', 'Connection': 'keep-alive'} 
 body=None 
 </msg>
<msg time="2026-06-20T08:38:24.908846" level="INFO">GET Response : url=http://10.244.6.33:8079/hams/alive 
 status=200, reason=OK 
 headers={'content-type': 'application/json', 'content-length': '29', 'date': 'Sat, 20 Jun 2026 08:38:24 GMT', 'x-envoy-upstream-service-time': '0', 'server': 'istio-envoy', 'x-envoy-decorator-operation': ':0/*'} 
 body={"name":"alive","valid":true} 
 </msg>
<msg time="2026-06-20T08:38:24.908973" level="INFO">${response} = &lt;Response [200]&gt;</msg>
<var>${response}</var>
<arg>http://${BE_POD_IP}:8079/hams/alive</arg>
<arg>expected_status=200</arg>
<doc>Sends a GET request.</doc>
<status status="PASS" start="2026-06-20T08:38:24.901526" elapsed="0.007478"/>
</kw>
<kw name="Log" owner="BuiltIn">
<msg time="2026-06-20T08:38:24.909737" level="INFO">Health Response: {"name":"alive","valid":true}</msg>
<arg>Health Response: ${response.content}</arg>
<doc>Logs the given message with the given level.</doc>
<status status="PASS" start="2026-06-20T08:38:24.909140" elapsed="0.000653"/>
</kw>
<doc>Test to verify the be health endpoint is responding directly on the pod IP.</doc>
<status status="PASS" start="2026-06-20T08:38:24.899738" elapsed="0.010171"/>
</test>
<test id="s1-s1-s1-t2" name="Be API Hello Check" line="15">
<kw name="GET" owner="AuthRequests">
<msg time="2026-06-20T08:38:24.911501" level="DEBUG">Starting new HTTP connection (1): sward-warden-be:80</msg>
<msg time="2026-06-20T08:38:24.934403" level="DEBUG">http://sward-warden-be:80 "POST /sward/dev/auth/token HTTP/1.1" 200 601</msg>
<msg time="2026-06-20T08:38:24.935320" level="DEBUG">Starting new HTTP connection (1): sward-warden-be:80</msg>
<msg time="2026-06-20T08:38:24.939742" level="DEBUG">http://sward-warden-be:80 "GET /sward/v0/hello HTTP/1.1" 200 19</msg>
<msg time="2026-06-20T08:38:24.940012" level="INFO">GET Request : url=http://sward-warden-be/sward/v0/hello 
 path_url=/sward/v0/hello 
 headers={'User-Agent': 'python-requests/2.34.2', 'Accept-Encoding': 'gzip, deflate, zstd', 'Accept': '*/*', 'Connection': 'keep-alive', 'Authorization': 'Bearer eyJhbGciOiJSUzI1NiIsImtpZCI6ImRldi1rZXktMSIsInR5cCI6IkpXVCJ9.eyJpYXQiOjE3ODE5NDQ3MDQsImV4cCI6MTc4MjAzMTEwNCwibmJmIjoxNzgxOTQ0NzA0LCJpc3MiOiJodHRwOi8vbG9jYWxob3N0OjgwODAiLCJzdWIiOiIxIiwiYXVkIjoic3dhcmQtYXBpIiwic3dhcmRfcm9sZXMiOlsidXNlciJdfQ.pAwPSJQbOb0CSba-QWrjhk_tE651uldAWslpMSb5aW9NEzgw2EX7f0WXATuEXP_5zSMC0QNhmuBEGLu3P3wLmhikAmHn8WejLZXNsvYZluPJTAeTyQ54laCwbH9m9qnEcoNK2TkX37DMPtxlYJslOrBlzJGR_Tf31plSSLcmWSr8PkvO_eC1OYNFY3NDd4KQhaJiGUyvWnxB4QKO2F5mPJh8tRLdpUltmHGF23ro_CYsVDoHAqwbLTs1cbL0mGMDWxOtfRoB-T-uKSt6OZdzUCHiAckaaZkSW9hoeu7K5Vz7DwKYURNPgtw8ihcoUfrnJUgyF8SeupORkSeyYgdLyQ'} 
 body=None 
 </msg>
<msg time="2026-06-20T08:38:24.940104" level="INFO">GET Response : url=http://sward-warden-be/sward/v0/hello 
 status=200, reason=OK 
 headers={'content-type': 'application/json', 'vary': 'origin, access-control-request-method, access-control-request-headers', 'content-length': '19', 'date': 'Sat, 20 Jun 2026 08:38:24 GMT', 'x-envoy-upstream-service-time': '1', 'server': 'envoy'} 
 body={"message":"hello"} 
 </msg>
<msg time="2026-06-20T08:38:24.940360" level="INFO">${response} = &lt;Response [200]&gt;</msg>
<var>${response}</var>
<arg>${BE_BASE_URL}/v0/hello</arg>
<arg>expected_status=200</arg>
<doc>Sends a GET request.</doc>
<status status="PASS" start="2026-06-20T08:38:24.910428" elapsed="0.029963"/>
</kw>
<kw name="Log" owner="BuiltIn">
<msg time="2026-06-20T08:38:24.941103" level="INFO">API Response: {"message":"hello"}</msg>
<arg>API Response: ${response.content}</arg>
<doc>Logs the given message with the given level.</doc>
<status status="PASS" start="2026-06-20T08:38:24.940523" elapsed="0.000631"/>
</kw>
<kw name="Should Be Equal As Strings" owner="BuiltIn">
<msg time="2026-06-20T08:38:24.941765" level="DEBUG">Argument types are:
&lt;class 'str'&gt;
&lt;class 'str'&gt;</msg>
<arg>${response.json()['message']}</arg>
<arg>hello</arg>
<doc>Fails if objects are unequal after converting them to strings.</doc>
<status status="PASS" start="2026-06-20T08:38:24.941252" elapsed="0.000580"/>
</kw>
<doc>Test to verify the be API hello endpoint via the Service (default port 80).</doc>
<status status="PASS" start="2026-06-20T08:38:24.910099" elapsed="0.031854"/>
</test>
<test id="s1-s1-s1-t3" name="Be API Hello Check via Pod" line="21">
<kw name="Skip If" owner="BuiltIn">
<arg>'${BE_POD_IP}' == '${EMPTY}'</arg>
<arg>BE_POD_IP is empty</arg>
<doc>Skips the rest of the current test if the ``condition`` is True.</doc>
<status status="PASS" start="2026-06-20T08:38:24.942756" elapsed="0.000504"/>
</kw>
<kw name="GET" owner="AuthRequests">
<msg time="2026-06-20T08:38:24.944285" level="DEBUG">Starting new HTTP connection (1): 10.244.6.33:8080</msg>
<msg time="2026-06-20T08:38:24.953316" level="DEBUG">http://10.244.6.33:8080 "GET /hello HTTP/1.1" 200 19</msg>
<msg time="2026-06-20T08:38:24.953584" level="INFO">GET Request : url=http://10.244.6.33:8080/hello 
 path_url=/hello 
 headers={'User-Agent': 'python-requests/2.34.2', 'Accept-Encoding': 'gzip, deflate, zstd', 'Accept': '*/*', 'Connection': 'keep-alive', 'Authorization': 'Bearer eyJhbGciOiJSUzI1NiIsImtpZCI6ImRldi1rZXktMSIsInR5cCI6IkpXVCJ9.eyJpYXQiOjE3ODE5NDQ3MDQsImV4cCI6MTc4MjAzMTEwNCwibmJmIjoxNzgxOTQ0NzA0LCJpc3MiOiJodHRwOi8vbG9jYWxob3N0OjgwODAiLCJzdWIiOiIxIiwiYXVkIjoic3dhcmQtYXBpIiwic3dhcmRfcm9sZXMiOlsidXNlciJdfQ.pAwPSJQbOb0CSba-QWrjhk_tE651uldAWslpMSb5aW9NEzgw2EX7f0WXATuEXP_5zSMC0QNhmuBEGLu3P3wLmhikAmHn8WejLZXNsvYZluPJTAeTyQ54laCwbH9m9qnEcoNK2TkX37DMPtxlYJslOrBlzJGR_Tf31plSSLcmWSr8PkvO_eC1OYNFY3NDd4KQhaJiGUyvWnxB4QKO2F5mPJh8tRLdpUltmHGF23ro_CYsVDoHAqwbLTs1cbL0mGMDWxOtfRoB-T-uKSt6OZdzUCHiAckaaZkSW9hoeu7K5Vz7DwKYURNPgtw8ihcoUfrnJUgyF8SeupORkSeyYgdLyQ'} 
 body=None 
 </msg>
<msg time="2026-06-20T08:38:24.953644" level="INFO">GET Response : url=http://10.244.6.33:8080/hello 
 status=200, reason=OK 
 headers={'content-type': 'application/json', 'vary': 'origin, access-control-request-method, access-control-request-headers', 'content-length': '19', 'date': 'Sat, 20 Jun 2026 08:38:24 GMT', 'x-envoy-upstream-service-time': '4', 'server': 'envoy'} 
 body={"message":"hello"} 
 </msg>
<msg time="2026-06-20T08:38:24.953762" level="INFO">${response} = &lt;Response [200]&gt;</msg>
<var>${response}</var>
<arg>http://${BE_POD_IP}:8080/hello</arg>
<arg>expected_status=200</arg>
<doc>Sends a GET request.</doc>
<status status="PASS" start="2026-06-20T08:38:24.943415" elapsed="0.010374"/>
</kw>
<kw name="Log" owner="BuiltIn">
<msg time="2026-06-20T08:38:24.954496" level="INFO">API Response: {"message":"hello"}</msg>
<arg>API Response: ${response.content}</arg>
<doc>Logs the given message with the given level.</doc>
<status status="PASS" start="2026-06-20T08:38:24.953918" elapsed="0.000627"/>
</kw>
<kw name="Should Be Equal As Strings" owner="BuiltIn">
<msg time="2026-06-20T08:38:24.955143" level="DEBUG">Argument types are:
&lt;class 'str'&gt;
&lt;class 'str'&gt;</msg>
<arg>${response.json()['message']}</arg>
<arg>hello</arg>
<doc>Fails if objects are unequal after converting them to strings.</doc>
<status status="PASS" start="2026-06-20T08:38:24.954645" elapsed="0.000577"/>
</kw>
<doc>Test to verify the be API hello endpoint directly on the pod IP (port 8080).</doc>
<status status="PASS" start="2026-06-20T08:38:24.942297" elapsed="0.013032"/>
</test>
<test id="s1-s1-s1-t4" name="Be API Prefixed Hello Check" line="28">
<kw name="GET" owner="AuthRequests">
<msg time="2026-06-20T08:38:24.956807" level="DEBUG">Starting new HTTP connection (1): sward-warden-be:80</msg>
<msg time="2026-06-20T08:38:24.970792" level="DEBUG">http://sward-warden-be:80 "GET /sward/v0/hello HTTP/1.1" 200 19</msg>
<msg time="2026-06-20T08:38:24.971063" level="INFO">GET Request : url=http://sward-warden-be/sward/v0/hello 
 path_url=/sward/v0/hello 
 headers={'User-Agent': 'python-requests/2.34.2', 'Accept-Encoding': 'gzip, deflate, zstd', 'Accept': '*/*', 'Connection': 'keep-alive', 'Authorization': 'Bearer eyJhbGciOiJSUzI1NiIsImtpZCI6ImRldi1rZXktMSIsInR5cCI6IkpXVCJ9.eyJpYXQiOjE3ODE5NDQ3MDQsImV4cCI6MTc4MjAzMTEwNCwibmJmIjoxNzgxOTQ0NzA0LCJpc3MiOiJodHRwOi8vbG9jYWxob3N0OjgwODAiLCJzdWIiOiIxIiwiYXVkIjoic3dhcmQtYXBpIiwic3dhcmRfcm9sZXMiOlsidXNlciJdfQ.pAwPSJQbOb0CSba-QWrjhk_tE651uldAWslpMSb5aW9NEzgw2EX7f0WXATuEXP_5zSMC0QNhmuBEGLu3P3wLmhikAmHn8WejLZXNsvYZluPJTAeTyQ54laCwbH9m9qnEcoNK2TkX37DMPtxlYJslOrBlzJGR_Tf31plSSLcmWSr8PkvO_eC1OYNFY3NDd4KQhaJiGUyvWnxB4QKO2F5mPJh8tRLdpUltmHGF23ro_CYsVDoHAqwbLTs1cbL0mGMDWxOtfRoB-T-uKSt6OZdzUCHiAckaaZkSW9hoeu7K5Vz7DwKYURNPgtw8ihcoUfrnJUgyF8SeupORkSeyYgdLyQ'} 
 body=None 
 </msg>
<msg time="2026-06-20T08:38:24.971124" level="INFO">GET Response : url=http://sward-warden-be/sward/v0/hello 
 status=200, reason=OK 
 headers={'content-type': 'application/json', 'vary': 'origin, access-control-request-method, access-control-request-headers', 'content-length': '19', 'date': 'Sat, 20 Jun 2026 08:38:24 GMT', 'x-envoy-upstream-service-time': '6', 'server': 'envoy'} 
 body={"message":"hello"} 
 </msg>
<msg time="2026-06-20T08:38:24.971241" level="INFO">${response} = &lt;Response [200]&gt;</msg>
<var>${response}</var>
<arg>${BE_BASE_URL}/v0/hello</arg>
<arg>expected_status=200</arg>
<doc>Sends a GET request.</doc>
<status status="PASS" start="2026-06-20T08:38:24.955886" elapsed="0.015383"/>
</kw>
<kw name="Log" owner="BuiltIn">
<msg time="2026-06-20T08:38:24.971982" level="INFO">API Response: {"message":"hello"}</msg>
<arg>API Response: ${response.content}</arg>
<doc>Logs the given message with the given level.</doc>
<status status="PASS" start="2026-06-20T08:38:24.971407" elapsed="0.000631"/>
</kw>
<kw name="Should Be Equal As Strings" owner="BuiltIn">
<msg time="2026-06-20T08:38:24.972711" level="DEBUG">Argument types are:
&lt;class 'str'&gt;
&lt;class 'str'&gt;</msg>
<arg>${response.json()['message']}</arg>
<arg>hello</arg>
<doc>Fails if objects are unequal after converting them to strings.</doc>
<status status="PASS" start="2026-06-20T08:38:24.972179" elapsed="0.000592"/>
</kw>
<doc>Test to verify the be API hello endpoint with prefix.</doc>
<status status="PASS" start="2026-06-20T08:38:24.955542" elapsed="0.017336"/>
</test>
<test id="s1-s1-s1-t5" name="Users BREAD Operations" line="35">
<kw name="Evaluate" owner="BuiltIn">
<msg time="2026-06-20T08:38:24.973973" level="INFO">${random_str} = 5643</msg>
<var>${random_str}</var>
<arg>str(random.randint(1000, 9999))</arg>
<arg>modules=random</arg>
<doc>Evaluates the given expression in Python and returns the result.</doc>
<status status="PASS" start="2026-06-20T08:38:24.973470" elapsed="0.000537"/>
</kw>
<kw name="Create Dictionary" owner="BuiltIn">
<msg time="2026-06-20T08:38:24.975053" level="INFO">&amp;{user_data} = { id=0 | name=Test User | email=test_5643@example.com | role=user }</msg>
<var>&amp;{user_data}</var>
<arg>id=${0}</arg>
<arg>name=Test User</arg>
<arg>email=test_${random_str}@example.com</arg>
<arg>role=user</arg>
<doc>Creates and returns a dictionary based on the given ``items``.</doc>
<status status="PASS" start="2026-06-20T08:38:24.974142" elapsed="0.000962"/>
</kw>
<kw name="POST" owner="AuthRequests">
<msg time="2026-06-20T08:38:24.976850" level="DEBUG">Starting new HTTP connection (1): sward-warden-be:80</msg>
<msg time="2026-06-20T08:38:24.996471" level="DEBUG">http://sward-warden-be:80 "POST /sward/v0/users HTTP/1.1" 200 105</msg>
<msg time="2026-06-20T08:38:24.996783" level="INFO">POST Request : url=http://sward-warden-be/sward/v0/users 
 path_url=/sward/v0/users 
 headers={'User-Agent': 'python-requests/2.34.2', 'Accept-Encoding': 'gzip, deflate, zstd', 'Accept': '*/*', 'Connection': 'keep-alive', 'Authorization': 'Bearer eyJhbGciOiJSUzI1NiIsImtpZCI6ImRldi1rZXktMSIsInR5cCI6IkpXVCJ9.eyJpYXQiOjE3ODE5NDQ3MDQsImV4cCI6MTc4MjAzMTEwNCwibmJmIjoxNzgxOTQ0NzA0LCJpc3MiOiJodHRwOi8vbG9jYWxob3N0OjgwODAiLCJzdWIiOiIxIiwiYXVkIjoic3dhcmQtYXBpIiwic3dhcmRfcm9sZXMiOlsidXNlciJdfQ.pAwPSJQbOb0CSba-QWrjhk_tE651uldAWslpMSb5aW9NEzgw2EX7f0WXATuEXP_5zSMC0QNhmuBEGLu3P3wLmhikAmHn8WejLZXNsvYZluPJTAeTyQ54laCwbH9m9qnEcoNK2TkX37DMPtxlYJslOrBlzJGR_Tf31plSSLcmWSr8PkvO_eC1OYNFY3NDd4KQhaJiGUyvWnxB4QKO2F5mPJh8tRLdpUltmHGF23ro_CYsVDoHAqwbLTs1cbL0mGMDWxOtfRoB-T-uKSt6OZdzUCHiAckaaZkSW9hoeu7K5Vz7DwKYURNPgtw8ihcoUfrnJUgyF8SeupORkSeyYgdLyQ', 'Content-Length': '80', 'Content-Type': 'application/json'} 
 body=b'{"id": 0, "name": "Test User", "email": "test_5643@example.com", "role": "user"}' 
 </msg>
<msg time="2026-06-20T08:38:24.996852" level="INFO">POST Response : url=http://sward-warden-be/sward/v0/users 
 status=200, reason=OK 
 headers={'content-type': 'application/json', 'vary': 'origin, access-control-request-method, access-control-request-headers', 'content-length': '105', 'date': 'Sat, 20 Jun 2026 08:38:24 GMT', 'x-envoy-upstream-service-time': '16', 'server': 'envoy'} 
 body={"id":1,"name":"Test User","email":"test_5643@example.com","role":"user","phone":null,"description":null} 
 </msg>
<msg time="2026-06-20T08:38:24.997061" level="INFO">${create_response} = &lt;Response [200]&gt;</msg>
<var>${create_response}</var>
<arg>${BE_BASE_URL}/v0/users</arg>
<arg>json=${user_data}</arg>
<arg>expected_status=200</arg>
<doc>Sends a POST request.</doc>
<status status="PASS" start="2026-06-20T08:38:24.975247" elapsed="0.021844"/>
</kw>
<kw name="Log" owner="BuiltIn">
<msg time="2026-06-20T08:38:24.997772" level="INFO">Create User Response: {"id":1,"name":"Test User","email":"test_5643@example.com","role":"user","phone":null,"description":null}</msg>
<arg>Create User Response: ${create_response.content}</arg>
<doc>Logs the given message with the given level.</doc>
<status status="PASS" start="2026-06-20T08:38:24.997222" elapsed="0.000598"/>
</kw>
<kw name="Convert To String" owner="BuiltIn">
<msg time="2026-06-20T08:38:24.998404" level="DEBUG">Argument types are:
&lt;class 'int'&gt;</msg>
<msg time="2026-06-20T08:38:24.998487" level="INFO">${user_id} = 1</msg>
<var>${user_id}</var>
<arg>${create_response.json()['id']}</arg>
<doc>Converts the given item to a Unicode string.</doc>
<status status="PASS" start="2026-06-20T08:38:24.997915" elapsed="0.000596"/>
</kw>
<kw name="Should Not Be Empty" owner="BuiltIn">
<msg time="2026-06-20T08:38:24.998998" level="INFO">Length is 1.</msg>
<arg>${user_id}</arg>
<doc>Verifies that the given item is not empty.</doc>
<status status="PASS" start="2026-06-20T08:38:24.998603" elapsed="0.000443"/>
</kw>
<kw name="Should Be Equal As Strings" owner="BuiltIn">
<msg time="2026-06-20T08:38:24.999639" level="DEBUG">Argument types are:
&lt;class 'str'&gt;
&lt;class 'str'&gt;</msg>
<arg>${create_response.json()['name']}</arg>
<arg>Test User</arg>
<doc>Fails if objects are unequal after converting them to strings.</doc>
<status status="PASS" start="2026-06-20T08:38:24.999138" elapsed="0.000559"/>
</kw>
<kw name="Should Be Equal As Strings" owner="BuiltIn">
<msg time="2026-06-20T08:38:25.000389" level="DEBUG">Argument types are:
&lt;class 'str'&gt;
&lt;class 'str'&gt;</msg>
<arg>${create_response.json()['email']}</arg>
<arg>test_${random_str}@example.com</arg>
<doc>Fails if objects are unequal after converting them to strings.</doc>
<status status="PASS" start="2026-06-20T08:38:24.999792" elapsed="0.000656"/>
</kw>
<kw name="GET" owner="AuthRequests">
<msg time="2026-06-20T08:38:25.001287" level="DEBUG">Starting new HTTP connection (1): sward-warden-be:80</msg>
<msg time="2026-06-20T08:38:25.012016" level="DEBUG">http://sward-warden-be:80 "GET /sward/v0/users HTTP/1.1" 200 107</msg>
<msg time="2026-06-20T08:38:25.012332" level="INFO">GET Request : url=http://sward-warden-be/sward/v0/users 
 path_url=/sward/v0/users 
 headers={'User-Agent': 'python-requests/2.34.2', 'Accept-Encoding': 'gzip, deflate, zstd', 'Accept': '*/*', 'Connection': 'keep-alive', 'Authorization': 'Bearer eyJhbGciOiJSUzI1NiIsImtpZCI6ImRldi1rZXktMSIsInR5cCI6IkpXVCJ9.eyJpYXQiOjE3ODE5NDQ3MDQsImV4cCI6MTc4MjAzMTEwNCwibmJmIjoxNzgxOTQ0NzA0LCJpc3MiOiJodHRwOi8vbG9jYWxob3N0OjgwODAiLCJzdWIiOiIxIiwiYXVkIjoic3dhcmQtYXBpIiwic3dhcmRfcm9sZXMiOlsidXNlciJdfQ.pAwPSJQbOb0CSba-QWrjhk_tE651uldAWslpMSb5aW9NEzgw2EX7f0WXATuEXP_5zSMC0QNhmuBEGLu3P3wLmhikAmHn8WejLZXNsvYZluPJTAeTyQ54laCwbH9m9qnEcoNK2TkX37DMPtxlYJslOrBlzJGR_Tf31plSSLcmWSr8PkvO_eC1OYNFY3NDd4KQhaJiGUyvWnxB4QKO2F5mPJh8tRLdpUltmHGF23ro_CYsVDoHAqwbLTs1cbL0mGMDWxOtfRoB-T-uKSt6OZdzUCHiAckaaZkSW9hoeu7K5Vz7DwKYURNPgtw8ihcoUfrnJUgyF8SeupORkSeyYgdLyQ'} 
 body=None 
 </msg>
<msg time="2026-06-20T08:38:25.012399" level="INFO">GET Response : url=http://sward-warden-be/sward/v0/users 
 status=200, reason=OK 
 headers={'content-type': 'application/json', 'vary': 'origin, access-control-request-method, access-control-request-headers', 'content-length': '107', 'date': 'Sat, 20 Jun 2026 08:38:24 GMT', 'x-envoy-upstream-service-time': '7', 'server': 'envoy'} 
 body=[{"id":1,"name":"Test User","email":"test_5643@example.com","role":"user","phone":null,"description":null}] 
 </msg>
<msg time="2026-06-20T08:38:25.012521" level="INFO">${list_response} = &lt;Response [200]&gt;</msg>
<var>${list_response}</var>
<arg>${BE_BASE_URL}/v0/users</arg>
<arg>expected_status=200</arg>
<doc>Sends a GET request.</doc>
<status status="PASS" start="2026-06-20T08:38:25.000564" elapsed="0.011984"/>
</kw>
<kw name="Log" owner="BuiltIn">
<msg time="2026-06-20T08:38:25.013241" level="INFO">List Users Response: [{"id":1,"name":"Test User","email":"test_5643@example.com","role":"user","phone":null,"description":null}]</msg>
<arg>List Users Response: ${list_response.content}</arg>
<doc>Logs the given message with the given level.</doc>
<status status="PASS" start="2026-06-20T08:38:25.012676" elapsed="0.000615"/>
</kw>
<kw name="Set Variable" owner="BuiltIn">
<msg time="2026-06-20T08:38:25.013944" level="INFO">${users} = [{'id': 1, 'name': 'Test User', 'email': 'test_5643@example.com', 'role': 'user', 'phone': None, 'description': None}]</msg>
<var>${users}</var>
<arg>${list_response.json()}</arg>
<doc>Returns the given values which can then be assigned to a variables.</doc>
<status status="PASS" start="2026-06-20T08:38:25.013388" elapsed="0.000586"/>
</kw>
<kw name="Should Not Be Empty" owner="BuiltIn">
<msg time="2026-06-20T08:38:25.014339" level="INFO">Length is 1.</msg>
<arg>${users}</arg>
<doc>Verifies that the given item is not empty.</doc>
<status status="PASS" start="2026-06-20T08:38:25.014069" elapsed="0.000316"/>
</kw>
<doc>Test BREAD operations for Users. Note: Read (by ID), Edit, and Delete are not implemented in the backend.</doc>
<status status="PASS" start="2026-06-20T08:38:24.973043" elapsed="0.041443"/>
</test>
<test id="s1-s1-s1-t6" name="Farms BREAD Operations" line="60">
<kw name="Create Dictionary" owner="BuiltIn">
<msg time="2026-06-20T08:38:25.015649" level="INFO">&amp;{farm_data} = { id=0 | name=Test Farm | location=123 Test Lane | has_derogation=True }</msg>
<var>&amp;{farm_data}</var>
<arg>id=${0}</arg>
<arg>name=Test Farm</arg>
<arg>location=123 Test Lane</arg>
<arg>has_derogation=${True}</arg>
<doc>Creates and returns a dictionary based on the given ``items``.</doc>
<status status="PASS" start="2026-06-20T08:38:25.014994" elapsed="0.000688"/>
</kw>
<kw name="POST" owner="AuthRequests">
<msg time="2026-06-20T08:38:25.016694" level="DEBUG">Starting new HTTP connection (1): sward-warden-be:80</msg>
<msg time="2026-06-20T08:38:25.026510" level="DEBUG">http://sward-warden-be:80 "POST /sward/v0/farms HTTP/1.1" 200 150</msg>
<msg time="2026-06-20T08:38:25.026775" level="INFO">POST Request : url=http://sward-warden-be/sward/v0/farms 
 path_url=/sward/v0/farms 
 headers={'User-Agent': 'python-requests/2.34.2', 'Accept-Encoding': 'gzip, deflate, zstd', 'Accept': '*/*', 'Connection': 'keep-alive', 'Authorization': 'Bearer eyJhbGciOiJSUzI1NiIsImtpZCI6ImRldi1rZXktMSIsInR5cCI6IkpXVCJ9.eyJpYXQiOjE3ODE5NDQ3MDQsImV4cCI6MTc4MjAzMTEwNCwibmJmIjoxNzgxOTQ0NzA0LCJpc3MiOiJodHRwOi8vbG9jYWxob3N0OjgwODAiLCJzdWIiOiIxIiwiYXVkIjoic3dhcmQtYXBpIiwic3dhcmRfcm9sZXMiOlsidXNlciJdfQ.pAwPSJQbOb0CSba-QWrjhk_tE651uldAWslpMSb5aW9NEzgw2EX7f0WXATuEXP_5zSMC0QNhmuBEGLu3P3wLmhikAmHn8WejLZXNsvYZluPJTAeTyQ54laCwbH9m9qnEcoNK2TkX37DMPtxlYJslOrBlzJGR_Tf31plSSLcmWSr8PkvO_eC1OYNFY3NDd4KQhaJiGUyvWnxB4QKO2F5mPJh8tRLdpUltmHGF23ro_CYsVDoHAqwbLTs1cbL0mGMDWxOtfRoB-T-uKSt6OZdzUCHiAckaaZkSW9hoeu7K5Vz7DwKYURNPgtw8ihcoUfrnJUgyF8SeupORkSeyYgdLyQ', 'Content-Length': '83', 'Content-Type': 'application/json'} 
 body=b'{"id": 0, "name": "Test Farm", "location": "123 Test Lane", "has_derogation": true}' 
 </msg>
<msg time="2026-06-20T08:38:25.026835" level="INFO">POST Response : url=http://sward-warden-be/sward/v0/farms 
 status=200, reason=OK 
 headers={'content-type': 'application/json', 'vary': 'origin, access-control-request-method, access-control-request-headers', 'content-length': '150', 'date': 'Sat, 20 Jun 2026 08:38:24 GMT', 'x-envoy-upstream-service-time': '6', 'server': 'envoy'} 
 body={"id":1,"user_id":1,"name":"Test Farm","location":"123 Test Lane","has_derogation":true,"updated_at":"2026-06-20T08:38:24.871230Z","is_deleted":false} 
 </msg>
<msg time="2026-06-20T08:38:25.026987" level="INFO">${create_response} = &lt;Response [200]&gt;</msg>
<var>${create_response}</var>
<arg>${BE_BASE_URL}/v0/farms</arg>
<arg>json=${farm_data}</arg>
<arg>expected_status=200</arg>
<doc>Sends a POST request.</doc>
<status status="PASS" start="2026-06-20T08:38:25.015828" elapsed="0.011186"/>
</kw>
<kw name="Log" owner="BuiltIn">
<msg time="2026-06-20T08:38:25.027703" level="INFO">Create Farm Response: {"id":1,"user_id":1,"name":"Test Farm","location":"123 Test Lane","has_derogation":true,"updated_at":"2026-06-20T08:38:24.871230Z","is_deleted":false}</msg>
<arg>Create Farm Response: ${create_response.content}</arg>
<doc>Logs the given message with the given level.</doc>
<status status="PASS" start="2026-06-20T08:38:25.027143" elapsed="0.000608"/>
</kw>
<kw name="Convert To String" owner="BuiltIn">
<msg time="2026-06-20T08:38:25.028401" level="DEBUG">Argument types are:
&lt;class 'int'&gt;</msg>
<msg time="2026-06-20T08:38:25.028486" level="INFO">${farm_id} = 1</msg>
<var>${farm_id}</var>
<arg>${create_response.json()['id']}</arg>
<doc>Converts the given item to a Unicode string.</doc>
<status status="PASS" start="2026-06-20T08:38:25.027848" elapsed="0.000671"/>
</kw>
<kw name="Should Not Be Empty" owner="BuiltIn">
<msg time="2026-06-20T08:38:25.028887" level="INFO">Length is 1.</msg>
<arg>${farm_id}</arg>
<doc>Verifies that the given item is not empty.</doc>
<status status="PASS" start="2026-06-20T08:38:25.028614" elapsed="0.000318"/>
</kw>
<kw name="Should Be Equal As Strings" owner="BuiltIn">
<msg time="2026-06-20T08:38:25.029517" level="DEBUG">Argument types are:
&lt;class 'str'&gt;
&lt;class 'str'&gt;</msg>
<arg>${create_response.json()['name']}</arg>
<arg>Test Farm</arg>
<doc>Fails if objects are unequal after converting them to strings.</doc>
<status status="PASS" start="2026-06-20T08:38:25.029022" elapsed="0.000553"/>
</kw>
<kw name="Should Be Equal As Strings" owner="BuiltIn">
<msg time="2026-06-20T08:38:25.030163" level="DEBUG">Argument types are:
&lt;class 'str'&gt;
&lt;class 'str'&gt;</msg>
<arg>${create_response.json()['location']}</arg>
<arg>123 Test Lane</arg>
<doc>Fails if objects are unequal after converting them to strings.</doc>
<status status="PASS" start="2026-06-20T08:38:25.029670" elapsed="0.000550"/>
</kw>
<kw name="GET" owner="AuthRequests">
<msg time="2026-06-20T08:38:25.031062" level="DEBUG">Starting new HTTP connection (1): sward-warden-be:80</msg>
<msg time="2026-06-20T08:38:25.038669" level="DEBUG">http://sward-warden-be:80 "GET /sward/v0/farms HTTP/1.1" 200 152</msg>
<msg time="2026-06-20T08:38:25.038901" level="INFO">GET Request : url=http://sward-warden-be/sward/v0/farms 
 path_url=/sward/v0/farms 
 headers={'User-Agent': 'python-requests/2.34.2', 'Accept-Encoding': 'gzip, deflate, zstd', 'Accept': '*/*', 'Connection': 'keep-alive', 'Authorization': 'Bearer eyJhbGciOiJSUzI1NiIsImtpZCI6ImRldi1rZXktMSIsInR5cCI6IkpXVCJ9.eyJpYXQiOjE3ODE5NDQ3MDQsImV4cCI6MTc4MjAzMTEwNCwibmJmIjoxNzgxOTQ0NzA0LCJpc3MiOiJodHRwOi8vbG9jYWxob3N0OjgwODAiLCJzdWIiOiIxIiwiYXVkIjoic3dhcmQtYXBpIiwic3dhcmRfcm9sZXMiOlsidXNlciJdfQ.pAwPSJQbOb0CSba-QWrjhk_tE651uldAWslpMSb5aW9NEzgw2EX7f0WXATuEXP_5zSMC0QNhmuBEGLu3P3wLmhikAmHn8WejLZXNsvYZluPJTAeTyQ54laCwbH9m9qnEcoNK2TkX37DMPtxlYJslOrBlzJGR_Tf31plSSLcmWSr8PkvO_eC1OYNFY3NDd4KQhaJiGUyvWnxB4QKO2F5mPJh8tRLdpUltmHGF23ro_CYsVDoHAqwbLTs1cbL0mGMDWxOtfRoB-T-uKSt6OZdzUCHiAckaaZkSW9hoeu7K5Vz7DwKYURNPgtw8ihcoUfrnJUgyF8SeupORkSeyYgdLyQ'} 
 body=None 
 </msg>
<msg time="2026-06-20T08:38:25.038962" level="INFO">GET Response : url=http://sward-warden-be/sward/v0/farms 
 status=200, reason=OK 
 headers={'content-type': 'application/json', 'vary': 'origin, access-control-request-method, access-control-request-headers', 'content-length': '152', 'date': 'Sat, 20 Jun 2026 08:38:24 GMT', 'x-envoy-upstream-service-time': '3', 'server': 'envoy'} 
 body=[{"id":1,"user_id":1,"name":"Test Farm","location":"123 Test Lane","has_derogation":true,"updated_at":"2026-06-20T08:38:24.871230Z","is_deleted":false}] 
 </msg>
<msg time="2026-06-20T08:38:25.039069" level="INFO">${list_response} = &lt;Response [200]&gt;</msg>
<var>${list_response}</var>
<arg>${BE_BASE_URL}/v0/farms</arg>
<arg>expected_status=200</arg>
<doc>Sends a GET request.</doc>
<status status="PASS" start="2026-06-20T08:38:25.030324" elapsed="0.008771"/>
</kw>
<kw name="Log" owner="BuiltIn">
<msg time="2026-06-20T08:38:25.039752" level="INFO">List Farms Response: [{"id":1,"user_id":1,"name":"Test Farm","location":"123 Test Lane","has_derogation":true,"updated_at":"2026-06-20T08:38:24.871230Z","is_deleted":false}]</msg>
<arg>List Farms Response: ${list_response.content}</arg>
<doc>Logs the given message with the given level.</doc>
<status status="PASS" start="2026-06-20T08:38:25.039215" elapsed="0.000587"/>
</kw>
<kw name="Set Variable" owner="BuiltIn">
<msg time="2026-06-20T08:38:25.040532" level="INFO">${farms} = [{'id': 1, 'user_id': 1, 'name': 'Test Farm', 'location': '123 Test Lane', 'has_derogation': True, 'updated_at': '2026-06-20T08:38:24.871230Z', 'is_deleted': False}]</msg>
<var>${farms}</var>
<arg>${list_response.json()}</arg>
<doc>Returns the given values which can then be assigned to a variables.</doc>
<status status="PASS" start="2026-06-20T08:38:25.039901" elapsed="0.000661"/>
</kw>
<kw name="Should Not Be Empty" owner="BuiltIn">
<msg time="2026-06-20T08:38:25.040926" level="INFO">Length is 1.</msg>
<arg>${farms}</arg>
<doc>Verifies that the given item is not empty.</doc>
<status status="PASS" start="2026-06-20T08:38:25.040658" elapsed="0.000314"/>
</kw>
<kw name="GET" owner="AuthRequests">
<msg time="2026-06-20T08:38:25.041803" level="DEBUG">Starting new HTTP connection (1): sward-warden-be:80</msg>
<msg time="2026-06-20T08:38:25.047498" level="DEBUG">http://sward-warden-be:80 "GET /sward/v0/farms/1 HTTP/1.1" 200 150</msg>
<msg time="2026-06-20T08:38:25.047719" level="INFO">GET Request : url=http://sward-warden-be/sward/v0/farms/1 
 path_url=/sward/v0/farms/1 
 headers={'User-Agent': 'python-requests/2.34.2', 'Accept-Encoding': 'gzip, deflate, zstd', 'Accept': '*/*', 'Connection': 'keep-alive', 'Authorization': 'Bearer eyJhbGciOiJSUzI1NiIsImtpZCI6ImRldi1rZXktMSIsInR5cCI6IkpXVCJ9.eyJpYXQiOjE3ODE5NDQ3MDQsImV4cCI6MTc4MjAzMTEwNCwibmJmIjoxNzgxOTQ0NzA0LCJpc3MiOiJodHRwOi8vbG9jYWxob3N0OjgwODAiLCJzdWIiOiIxIiwiYXVkIjoic3dhcmQtYXBpIiwic3dhcmRfcm9sZXMiOlsidXNlciJdfQ.pAwPSJQbOb0CSba-QWrjhk_tE651uldAWslpMSb5aW9NEzgw2EX7f0WXATuEXP_5zSMC0QNhmuBEGLu3P3wLmhikAmHn8WejLZXNsvYZluPJTAeTyQ54laCwbH9m9qnEcoNK2TkX37DMPtxlYJslOrBlzJGR_Tf31plSSLcmWSr8PkvO_eC1OYNFY3NDd4KQhaJiGUyvWnxB4QKO2F5mPJh8tRLdpUltmHGF23ro_CYsVDoHAqwbLTs1cbL0mGMDWxOtfRoB-T-uKSt6OZdzUCHiAckaaZkSW9hoeu7K5Vz7DwKYURNPgtw8ihcoUfrnJUgyF8SeupORkSeyYgdLyQ'} 
 body=None 
 </msg>
<msg time="2026-06-20T08:38:25.047779" level="INFO">GET Response : url=http://sward-warden-be/sward/v0/farms/1 
 status=200, reason=OK 
 headers={'content-type': 'application/json', 'vary': 'origin, access-control-request-method, access-control-request-headers', 'content-length': '150', 'date': 'Sat, 20 Jun 2026 08:38:24 GMT', 'x-envoy-upstream-service-time': '2', 'server': 'envoy'} 
 body={"id":1,"user_id":1,"name":"Test Farm","location":"123 Test Lane","has_derogation":true,"updated_at":"2026-06-20T08:38:24.871230Z","is_deleted":false} 
 </msg>
<msg time="2026-06-20T08:38:25.047879" level="INFO">${get_response} = &lt;Response [200]&gt;</msg>
<var>${get_response}</var>
<arg>${BE_BASE_URL}/v0/farms/${farm_id}</arg>
<arg>expected_status=200</arg>
<doc>Sends a GET request.</doc>
<status status="PASS" start="2026-06-20T08:38:25.041068" elapsed="0.006838"/>
</kw>
<kw name="Log" owner="BuiltIn">
<msg time="2026-06-20T08:38:25.048603" level="INFO">Get Farm Response: {"id":1,"user_id":1,"name":"Test Farm","location":"123 Test Lane","has_derogation":true,"updated_at":"2026-06-20T08:38:24.871230Z","is_deleted":false}</msg>
<arg>Get Farm Response: ${get_response.content}</arg>
<doc>Logs the given message with the given level.</doc>
<status status="PASS" start="2026-06-20T08:38:25.048015" elapsed="0.000637"/>
</kw>
<kw name="Should Be Equal As Strings" owner="BuiltIn">
<msg time="2026-06-20T08:38:25.049268" level="DEBUG">Argument types are:
&lt;class 'str'&gt;
&lt;class 'str'&gt;</msg>
<arg>${get_response.json()['name']}</arg>
<arg>Test Farm</arg>
<doc>Fails if objects are unequal after converting them to strings.</doc>
<status status="PASS" start="2026-06-20T08:38:25.048749" elapsed="0.000577"/>
</kw>
<kw name="Create Dictionary" owner="BuiltIn">
<msg time="2026-06-20T08:38:25.049831" level="INFO">&amp;{edit_farm_data} = { name=Updated Farm Name | location=Updated Location | has_derogation=False }</msg>
<var>&amp;{edit_farm_data}</var>
<arg>name=Updated Farm Name</arg>
<arg>location=Updated Location</arg>
<arg>has_derogation=${False}</arg>
<doc>Creates and returns a dictionary based on the given ``items``.</doc>
<status status="PASS" start="2026-06-20T08:38:25.049433" elapsed="0.000429"/>
</kw>
<kw name="PUT" owner="AuthRequests">
<msg time="2026-06-20T08:38:25.050750" level="DEBUG">Starting new HTTP connection (1): sward-warden-be:80</msg>
<msg time="2026-06-20T08:38:25.059558" level="DEBUG">http://sward-warden-be:80 "PUT /sward/v0/farms/1 HTTP/1.1" 200 162</msg>
<msg time="2026-06-20T08:38:25.059828" level="INFO">PUT Request : url=http://sward-warden-be/sward/v0/farms/1 
 path_url=/sward/v0/farms/1 
 headers={'User-Agent': 'python-requests/2.34.2', 'Accept-Encoding': 'gzip, deflate, zstd', 'Accept': '*/*', 'Connection': 'keep-alive', 'Authorization': 'Bearer eyJhbGciOiJSUzI1NiIsImtpZCI6ImRldi1rZXktMSIsInR5cCI6IkpXVCJ9.eyJpYXQiOjE3ODE5NDQ3MDQsImV4cCI6MTc4MjAzMTEwNCwibmJmIjoxNzgxOTQ0NzA0LCJpc3MiOiJodHRwOi8vbG9jYWxob3N0OjgwODAiLCJzdWIiOiIxIiwiYXVkIjoic3dhcmQtYXBpIiwic3dhcmRfcm9sZXMiOlsidXNlciJdfQ.pAwPSJQbOb0CSba-QWrjhk_tE651uldAWslpMSb5aW9NEzgw2EX7f0WXATuEXP_5zSMC0QNhmuBEGLu3P3wLmhikAmHn8WejLZXNsvYZluPJTAeTyQ54laCwbH9m9qnEcoNK2TkX37DMPtxlYJslOrBlzJGR_Tf31plSSLcmWSr8PkvO_eC1OYNFY3NDd4KQhaJiGUyvWnxB4QKO2F5mPJh8tRLdpUltmHGF23ro_CYsVDoHAqwbLTs1cbL0mGMDWxOtfRoB-T-uKSt6OZdzUCHiAckaaZkSW9hoeu7K5Vz7DwKYURNPgtw8ihcoUfrnJUgyF8SeupORkSeyYgdLyQ', 'Content-Length': '86', 'Content-Type': 'application/json'} 
 body=b'{"name": "Updated Farm Name", "location": "Updated Location", "has_derogation": false}' 
 </msg>
<msg time="2026-06-20T08:38:25.059891" level="INFO">PUT Response : url=http://sward-warden-be/sward/v0/farms/1 
 status=200, reason=OK 
 headers={'content-type': 'application/json', 'vary': 'origin, access-control-request-method, access-control-request-headers', 'content-length': '162', 'date': 'Sat, 20 Jun 2026 08:38:24 GMT', 'x-envoy-upstream-service-time': '5', 'server': 'envoy'} 
 body={"id":1,"user_id":1,"name":"Updated Farm Name","location":"Updated Location","has_derogation":false,"updated_at":"2026-06-20T08:38:24.904174Z","is_deleted":false} 
 </msg>
<msg time="2026-06-20T08:38:25.060026" level="INFO">${edit_response} = &lt;Response [200]&gt;</msg>
<var>${edit_response}</var>
<arg>${BE_BASE_URL}/v0/farms/${farm_id}</arg>
<arg>json=${edit_farm_data}</arg>
<arg>expected_status=200</arg>
<doc>Sends a PUT request.</doc>
<status status="PASS" start="2026-06-20T08:38:25.049962" elapsed="0.010091"/>
</kw>
<kw name="Log" owner="BuiltIn">
<msg time="2026-06-20T08:38:25.060805" level="INFO">Edit Farm Response: {"id":1,"user_id":1,"name":"Updated Farm Name","location":"Updated Location","has_derogation":false,"updated_at":"2026-06-20T08:38:24.904174Z","is_deleted":false}</msg>
<arg>Edit Farm Response: ${edit_response.content}</arg>
<doc>Logs the given message with the given level.</doc>
<status status="PASS" start="2026-06-20T08:38:25.060208" elapsed="0.000652"/>
</kw>
<kw name="Should Be Equal As Strings" owner="BuiltIn">
<msg time="2026-06-20T08:38:25.061479" level="DEBUG">Argument types are:
&lt;class 'str'&gt;
&lt;class 'str'&gt;</msg>
<arg>${edit_response.json()['name']}</arg>
<arg>Updated Farm Name</arg>
<doc>Fails if objects are unequal after converting them to strings.</doc>
<status status="PASS" start="2026-06-20T08:38:25.060956" elapsed="0.000583"/>
</kw>
<kw name="Should Be Equal As Strings" owner="BuiltIn">
<msg time="2026-06-20T08:38:25.062147" level="DEBUG">Argument types are:
&lt;class 'str'&gt;
&lt;class 'str'&gt;</msg>
<arg>${edit_response.json()['location']}</arg>
<arg>Updated Location</arg>
<doc>Fails if objects are unequal after converting them to strings.</doc>
<status status="PASS" start="2026-06-20T08:38:25.061634" elapsed="0.000570"/>
</kw>
<kw name="DELETE" owner="AuthRequests">
<msg time="2026-06-20T08:38:25.063073" level="DEBUG">Starting new HTTP connection (1): sward-warden-be:80</msg>
<msg time="2026-06-20T08:38:25.081786" level="DEBUG">http://sward-warden-be:80 "DELETE /sward/v0/farms/1 HTTP/1.1" 204 0</msg>
<msg time="2026-06-20T08:38:25.082006" level="INFO">DELETE Request : url=http://sward-warden-be/sward/v0/farms/1 
 path_url=/sward/v0/farms/1 
 headers={'User-Agent': 'python-requests/2.34.2', 'Accept-Encoding': 'gzip, deflate, zstd', 'Accept': '*/*', 'Connection': 'keep-alive', 'Authorization': 'Bearer eyJhbGciOiJSUzI1NiIsImtpZCI6ImRldi1rZXktMSIsInR5cCI6IkpXVCJ9.eyJpYXQiOjE3ODE5NDQ3MDQsImV4cCI6MTc4MjAzMTEwNCwibmJmIjoxNzgxOTQ0NzA0LCJpc3MiOiJodHRwOi8vbG9jYWxob3N0OjgwODAiLCJzdWIiOiIxIiwiYXVkIjoic3dhcmQtYXBpIiwic3dhcmRfcm9sZXMiOlsidXNlciJdfQ.pAwPSJQbOb0CSba-QWrjhk_tE651uldAWslpMSb5aW9NEzgw2EX7f0WXATuEXP_5zSMC0QNhmuBEGLu3P3wLmhikAmHn8WejLZXNsvYZluPJTAeTyQ54laCwbH9m9qnEcoNK2TkX37DMPtxlYJslOrBlzJGR_Tf31plSSLcmWSr8PkvO_eC1OYNFY3NDd4KQhaJiGUyvWnxB4QKO2F5mPJh8tRLdpUltmHGF23ro_CYsVDoHAqwbLTs1cbL0mGMDWxOtfRoB-T-uKSt6OZdzUCHiAckaaZkSW9hoeu7K5Vz7DwKYURNPgtw8ihcoUfrnJUgyF8SeupORkSeyYgdLyQ', 'Content-Length': '0'} 
 body=None 
 </msg>
<msg time="2026-06-20T08:38:25.082059" level="INFO">DELETE Response : url=http://sward-warden-be/sward/v0/farms/1 
 status=204, reason=No Content 
 headers={'vary': 'origin, access-control-request-method, access-control-request-headers', 'date': 'Sat, 20 Jun 2026 08:38:24 GMT', 'x-envoy-upstream-service-time': '11', 'server': 'envoy'} 
 body=None 
 </msg>
<msg time="2026-06-20T08:38:25.082166" level="INFO">${delete_response} = &lt;Response [204]&gt;</msg>
<var>${delete_response}</var>
<arg>${BE_BASE_URL}/v0/farms/${farm_id}</arg>
<arg>expected_status=204</arg>
<doc>Sends a DELETE request.</doc>
<status status="PASS" start="2026-06-20T08:38:25.062300" elapsed="0.019892"/>
</kw>
<kw name="Log" owner="BuiltIn">
<msg time="2026-06-20T08:38:25.082854" level="INFO">Delete Farm Response Code: 204</msg>
<arg>Delete Farm Response Code: ${delete_response.status_code}</arg>
<doc>Logs the given message with the given level.</doc>
<status status="PASS" start="2026-06-20T08:38:25.082314" elapsed="0.000588"/>
</kw>
<doc>Test BREAD operations for Farms. Note: Read (by ID) and Edit are not implemented in the backend.</doc>
<status status="PASS" start="2026-06-20T08:38:25.014647" elapsed="0.068361"/>
</test>
<test id="s1-s1-s1-t7" name="Fields BREAD Operations" line="96">
<kw name="Create Dictionary" owner="BuiltIn">
<msg time="2026-06-20T08:38:25.084233" level="INFO">&amp;{farm_data} = { id=0 | name=Field Test Farm | location=123 Test Lane | has_derogation=True }</msg>
<var>&amp;{farm_data}</var>
<arg>id=${0}</arg>
<arg>name=Field Test Farm</arg>
<arg>location=123 Test Lane</arg>
<arg>has_derogation=${True}</arg>
<doc>Creates and returns a dictionary based on the given ``items``.</doc>
<status status="PASS" start="2026-06-20T08:38:25.083554" elapsed="0.000712"/>
</kw>
<kw name="POST" owner="AuthRequests">
<msg time="2026-06-20T08:38:25.085240" level="DEBUG">Starting new HTTP connection (1): sward-warden-be:80</msg>
<msg time="2026-06-20T08:38:25.093462" level="DEBUG">http://sward-warden-be:80 "POST /sward/v0/farms HTTP/1.1" 200 156</msg>
<msg time="2026-06-20T08:38:25.093708" level="INFO">POST Request : url=http://sward-warden-be/sward/v0/farms 
 path_url=/sward/v0/farms 
 headers={'User-Agent': 'python-requests/2.34.2', 'Accept-Encoding': 'gzip, deflate, zstd', 'Accept': '*/*', 'Connection': 'keep-alive', 'Authorization': 'Bearer eyJhbGciOiJSUzI1NiIsImtpZCI6ImRldi1rZXktMSIsInR5cCI6IkpXVCJ9.eyJpYXQiOjE3ODE5NDQ3MDQsImV4cCI6MTc4MjAzMTEwNCwibmJmIjoxNzgxOTQ0NzA0LCJpc3MiOiJodHRwOi8vbG9jYWxob3N0OjgwODAiLCJzdWIiOiIxIiwiYXVkIjoic3dhcmQtYXBpIiwic3dhcmRfcm9sZXMiOlsidXNlciJdfQ.pAwPSJQbOb0CSba-QWrjhk_tE651uldAWslpMSb5aW9NEzgw2EX7f0WXATuEXP_5zSMC0QNhmuBEGLu3P3wLmhikAmHn8WejLZXNsvYZluPJTAeTyQ54laCwbH9m9qnEcoNK2TkX37DMPtxlYJslOrBlzJGR_Tf31plSSLcmWSr8PkvO_eC1OYNFY3NDd4KQhaJiGUyvWnxB4QKO2F5mPJh8tRLdpUltmHGF23ro_CYsVDoHAqwbLTs1cbL0mGMDWxOtfRoB-T-uKSt6OZdzUCHiAckaaZkSW9hoeu7K5Vz7DwKYURNPgtw8ihcoUfrnJUgyF8SeupORkSeyYgdLyQ', 'Content-Length': '89', 'Content-Type': 'application/json'} 
 body=b'{"id": 0, "name": "Field Test Farm", "location": "123 Test Lane", "has_derogation": true}' 
 </msg>
<msg time="2026-06-20T08:38:25.093768" level="INFO">POST Response : url=http://sward-warden-be/sward/v0/farms 
 status=200, reason=OK 
 headers={'content-type': 'application/json', 'vary': 'origin, access-control-request-method, access-control-request-headers', 'content-length': '156', 'date': 'Sat, 20 Jun 2026 08:38:24 GMT', 'x-envoy-upstream-service-time': '4', 'server': 'envoy'} 
 body={"id":2,"user_id":1,"name":"Field Test Farm","location":"123 Test Lane","has_derogation":true,"updated_at":"2026-06-20T08:38:24.938958Z","is_deleted":false} 
 </msg>
<msg time="2026-06-20T08:38:25.093879" level="INFO">${farm_response} = &lt;Response [200]&gt;</msg>
<var>${farm_response}</var>
<arg>${BE_BASE_URL}/v0/farms</arg>
<arg>json=${farm_data}</arg>
<arg>expected_status=200</arg>
<doc>Sends a POST request.</doc>
<status status="PASS" start="2026-06-20T08:38:25.084374" elapsed="0.009532"/>
</kw>
<kw name="Convert To String" owner="BuiltIn">
<msg time="2026-06-20T08:38:25.094592" level="DEBUG">Argument types are:
&lt;class 'int'&gt;</msg>
<msg time="2026-06-20T08:38:25.094678" level="INFO">${farm_id} = 2</msg>
<var>${farm_id}</var>
<arg>${farm_response.json()['id']}</arg>
<doc>Converts the given item to a Unicode string.</doc>
<status status="PASS" start="2026-06-20T08:38:25.094034" elapsed="0.000669"/>
</kw>
<kw name="Convert To Integer" owner="BuiltIn">
<msg time="2026-06-20T08:38:25.095045" level="DEBUG">Argument types are:
&lt;class 'str'&gt;</msg>
<msg time="2026-06-20T08:38:25.095133" level="INFO">${farm_id_int} = 2</msg>
<var>${farm_id_int}</var>
<arg>${farm_id}</arg>
<doc>Converts the given item to an integer number.</doc>
<status status="PASS" start="2026-06-20T08:38:25.094801" elapsed="0.000356"/>
</kw>
<kw name="Create Dictionary" owner="BuiltIn">
<msg time="2026-06-20T08:38:25.096120" level="INFO">&amp;{field_data} = { id=0 | farm_id=2 | name=Test Field | area_hectares=10.5 | land_use=Grassland }</msg>
<var>&amp;{field_data}</var>
<arg>id=${0}</arg>
<arg>farm_id=${farm_id_int}</arg>
<arg>name=Test Field</arg>
<arg>area_hectares=${10.5}</arg>
<arg>land_use=Grassland</arg>
<doc>Creates and returns a dictionary based on the given ``items``.</doc>
<status status="PASS" start="2026-06-20T08:38:25.095259" elapsed="0.000906"/>
</kw>
<kw name="POST" owner="AuthRequests">
<msg time="2026-06-20T08:38:25.097114" level="DEBUG">Starting new HTTP connection (1): sward-warden-be:80</msg>
<msg time="2026-06-20T08:38:25.117004" level="DEBUG">http://sward-warden-be:80 "POST /sward/v0/fields HTTP/1.1" 200 268</msg>
<msg time="2026-06-20T08:38:25.117268" level="INFO">POST Request : url=http://sward-warden-be/sward/v0/fields 
 path_url=/sward/v0/fields 
 headers={'User-Agent': 'python-requests/2.34.2', 'Accept-Encoding': 'gzip, deflate, zstd', 'Accept': '*/*', 'Connection': 'keep-alive', 'Authorization': 'Bearer eyJhbGciOiJSUzI1NiIsImtpZCI6ImRldi1rZXktMSIsInR5cCI6IkpXVCJ9.eyJpYXQiOjE3ODE5NDQ3MDQsImV4cCI6MTc4MjAzMTEwNCwibmJmIjoxNzgxOTQ0NzA0LCJpc3MiOiJodHRwOi8vbG9jYWxob3N0OjgwODAiLCJzdWIiOiIxIiwiYXVkIjoic3dhcmQtYXBpIiwic3dhcmRfcm9sZXMiOlsidXNlciJdfQ.pAwPSJQbOb0CSba-QWrjhk_tE651uldAWslpMSb5aW9NEzgw2EX7f0WXATuEXP_5zSMC0QNhmuBEGLu3P3wLmhikAmHn8WejLZXNsvYZluPJTAeTyQ54laCwbH9m9qnEcoNK2TkX37DMPtxlYJslOrBlzJGR_Tf31plSSLcmWSr8PkvO_eC1OYNFY3NDd4KQhaJiGUyvWnxB4QKO2F5mPJh8tRLdpUltmHGF23ro_CYsVDoHAqwbLTs1cbL0mGMDWxOtfRoB-T-uKSt6OZdzUCHiAckaaZkSW9hoeu7K5Vz7DwKYURNPgtw8ihcoUfrnJUgyF8SeupORkSeyYgdLyQ', 'Content-Length': '93', 'Content-Type': 'application/json'} 
 body=b'{"id": 0, "farm_id": 2, "name": "Test Field", "area_hectares": 10.5, "land_use": "Grassland"}' 
 </msg>
<msg time="2026-06-20T08:38:25.117337" level="INFO">POST Response : url=http://sward-warden-be/sward/v0/fields 
 status=200, reason=OK 
 headers={'content-type': 'application/json', 'vary': 'origin, access-control-request-method, access-control-request-headers', 'content-length': '268', 'date': 'Sat, 20 Jun 2026 08:38:24 GMT', 'x-envoy-upstream-service-time': '16', 'server': 'envoy'} 
 body={"id":1,"farm_id":2,"name":"Test Field","area_hectares":10.5,"land_use":"Grassland","min_elevation":null,"max_elevation":null,"mean_elevation":null,"average_slope":null,"max_slope":null,"geometry_wkt":null,"updated_at":"2026-06-20T08:38:24.953101Z","is_deleted":false} 
 </msg>
<msg time="2026-06-20T08:38:25.117458" level="INFO">${create_response} = &lt;Response [200]&gt;</msg>
<var>${create_response}</var>
<arg>${BE_BASE_URL}/v0/fields</arg>
<arg>json=${field_data}</arg>
<arg>expected_status=200</arg>
<doc>Sends a POST request.</doc>
<status status="PASS" start="2026-06-20T08:38:25.096328" elapsed="0.021157"/>
</kw>
<kw name="Log" owner="BuiltIn">
<msg time="2026-06-20T08:38:25.118185" level="INFO">Create Field Response: {"id":1,"farm_id":2,"name":"Test Field","area_hectares":10.5,"land_use":"Grassland","min_elevation":null,"max_elevation":null,"mean_elevation":null,"average_slope":null,"max_slope":null,"geometry_wkt":null,"updated_at":"2026-06-20T08:38:24.953101Z","is_deleted":false}</msg>
<arg>Create Field Response: ${create_response.content}</arg>
<doc>Logs the given message with the given level.</doc>
<status status="PASS" start="2026-06-20T08:38:25.117618" elapsed="0.000618"/>
</kw>
<kw name="Convert To String" owner="BuiltIn">
<msg time="2026-06-20T08:38:25.118847" level="DEBUG">Argument types are:
&lt;class 'int'&gt;</msg>
<msg time="2026-06-20T08:38:25.118932" level="INFO">${field_id} = 1</msg>
<var>${field_id}</var>
<arg>${create_response.json()['id']}</arg>
<doc>Converts the given item to a Unicode string.</doc>
<status status="PASS" start="2026-06-20T08:38:25.118332" elapsed="0.000626"/>
</kw>
<kw name="Should Not Be Empty" owner="BuiltIn">
<msg time="2026-06-20T08:38:25.119319" level="INFO">Length is 1.</msg>
<arg>${field_id}</arg>
<doc>Verifies that the given item is not empty.</doc>
<status status="PASS" start="2026-06-20T08:38:25.119051" elapsed="0.000313"/>
</kw>
<kw name="Should Be Equal As Strings" owner="BuiltIn">
<msg time="2026-06-20T08:38:25.119966" level="DEBUG">Argument types are:
&lt;class 'str'&gt;
&lt;class 'str'&gt;</msg>
<arg>${create_response.json()['name']}</arg>
<arg>Test Field</arg>
<doc>Fails if objects are unequal after converting them to strings.</doc>
<status status="PASS" start="2026-06-20T08:38:25.119453" elapsed="0.000572"/>
</kw>
<kw name="GET" owner="AuthRequests">
<msg time="2026-06-20T08:38:25.120863" level="DEBUG">Starting new HTTP connection (1): sward-warden-be:80</msg>
<msg time="2026-06-20T08:38:25.128332" level="DEBUG">http://sward-warden-be:80 "GET /sward/v0/fields HTTP/1.1" 200 270</msg>
<msg time="2026-06-20T08:38:25.128610" level="INFO">GET Request : url=http://sward-warden-be/sward/v0/fields 
 path_url=/sward/v0/fields 
 headers={'User-Agent': 'python-requests/2.34.2', 'Accept-Encoding': 'gzip, deflate, zstd', 'Accept': '*/*', 'Connection': 'keep-alive', 'Authorization': 'Bearer eyJhbGciOiJSUzI1NiIsImtpZCI6ImRldi1rZXktMSIsInR5cCI6IkpXVCJ9.eyJpYXQiOjE3ODE5NDQ3MDQsImV4cCI6MTc4MjAzMTEwNCwibmJmIjoxNzgxOTQ0NzA0LCJpc3MiOiJodHRwOi8vbG9jYWxob3N0OjgwODAiLCJzdWIiOiIxIiwiYXVkIjoic3dhcmQtYXBpIiwic3dhcmRfcm9sZXMiOlsidXNlciJdfQ.pAwPSJQbOb0CSba-QWrjhk_tE651uldAWslpMSb5aW9NEzgw2EX7f0WXATuEXP_5zSMC0QNhmuBEGLu3P3wLmhikAmHn8WejLZXNsvYZluPJTAeTyQ54laCwbH9m9qnEcoNK2TkX37DMPtxlYJslOrBlzJGR_Tf31plSSLcmWSr8PkvO_eC1OYNFY3NDd4KQhaJiGUyvWnxB4QKO2F5mPJh8tRLdpUltmHGF23ro_CYsVDoHAqwbLTs1cbL0mGMDWxOtfRoB-T-uKSt6OZdzUCHiAckaaZkSW9hoeu7K5Vz7DwKYURNPgtw8ihcoUfrnJUgyF8SeupORkSeyYgdLyQ'} 
 body=None 
 </msg>
<msg time="2026-06-20T08:38:25.128675" level="INFO">GET Response : url=http://sward-warden-be/sward/v0/fields 
 status=200, reason=OK 
 headers={'content-type': 'application/json', 'vary': 'origin, access-control-request-method, access-control-request-headers', 'content-length': '270', 'date': 'Sat, 20 Jun 2026 08:38:24 GMT', 'x-envoy-upstream-service-time': '3', 'server': 'envoy'} 
 body=[{"id":1,"farm_id":2,"name":"Test Field","area_hectares":10.5,"land_use":"Grassland","min_elevation":null,"max_elevation":null,"mean_elevation":null,"average_slope":null,"max_slope":null,"geometry_wkt":null,"updated_at":"2026-06-20T08:38:24.953101Z","is_deleted":false}] 
 </msg>
<msg time="2026-06-20T08:38:25.128804" level="INFO">${list_response} = &lt;Response [200]&gt;</msg>
<var>${list_response}</var>
<arg>${BE_BASE_URL}/v0/fields</arg>
<arg>expected_status=200</arg>
<doc>Sends a GET request.</doc>
<status status="PASS" start="2026-06-20T08:38:25.120139" elapsed="0.008693"/>
</kw>
<kw name="Log" owner="BuiltIn">
<msg time="2026-06-20T08:38:25.129546" level="INFO">List Fields Response: [{"id":1,"farm_id":2,"name":"Test Field","area_hectares":10.5,"land_use":"Grassland","min_elevation":null,"max_elevation":null,"mean_elevation":null,"average_slope":null,"max_slope":null,"geometry_wkt":null,"updated_at":"2026-06-20T08:38:24.953101Z","is_deleted":false}]</msg>
<arg>List Fields Response: ${list_response.content}</arg>
<doc>Logs the given message with the given level.</doc>
<status status="PASS" start="2026-06-20T08:38:25.128960" elapsed="0.000636"/>
</kw>
<kw name="Set Variable" owner="BuiltIn">
<msg time="2026-06-20T08:38:25.130264" level="INFO">${fields} = [{'id': 1, 'farm_id': 2, 'name': 'Test Field', 'area_hectares': 10.5, 'land_use': 'Grassland', 'min_elevation': None, 'max_elevation': None, 'mean_elevation': None, 'average_slope': None, 'max_slope':...</msg>
<var>${fields}</var>
<arg>${list_response.json()}</arg>
<doc>Returns the given values which can then be assigned to a variables.</doc>
<status status="PASS" start="2026-06-20T08:38:25.129696" elapsed="0.000599"/>
</kw>
<kw name="Should Not Be Empty" owner="BuiltIn">
<msg time="2026-06-20T08:38:25.130652" level="INFO">Length is 1.</msg>
<arg>${fields}</arg>
<doc>Verifies that the given item is not empty.</doc>
<status status="PASS" start="2026-06-20T08:38:25.130388" elapsed="0.000310"/>
</kw>
<kw name="DELETE" owner="AuthRequests">
<msg time="2026-06-20T08:38:25.131540" level="DEBUG">Starting new HTTP connection (1): sward-warden-be:80</msg>
<msg time="2026-06-20T08:38:25.147255" level="DEBUG">http://sward-warden-be:80 "DELETE /sward/v0/fields/1 HTTP/1.1" 204 0</msg>
<msg time="2026-06-20T08:38:25.147506" level="INFO">DELETE Request : url=http://sward-warden-be/sward/v0/fields/1 
 path_url=/sward/v0/fields/1 
 headers={'User-Agent': 'python-requests/2.34.2', 'Accept-Encoding': 'gzip, deflate, zstd', 'Accept': '*/*', 'Connection': 'keep-alive', 'Authorization': 'Bearer eyJhbGciOiJSUzI1NiIsImtpZCI6ImRldi1rZXktMSIsInR5cCI6IkpXVCJ9.eyJpYXQiOjE3ODE5NDQ3MDQsImV4cCI6MTc4MjAzMTEwNCwibmJmIjoxNzgxOTQ0NzA0LCJpc3MiOiJodHRwOi8vbG9jYWxob3N0OjgwODAiLCJzdWIiOiIxIiwiYXVkIjoic3dhcmQtYXBpIiwic3dhcmRfcm9sZXMiOlsidXNlciJdfQ.pAwPSJQbOb0CSba-QWrjhk_tE651uldAWslpMSb5aW9NEzgw2EX7f0WXATuEXP_5zSMC0QNhmuBEGLu3P3wLmhikAmHn8WejLZXNsvYZluPJTAeTyQ54laCwbH9m9qnEcoNK2TkX37DMPtxlYJslOrBlzJGR_Tf31plSSLcmWSr8PkvO_eC1OYNFY3NDd4KQhaJiGUyvWnxB4QKO2F5mPJh8tRLdpUltmHGF23ro_CYsVDoHAqwbLTs1cbL0mGMDWxOtfRoB-T-uKSt6OZdzUCHiAckaaZkSW9hoeu7K5Vz7DwKYURNPgtw8ihcoUfrnJUgyF8SeupORkSeyYgdLyQ', 'Content-Length': '0'} 
 body=None 
 </msg>
<msg time="2026-06-20T08:38:25.147574" level="INFO">DELETE Response : url=http://sward-warden-be/sward/v0/fields/1 
 status=204, reason=No Content 
 headers={'vary': 'origin, access-control-request-method, access-control-request-headers', 'date': 'Sat, 20 Jun 2026 08:38:24 GMT', 'x-envoy-upstream-service-time': '8', 'server': 'envoy'} 
 body=None 
 </msg>
<msg time="2026-06-20T08:38:25.147694" level="INFO">${delete_response} = &lt;Response [204]&gt;</msg>
<var>${delete_response}</var>
<arg>${BE_BASE_URL}/v0/fields/${field_id}</arg>
<arg>expected_status=204</arg>
<doc>Sends a DELETE request.</doc>
<status status="PASS" start="2026-06-20T08:38:25.130788" elapsed="0.016933"/>
</kw>
<kw name="Log" owner="BuiltIn">
<msg time="2026-06-20T08:38:25.148423" level="INFO">Delete Field Response Code: 204</msg>
<arg>Delete Field Response Code: ${delete_response.status_code}</arg>
<doc>Logs the given message with the given level.</doc>
<status status="PASS" start="2026-06-20T08:38:25.147845" elapsed="0.000632"/>
</kw>
<doc>Test BREAD operations for Fields. Note: Read (by ID) and Edit are not implemented in the backend.</doc>
<status status="PASS" start="2026-06-20T08:38:25.083171" elapsed="0.065413"/>
</test>
<test id="s1-s1-s1-t8" name="Events BREAD Operations" line="128">
<kw name="Create Dictionary" owner="BuiltIn">
<msg time="2026-06-20T08:38:25.149697" level="INFO">&amp;{farm_data} = { id=0 | name=Event Test Farm | location=123 Test Lane | has_derogation=True }</msg>
<var>&amp;{farm_data}</var>
<arg>id=${0}</arg>
<arg>name=Event Test Farm</arg>
<arg>location=123 Test Lane</arg>
<arg>has_derogation=${True}</arg>
<doc>Creates and returns a dictionary based on the given ``items``.</doc>
<status status="PASS" start="2026-06-20T08:38:25.149102" elapsed="0.000626"/>
</kw>
<kw name="POST" owner="AuthRequests">
<msg time="2026-06-20T08:38:25.154093" level="DEBUG">Starting new HTTP connection (1): sward-warden-be:80</msg>
<msg time="2026-06-20T08:38:25.161567" level="DEBUG">http://sward-warden-be:80 "POST /sward/v0/farms HTTP/1.1" 200 156</msg>
<msg time="2026-06-20T08:38:25.161803" level="INFO">POST Request : url=http://sward-warden-be/sward/v0/farms 
 path_url=/sward/v0/farms 
 headers={'User-Agent': 'python-requests/2.34.2', 'Accept-Encoding': 'gzip, deflate, zstd', 'Accept': '*/*', 'Connection': 'keep-alive', 'Authorization': 'Bearer eyJhbGciOiJSUzI1NiIsImtpZCI6ImRldi1rZXktMSIsInR5cCI6IkpXVCJ9.eyJpYXQiOjE3ODE5NDQ3MDQsImV4cCI6MTc4MjAzMTEwNCwibmJmIjoxNzgxOTQ0NzA0LCJpc3MiOiJodHRwOi8vbG9jYWxob3N0OjgwODAiLCJzdWIiOiIxIiwiYXVkIjoic3dhcmQtYXBpIiwic3dhcmRfcm9sZXMiOlsidXNlciJdfQ.pAwPSJQbOb0CSba-QWrjhk_tE651uldAWslpMSb5aW9NEzgw2EX7f0WXATuEXP_5zSMC0QNhmuBEGLu3P3wLmhikAmHn8WejLZXNsvYZluPJTAeTyQ54laCwbH9m9qnEcoNK2TkX37DMPtxlYJslOrBlzJGR_Tf31plSSLcmWSr8PkvO_eC1OYNFY3NDd4KQhaJiGUyvWnxB4QKO2F5mPJh8tRLdpUltmHGF23ro_CYsVDoHAqwbLTs1cbL0mGMDWxOtfRoB-T-uKSt6OZdzUCHiAckaaZkSW9hoeu7K5Vz7DwKYURNPgtw8ihcoUfrnJUgyF8SeupORkSeyYgdLyQ', 'Content-Length': '89', 'Content-Type': 'application/json'} 
 body=b'{"id": 0, "name": "Event Test Farm", "location": "123 Test Lane", "has_derogation": true}' 
 </msg>
<msg time="2026-06-20T08:38:25.161863" level="INFO">POST Response : url=http://sward-warden-be/sward/v0/farms 
 status=200, reason=OK 
 headers={'content-type': 'application/json', 'vary': 'origin, access-control-request-method, access-control-request-headers', 'content-length': '156', 'date': 'Sat, 20 Jun 2026 08:38:25 GMT', 'x-envoy-upstream-service-time': '4', 'server': 'envoy'} 
 body={"id":3,"user_id":1,"name":"Event Test Farm","location":"123 Test Lane","has_derogation":true,"updated_at":"2026-06-20T08:38:25.007150Z","is_deleted":false} 
 </msg>
<msg time="2026-06-20T08:38:25.162041" level="INFO">${farm_response} = &lt;Response [200]&gt;</msg>
<var>${farm_response}</var>
<arg>${BE_BASE_URL}/v0/farms</arg>
<arg>json=${farm_data}</arg>
<arg>expected_status=200</arg>
<doc>Sends a POST request.</doc>
<status status="PASS" start="2026-06-20T08:38:25.149850" elapsed="0.012221"/>
</kw>
<kw name="Convert To Integer" owner="BuiltIn">
<msg time="2026-06-20T08:38:25.162752" level="DEBUG">Argument types are:
&lt;class 'int'&gt;</msg>
<msg time="2026-06-20T08:38:25.162839" level="INFO">${farm_id_int} = 3</msg>
<var>${farm_id_int}</var>
<arg>${farm_response.json()['id']}</arg>
<doc>Converts the given item to an integer number.</doc>
<status status="PASS" start="2026-06-20T08:38:25.162198" elapsed="0.000666"/>
</kw>
<kw name="Create Dictionary" owner="BuiltIn">
<msg time="2026-06-20T08:38:25.163786" level="INFO">&amp;{field_data} = { id=0 | farm_id=3 | name=Event Test Field | area_hectares=10.5 | land_use=Grassland }</msg>
<var>&amp;{field_data}</var>
<arg>id=${0}</arg>
<arg>farm_id=${farm_id_int}</arg>
<arg>name=Event Test Field</arg>
<arg>area_hectares=${10.5}</arg>
<arg>land_use=Grassland</arg>
<doc>Creates and returns a dictionary based on the given ``items``.</doc>
<status status="PASS" start="2026-06-20T08:38:25.162971" elapsed="0.000846"/>
</kw>
<kw name="POST" owner="AuthRequests">
<msg time="2026-06-20T08:38:25.164688" level="DEBUG">Starting new HTTP connection (1): sward-warden-be:80</msg>
<msg time="2026-06-20T08:38:25.173605" level="DEBUG">http://sward-warden-be:80 "POST /sward/v0/fields HTTP/1.1" 200 274</msg>
<msg time="2026-06-20T08:38:25.173826" level="INFO">POST Request : url=http://sward-warden-be/sward/v0/fields 
 path_url=/sward/v0/fields 
 headers={'User-Agent': 'python-requests/2.34.2', 'Accept-Encoding': 'gzip, deflate, zstd', 'Accept': '*/*', 'Connection': 'keep-alive', 'Authorization': 'Bearer eyJhbGciOiJSUzI1NiIsImtpZCI6ImRldi1rZXktMSIsInR5cCI6IkpXVCJ9.eyJpYXQiOjE3ODE5NDQ3MDQsImV4cCI6MTc4MjAzMTEwNCwibmJmIjoxNzgxOTQ0NzA0LCJpc3MiOiJodHRwOi8vbG9jYWxob3N0OjgwODAiLCJzdWIiOiIxIiwiYXVkIjoic3dhcmQtYXBpIiwic3dhcmRfcm9sZXMiOlsidXNlciJdfQ.pAwPSJQbOb0CSba-QWrjhk_tE651uldAWslpMSb5aW9NEzgw2EX7f0WXATuEXP_5zSMC0QNhmuBEGLu3P3wLmhikAmHn8WejLZXNsvYZluPJTAeTyQ54laCwbH9m9qnEcoNK2TkX37DMPtxlYJslOrBlzJGR_Tf31plSSLcmWSr8PkvO_eC1OYNFY3NDd4KQhaJiGUyvWnxB4QKO2F5mPJh8tRLdpUltmHGF23ro_CYsVDoHAqwbLTs1cbL0mGMDWxOtfRoB-T-uKSt6OZdzUCHiAckaaZkSW9hoeu7K5Vz7DwKYURNPgtw8ihcoUfrnJUgyF8SeupORkSeyYgdLyQ', 'Content-Length': '99', 'Content-Type': 'application/json'} 
 body=b'{"id": 0, "farm_id": 3, "name": "Event Test Field", "area_hectares": 10.5, "land_use": "Grassland"}' 
 </msg>
<msg time="2026-06-20T08:38:25.173885" level="INFO">POST Response : url=http://sward-warden-be/sward/v0/fields 
 status=200, reason=OK 
 headers={'content-type': 'application/json', 'vary': 'origin, access-control-request-method, access-control-request-headers', 'content-length': '274', 'date': 'Sat, 20 Jun 2026 08:38:25 GMT', 'x-envoy-upstream-service-time': '5', 'server': 'envoy'} 
 body={"id":2,"farm_id":3,"name":"Event Test Field","area_hectares":10.5,"land_use":"Grassland","min_elevation":null,"max_elevation":null,"mean_elevation":null,"average_slope":null,"max_slope":null,"geometry_wkt":null,"updated_at":"2026-06-20T08:38:25.019181Z","is_deleted":false} 
 </msg>
<msg time="2026-06-20T08:38:25.173989" level="INFO">${field_response} = &lt;Response [200]&gt;</msg>
<var>${field_response}</var>
<arg>${BE_BASE_URL}/v0/fields</arg>
<arg>json=${field_data}</arg>
<arg>expected_status=200</arg>
<doc>Sends a POST request.</doc>
<status status="PASS" start="2026-06-20T08:38:25.163921" elapsed="0.010095"/>
</kw>
<kw name="Convert To Integer" owner="BuiltIn">
<msg time="2026-06-20T08:38:25.174652" level="DEBUG">Argument types are:
&lt;class 'int'&gt;</msg>
<msg time="2026-06-20T08:38:25.174737" level="INFO">${field_id_int} = 2</msg>
<var>${field_id_int}</var>
<arg>${field_response.json()['id']}</arg>
<doc>Converts the given item to an integer number.</doc>
<status status="PASS" start="2026-06-20T08:38:25.174125" elapsed="0.000636"/>
</kw>
<kw name="Create Dictionary" owner="BuiltIn">
<msg time="2026-06-20T08:38:25.175478" level="INFO">&amp;{event_data} = { id=0 | field_id=2 | event_type=slurry_application | description=Test Event | date=2024-05-23 }</msg>
<var>&amp;{event_data}</var>
<arg>id=${0}</arg>
<arg>field_id=${field_id_int}</arg>
<arg>event_type=slurry_application</arg>
<arg>description=Test Event</arg>
<arg>date=2024-05-23</arg>
<doc>Creates and returns a dictionary based on the given ``items``.</doc>
<status status="PASS" start="2026-06-20T08:38:25.174865" elapsed="0.000644"/>
</kw>
<kw name="POST" owner="AuthRequests">
<msg time="2026-06-20T08:38:25.176393" level="DEBUG">Starting new HTTP connection (1): sward-warden-be:80</msg>
<msg time="2026-06-20T08:38:25.186835" level="DEBUG">http://sward-warden-be:80 "POST /sward/v0/events HTTP/1.1" 200 225</msg>
<msg time="2026-06-20T08:38:25.187107" level="INFO">POST Request : url=http://sward-warden-be/sward/v0/events 
 path_url=/sward/v0/events 
 headers={'User-Agent': 'python-requests/2.34.2', 'Accept-Encoding': 'gzip, deflate, zstd', 'Accept': '*/*', 'Connection': 'keep-alive', 'Authorization': 'Bearer eyJhbGciOiJSUzI1NiIsImtpZCI6ImRldi1rZXktMSIsInR5cCI6IkpXVCJ9.eyJpYXQiOjE3ODE5NDQ3MDQsImV4cCI6MTc4MjAzMTEwNCwibmJmIjoxNzgxOTQ0NzA0LCJpc3MiOiJodHRwOi8vbG9jYWxob3N0OjgwODAiLCJzdWIiOiIxIiwiYXVkIjoic3dhcmQtYXBpIiwic3dhcmRfcm9sZXMiOlsidXNlciJdfQ.pAwPSJQbOb0CSba-QWrjhk_tE651uldAWslpMSb5aW9NEzgw2EX7f0WXATuEXP_5zSMC0QNhmuBEGLu3P3wLmhikAmHn8WejLZXNsvYZluPJTAeTyQ54laCwbH9m9qnEcoNK2TkX37DMPtxlYJslOrBlzJGR_Tf31plSSLcmWSr8PkvO_eC1OYNFY3NDd4KQhaJiGUyvWnxB4QKO2F5mPJh8tRLdpUltmHGF23ro_CYsVDoHAqwbLTs1cbL0mGMDWxOtfRoB-T-uKSt6OZdzUCHiAckaaZkSW9hoeu7K5Vz7DwKYURNPgtw8ihcoUfrnJUgyF8SeupORkSeyYgdLyQ', 'Content-Length': '111', 'Content-Type': 'application/json'} 
 body=b'{"id": 0, "field_id": 2, "event_type": "slurry_application", "description": "Test Event", "date": "2024-05-23"}' 
 </msg>
<msg time="2026-06-20T08:38:25.187169" level="INFO">POST Response : url=http://sward-warden-be/sward/v0/events 
 status=200, reason=OK 
 headers={'content-type': 'application/json', 'vary': 'origin, access-control-request-method, access-control-request-headers', 'content-length': '225', 'date': 'Sat, 20 Jun 2026 08:38:25 GMT', 'x-envoy-upstream-service-time': '7', 'server': 'envoy'} 
 body={"id":1,"field_id":2,"event_type":"slurry_application","description":"Test Event","date":"2024-05-23","updated_at":"2026-06-20T08:38:25.031470Z","is_deleted":false,"mapp_number":null,"eppo_code":null,"bbch_growth_stage":null} 
 </msg>
<msg time="2026-06-20T08:38:25.187289" level="INFO">${create_response} = &lt;Response [200]&gt;</msg>
<var>${create_response}</var>
<arg>${BE_BASE_URL}/v0/events</arg>
<arg>json=${event_data}</arg>
<arg>expected_status=200</arg>
<doc>Sends a POST request.</doc>
<status status="PASS" start="2026-06-20T08:38:25.175627" elapsed="0.011691"/>
</kw>
<kw name="Log" owner="BuiltIn">
<msg time="2026-06-20T08:38:25.188013" level="INFO">Create Event Response: {"id":1,"field_id":2,"event_type":"slurry_application","description":"Test Event","date":"2024-05-23","updated_at":"2026-06-20T08:38:25.031470Z","is_deleted":false,"mapp_number":null,"eppo_code":null,"bbch_growth_stage":null}</msg>
<arg>Create Event Response: ${create_response.content}</arg>
<doc>Logs the given message with the given level.</doc>
<status status="PASS" start="2026-06-20T08:38:25.187446" elapsed="0.000616"/>
</kw>
<kw name="Convert To String" owner="BuiltIn">
<msg time="2026-06-20T08:38:25.188686" level="DEBUG">Argument types are:
&lt;class 'int'&gt;</msg>
<msg time="2026-06-20T08:38:25.188770" level="INFO">${event_id} = 1</msg>
<var>${event_id}</var>
<arg>${create_response.json()['id']}</arg>
<doc>Converts the given item to a Unicode string.</doc>
<status status="PASS" start="2026-06-20T08:38:25.188176" elapsed="0.000618"/>
</kw>
<kw name="Should Not Be Empty" owner="BuiltIn">
<msg time="2026-06-20T08:38:25.189148" level="INFO">Length is 1.</msg>
<arg>${event_id}</arg>
<doc>Verifies that the given item is not empty.</doc>
<status status="PASS" start="2026-06-20T08:38:25.188884" elapsed="0.000309"/>
</kw>
<kw name="Should Be Equal As Strings" owner="BuiltIn">
<msg time="2026-06-20T08:38:25.189793" level="DEBUG">Argument types are:
&lt;class 'str'&gt;
&lt;class 'str'&gt;</msg>
<arg>${create_response.json()['event_type']}</arg>
<arg>slurry_application</arg>
<doc>Fails if objects are unequal after converting them to strings.</doc>
<status status="PASS" start="2026-06-20T08:38:25.189281" elapsed="0.000570"/>
</kw>
<kw name="GET" owner="AuthRequests">
<msg time="2026-06-20T08:38:25.190664" level="DEBUG">Starting new HTTP connection (1): sward-warden-be:80</msg>
<msg time="2026-06-20T08:38:25.198453" level="DEBUG">http://sward-warden-be:80 "GET /sward/v0/events HTTP/1.1" 200 227</msg>
<msg time="2026-06-20T08:38:25.198719" level="INFO">GET Request : url=http://sward-warden-be/sward/v0/events 
 path_url=/sward/v0/events 
 headers={'User-Agent': 'python-requests/2.34.2', 'Accept-Encoding': 'gzip, deflate, zstd', 'Accept': '*/*', 'Connection': 'keep-alive', 'Authorization': 'Bearer eyJhbGciOiJSUzI1NiIsImtpZCI6ImRldi1rZXktMSIsInR5cCI6IkpXVCJ9.eyJpYXQiOjE3ODE5NDQ3MDQsImV4cCI6MTc4MjAzMTEwNCwibmJmIjoxNzgxOTQ0NzA0LCJpc3MiOiJodHRwOi8vbG9jYWxob3N0OjgwODAiLCJzdWIiOiIxIiwiYXVkIjoic3dhcmQtYXBpIiwic3dhcmRfcm9sZXMiOlsidXNlciJdfQ.pAwPSJQbOb0CSba-QWrjhk_tE651uldAWslpMSb5aW9NEzgw2EX7f0WXATuEXP_5zSMC0QNhmuBEGLu3P3wLmhikAmHn8WejLZXNsvYZluPJTAeTyQ54laCwbH9m9qnEcoNK2TkX37DMPtxlYJslOrBlzJGR_Tf31plSSLcmWSr8PkvO_eC1OYNFY3NDd4KQhaJiGUyvWnxB4QKO2F5mPJh8tRLdpUltmHGF23ro_CYsVDoHAqwbLTs1cbL0mGMDWxOtfRoB-T-uKSt6OZdzUCHiAckaaZkSW9hoeu7K5Vz7DwKYURNPgtw8ihcoUfrnJUgyF8SeupORkSeyYgdLyQ'} 
 body=None 
 </msg>
<msg time="2026-06-20T08:38:25.198787" level="INFO">GET Response : url=http://sward-warden-be/sward/v0/events 
 status=200, reason=OK 
 headers={'content-type': 'application/json', 'vary': 'origin, access-control-request-method, access-control-request-headers', 'content-length': '227', 'date': 'Sat, 20 Jun 2026 08:38:25 GMT', 'x-envoy-upstream-service-time': '4', 'server': 'envoy'} 
 body=[{"id":1,"field_id":2,"event_type":"slurry_application","description":"Test Event","date":"2024-05-23","updated_at":"2026-06-20T08:38:25.031470Z","is_deleted":false,"mapp_number":null,"eppo_code":null,"bbch_growth_stage":null}] 
 </msg>
<msg time="2026-06-20T08:38:25.198908" level="INFO">${list_response} = &lt;Response [200]&gt;</msg>
<var>${list_response}</var>
<arg>${BE_BASE_URL}/v0/events</arg>
<arg>expected_status=200</arg>
<doc>Sends a GET request.</doc>
<status status="PASS" start="2026-06-20T08:38:25.189950" elapsed="0.008984"/>
</kw>
<kw name="Log" owner="BuiltIn">
<msg time="2026-06-20T08:38:25.199640" level="INFO">List Events Response: [{"id":1,"field_id":2,"event_type":"slurry_application","description":"Test Event","date":"2024-05-23","updated_at":"2026-06-20T08:38:25.031470Z","is_deleted":false,"mapp_number":null,"eppo_code":null,"bbch_growth_stage":null}]</msg>
<arg>List Events Response: ${list_response.content}</arg>
<doc>Logs the given message with the given level.</doc>
<status status="PASS" start="2026-06-20T08:38:25.199060" elapsed="0.000631"/>
</kw>
<kw name="Set Variable" owner="BuiltIn">
<msg time="2026-06-20T08:38:25.200420" level="INFO">${events} = [{'id': 1, 'field_id': 2, 'event_type': 'slurry_application', 'description': 'Test Event', 'date': '2024-05-23', 'updated_at': '2026-06-20T08:38:25.031470Z', 'is_deleted': False, 'mapp_number': None, ...</msg>
<var>${events}</var>
<arg>${list_response.json()}</arg>
<doc>Returns the given values which can then be assigned to a variables.</doc>
<status status="PASS" start="2026-06-20T08:38:25.199789" elapsed="0.000661"/>
</kw>
<kw name="Should Not Be Empty" owner="BuiltIn">
<msg time="2026-06-20T08:38:25.200811" level="INFO">Length is 1.</msg>
<arg>${events}</arg>
<doc>Verifies that the given item is not empty.</doc>
<status status="PASS" start="2026-06-20T08:38:25.200543" elapsed="0.000313"/>
</kw>
<doc>Test BREAD operations for Events. Note: Read (by ID), Edit, and Delete are not implemented in the backend.</doc>
<status status="PASS" start="2026-06-20T08:38:25.148746" elapsed="0.052211"/>
</test>
<test id="s1-s1-s1-t9" name="Soil Analyses BREAD Operations" line="160">
<kw name="Create Dictionary" owner="BuiltIn">
<msg time="2026-06-20T08:38:25.202139" level="INFO">&amp;{farm_data} = { id=0 | name=Soil Test Farm | location=123 Test Lane | has_derogation=True }</msg>
<var>&amp;{farm_data}</var>
<arg>id=${0}</arg>
<arg>name=Soil Test Farm</arg>
<arg>location=123 Test Lane</arg>
<arg>has_derogation=${True}</arg>
<doc>Creates and returns a dictionary based on the given ``items``.</doc>
<status status="PASS" start="2026-06-20T08:38:25.201512" elapsed="0.000659"/>
</kw>
<kw name="POST" owner="AuthRequests">
<msg time="2026-06-20T08:38:25.203130" level="DEBUG">Starting new HTTP connection (1): sward-warden-be:80</msg>
<msg time="2026-06-20T08:38:25.209991" level="DEBUG">http://sward-warden-be:80 "POST /sward/v0/farms HTTP/1.1" 200 155</msg>
<msg time="2026-06-20T08:38:25.210230" level="INFO">POST Request : url=http://sward-warden-be/sward/v0/farms 
 path_url=/sward/v0/farms 
 headers={'User-Agent': 'python-requests/2.34.2', 'Accept-Encoding': 'gzip, deflate, zstd', 'Accept': '*/*', 'Connection': 'keep-alive', 'Authorization': 'Bearer eyJhbGciOiJSUzI1NiIsImtpZCI6ImRldi1rZXktMSIsInR5cCI6IkpXVCJ9.eyJpYXQiOjE3ODE5NDQ3MDQsImV4cCI6MTc4MjAzMTEwNCwibmJmIjoxNzgxOTQ0NzA0LCJpc3MiOiJodHRwOi8vbG9jYWxob3N0OjgwODAiLCJzdWIiOiIxIiwiYXVkIjoic3dhcmQtYXBpIiwic3dhcmRfcm9sZXMiOlsidXNlciJdfQ.pAwPSJQbOb0CSba-QWrjhk_tE651uldAWslpMSb5aW9NEzgw2EX7f0WXATuEXP_5zSMC0QNhmuBEGLu3P3wLmhikAmHn8WejLZXNsvYZluPJTAeTyQ54laCwbH9m9qnEcoNK2TkX37DMPtxlYJslOrBlzJGR_Tf31plSSLcmWSr8PkvO_eC1OYNFY3NDd4KQhaJiGUyvWnxB4QKO2F5mPJh8tRLdpUltmHGF23ro_CYsVDoHAqwbLTs1cbL0mGMDWxOtfRoB-T-uKSt6OZdzUCHiAckaaZkSW9hoeu7K5Vz7DwKYURNPgtw8ihcoUfrnJUgyF8SeupORkSeyYgdLyQ', 'Content-Length': '88', 'Content-Type': 'application/json'} 
 body=b'{"id": 0, "name": "Soil Test Farm", "location": "123 Test Lane", "has_derogation": true}' 
 </msg>
<msg time="2026-06-20T08:38:25.210290" level="INFO">POST Response : url=http://sward-warden-be/sward/v0/farms 
 status=200, reason=OK 
 headers={'content-type': 'application/json', 'vary': 'origin, access-control-request-method, access-control-request-headers', 'content-length': '155', 'date': 'Sat, 20 Jun 2026 08:38:25 GMT', 'x-envoy-upstream-service-time': '3', 'server': 'envoy'} 
 body={"id":4,"user_id":1,"name":"Soil Test Farm","location":"123 Test Lane","has_derogation":true,"updated_at":"2026-06-20T08:38:25.055663Z","is_deleted":false} 
 </msg>
<msg time="2026-06-20T08:38:25.210401" level="INFO">${farm_response} = &lt;Response [200]&gt;</msg>
<var>${farm_response}</var>
<arg>${BE_BASE_URL}/v0/farms</arg>
<arg>json=${farm_data}</arg>
<arg>expected_status=200</arg>
<doc>Sends a POST request.</doc>
<status status="PASS" start="2026-06-20T08:38:25.202292" elapsed="0.008135"/>
</kw>
<kw name="Convert To Integer" owner="BuiltIn">
<msg time="2026-06-20T08:38:25.211089" level="DEBUG">Argument types are:
&lt;class 'int'&gt;</msg>
<msg time="2026-06-20T08:38:25.211174" level="INFO">${farm_id_int} = 4</msg>
<var>${farm_id_int}</var>
<arg>${farm_response.json()['id']}</arg>
<doc>Converts the given item to an integer number.</doc>
<status status="PASS" start="2026-06-20T08:38:25.210549" elapsed="0.000649"/>
</kw>
<kw name="Create Dictionary" owner="BuiltIn">
<msg time="2026-06-20T08:38:25.212124" level="INFO">&amp;{field_data} = { id=0 | farm_id=4 | name=Soil Test Field | area_hectares=10.5 | land_use=Grassland }</msg>
<var>&amp;{field_data}</var>
<arg>id=${0}</arg>
<arg>farm_id=${farm_id_int}</arg>
<arg>name=Soil Test Field</arg>
<arg>area_hectares=${10.5}</arg>
<arg>land_use=Grassland</arg>
<doc>Creates and returns a dictionary based on the given ``items``.</doc>
<status status="PASS" start="2026-06-20T08:38:25.211305" elapsed="0.000890"/>
</kw>
<kw name="POST" owner="AuthRequests">
<msg time="2026-06-20T08:38:25.213073" level="DEBUG">Starting new HTTP connection (1): sward-warden-be:80</msg>
<msg time="2026-06-20T08:38:25.232794" level="DEBUG">http://sward-warden-be:80 "POST /sward/v0/fields HTTP/1.1" 200 273</msg>
<msg time="2026-06-20T08:38:25.233054" level="INFO">POST Request : url=http://sward-warden-be/sward/v0/fields 
 path_url=/sward/v0/fields 
 headers={'User-Agent': 'python-requests/2.34.2', 'Accept-Encoding': 'gzip, deflate, zstd', 'Accept': '*/*', 'Connection': 'keep-alive', 'Authorization': 'Bearer eyJhbGciOiJSUzI1NiIsImtpZCI6ImRldi1rZXktMSIsInR5cCI6IkpXVCJ9.eyJpYXQiOjE3ODE5NDQ3MDQsImV4cCI6MTc4MjAzMTEwNCwibmJmIjoxNzgxOTQ0NzA0LCJpc3MiOiJodHRwOi8vbG9jYWxob3N0OjgwODAiLCJzdWIiOiIxIiwiYXVkIjoic3dhcmQtYXBpIiwic3dhcmRfcm9sZXMiOlsidXNlciJdfQ.pAwPSJQbOb0CSba-QWrjhk_tE651uldAWslpMSb5aW9NEzgw2EX7f0WXATuEXP_5zSMC0QNhmuBEGLu3P3wLmhikAmHn8WejLZXNsvYZluPJTAeTyQ54laCwbH9m9qnEcoNK2TkX37DMPtxlYJslOrBlzJGR_Tf31plSSLcmWSr8PkvO_eC1OYNFY3NDd4KQhaJiGUyvWnxB4QKO2F5mPJh8tRLdpUltmHGF23ro_CYsVDoHAqwbLTs1cbL0mGMDWxOtfRoB-T-uKSt6OZdzUCHiAckaaZkSW9hoeu7K5Vz7DwKYURNPgtw8ihcoUfrnJUgyF8SeupORkSeyYgdLyQ', 'Content-Length': '98', 'Content-Type': 'application/json'} 
 body=b'{"id": 0, "farm_id": 4, "name": "Soil Test Field", "area_hectares": 10.5, "land_use": "Grassland"}' 
 </msg>
<msg time="2026-06-20T08:38:25.233114" level="INFO">POST Response : url=http://sward-warden-be/sward/v0/fields 
 status=200, reason=OK 
 headers={'content-type': 'application/json', 'vary': 'origin, access-control-request-method, access-control-request-headers', 'content-length': '273', 'date': 'Sat, 20 Jun 2026 08:38:25 GMT', 'x-envoy-upstream-service-time': '16', 'server': 'envoy'} 
 body={"id":3,"farm_id":4,"name":"Soil Test Field","area_hectares":10.5,"land_use":"Grassland","min_elevation":null,"max_elevation":null,"mean_elevation":null,"average_slope":null,"max_slope":null,"geometry_wkt":null,"updated_at":"2026-06-20T08:38:25.068628Z","is_deleted":false} 
 </msg>
<msg time="2026-06-20T08:38:25.233232" level="INFO">${field_response} = &lt;Response [200]&gt;</msg>
<var>${field_response}</var>
<arg>${BE_BASE_URL}/v0/fields</arg>
<arg>json=${field_data}</arg>
<arg>expected_status=200</arg>
<doc>Sends a POST request.</doc>
<status status="PASS" start="2026-06-20T08:38:25.212300" elapsed="0.020959"/>
</kw>
<kw name="Convert To Integer" owner="BuiltIn">
<msg time="2026-06-20T08:38:25.233954" level="DEBUG">Argument types are:
&lt;class 'int'&gt;</msg>
<msg time="2026-06-20T08:38:25.234040" level="INFO">${field_id_int} = 3</msg>
<var>${field_id_int}</var>
<arg>${field_response.json()['id']}</arg>
<doc>Converts the given item to an integer number.</doc>
<status status="PASS" start="2026-06-20T08:38:25.233384" elapsed="0.000681"/>
</kw>
<kw name="Create Dictionary" owner="BuiltIn">
<msg time="2026-06-20T08:38:25.235540" level="INFO">&amp;{soil_data} = { id=0 | field_id=3 | sample_date=2024-05-23 | ph_level=6.5 | phosphorus_index=2 | potassium_index=2 | magnesium_index=2 }</msg>
<var>&amp;{soil_data}</var>
<arg>id=${0}</arg>
<arg>field_id=${field_id_int}</arg>
<arg>sample_date=2024-05-23</arg>
<arg>ph_level=${6.5}</arg>
<arg>phosphorus_index=${2}</arg>
<arg>potassium_index=${2}</arg>
<arg>magnesium_index=${2}</arg>
<doc>Creates and returns a dictionary based on the given ``items``.</doc>
<status status="PASS" start="2026-06-20T08:38:25.234169" elapsed="0.001403"/>
</kw>
<kw name="POST" owner="AuthRequests">
<msg time="2026-06-20T08:38:25.236475" level="DEBUG">Starting new HTTP connection (1): sward-warden-be:80</msg>
<msg time="2026-06-20T08:38:25.245645" level="DEBUG">http://sward-warden-be:80 "POST /sward/v0/soil_analyses HTTP/1.1" 200 186</msg>
<msg time="2026-06-20T08:38:25.245864" level="INFO">POST Request : url=http://sward-warden-be/sward/v0/soil_analyses 
 path_url=/sward/v0/soil_analyses 
 headers={'User-Agent': 'python-requests/2.34.2', 'Accept-Encoding': 'gzip, deflate, zstd', 'Accept': '*/*', 'Connection': 'keep-alive', 'Authorization': 'Bearer eyJhbGciOiJSUzI1NiIsImtpZCI6ImRldi1rZXktMSIsInR5cCI6IkpXVCJ9.eyJpYXQiOjE3ODE5NDQ3MDQsImV4cCI6MTc4MjAzMTEwNCwibmJmIjoxNzgxOTQ0NzA0LCJpc3MiOiJodHRwOi8vbG9jYWxob3N0OjgwODAiLCJzdWIiOiIxIiwiYXVkIjoic3dhcmQtYXBpIiwic3dhcmRfcm9sZXMiOlsidXNlciJdfQ.pAwPSJQbOb0CSba-QWrjhk_tE651uldAWslpMSb5aW9NEzgw2EX7f0WXATuEXP_5zSMC0QNhmuBEGLu3P3wLmhikAmHn8WejLZXNsvYZluPJTAeTyQ54laCwbH9m9qnEcoNK2TkX37DMPtxlYJslOrBlzJGR_Tf31plSSLcmWSr8PkvO_eC1OYNFY3NDd4KQhaJiGUyvWnxB4QKO2F5mPJh8tRLdpUltmHGF23ro_CYsVDoHAqwbLTs1cbL0mGMDWxOtfRoB-T-uKSt6OZdzUCHiAckaaZkSW9hoeu7K5Vz7DwKYURNPgtw8ihcoUfrnJUgyF8SeupORkSeyYgdLyQ', 'Content-Length': '137', 'Content-Type': 'application/json'} 
 body=b'{"id": 0, "field_id": 3, "sample_date": "2024-05-23", "ph_level": 6.5, "phosphorus_index": 2, "potassium_index": 2, "magnesium_index": 2}' 
 </msg>
<msg time="2026-06-20T08:38:25.245936" level="INFO">POST Response : url=http://sward-warden-be/sward/v0/soil_analyses 
 status=200, reason=OK 
 headers={'content-type': 'application/json', 'vary': 'origin, access-control-request-method, access-control-request-headers', 'content-length': '186', 'date': 'Sat, 20 Jun 2026 08:38:25 GMT', 'x-envoy-upstream-service-time': '6', 'server': 'envoy'} 
 body={"id":1,"field_id":3,"sample_date":"2024-05-23","ph_level":6.5,"phosphorus_index":2,"potassium_index":2,"magnesium_index":2,"updated_at":"2026-06-20T08:38:25.090816Z","is_deleted":false} 
 </msg>
<msg time="2026-06-20T08:38:25.246039" level="INFO">${create_response} = &lt;Response [200]&gt;</msg>
<var>${create_response}</var>
<arg>${BE_BASE_URL}/v0/soil_analyses</arg>
<arg>json=${soil_data}</arg>
<arg>expected_status=200</arg>
<doc>Sends a POST request.</doc>
<status status="PASS" start="2026-06-20T08:38:25.235680" elapsed="0.010386"/>
</kw>
<kw name="Log" owner="BuiltIn">
<msg time="2026-06-20T08:38:25.246700" level="INFO">Create Soil Analysis Response: {"id":1,"field_id":3,"sample_date":"2024-05-23","ph_level":6.5,"phosphorus_index":2,"potassium_index":2,"magnesium_index":2,"updated_at":"2026-06-20T08:38:25.090816Z","is_deleted":false}</msg>
<arg>Create Soil Analysis Response: ${create_response.content}</arg>
<doc>Logs the given message with the given level.</doc>
<status status="PASS" start="2026-06-20T08:38:25.246175" elapsed="0.000575"/>
</kw>
<kw name="Convert To String" owner="BuiltIn">
<msg time="2026-06-20T08:38:25.247354" level="DEBUG">Argument types are:
&lt;class 'int'&gt;</msg>
<msg time="2026-06-20T08:38:25.247440" level="INFO">${soil_id} = 1</msg>
<var>${soil_id}</var>
<arg>${create_response.json()['id']}</arg>
<doc>Converts the given item to a Unicode string.</doc>
<status status="PASS" start="2026-06-20T08:38:25.246848" elapsed="0.000616"/>
</kw>
<kw name="Should Not Be Empty" owner="BuiltIn">
<msg time="2026-06-20T08:38:25.247826" level="INFO">Length is 1.</msg>
<arg>${soil_id}</arg>
<doc>Verifies that the given item is not empty.</doc>
<status status="PASS" start="2026-06-20T08:38:25.247555" elapsed="0.000317"/>
</kw>
<kw name="GET" owner="AuthRequests">
<msg time="2026-06-20T08:38:25.248715" level="DEBUG">Starting new HTTP connection (1): sward-warden-be:80</msg>
<msg time="2026-06-20T08:38:25.255987" level="DEBUG">http://sward-warden-be:80 "GET /sward/v0/soil_analyses HTTP/1.1" 200 188</msg>
<msg time="2026-06-20T08:38:25.256310" level="INFO">GET Request : url=http://sward-warden-be/sward/v0/soil_analyses 
 path_url=/sward/v0/soil_analyses 
 headers={'User-Agent': 'python-requests/2.34.2', 'Accept-Encoding': 'gzip, deflate, zstd', 'Accept': '*/*', 'Connection': 'keep-alive', 'Authorization': 'Bearer eyJhbGciOiJSUzI1NiIsImtpZCI6ImRldi1rZXktMSIsInR5cCI6IkpXVCJ9.eyJpYXQiOjE3ODE5NDQ3MDQsImV4cCI6MTc4MjAzMTEwNCwibmJmIjoxNzgxOTQ0NzA0LCJpc3MiOiJodHRwOi8vbG9jYWxob3N0OjgwODAiLCJzdWIiOiIxIiwiYXVkIjoic3dhcmQtYXBpIiwic3dhcmRfcm9sZXMiOlsidXNlciJdfQ.pAwPSJQbOb0CSba-QWrjhk_tE651uldAWslpMSb5aW9NEzgw2EX7f0WXATuEXP_5zSMC0QNhmuBEGLu3P3wLmhikAmHn8WejLZXNsvYZluPJTAeTyQ54laCwbH9m9qnEcoNK2TkX37DMPtxlYJslOrBlzJGR_Tf31plSSLcmWSr8PkvO_eC1OYNFY3NDd4KQhaJiGUyvWnxB4QKO2F5mPJh8tRLdpUltmHGF23ro_CYsVDoHAqwbLTs1cbL0mGMDWxOtfRoB-T-uKSt6OZdzUCHiAckaaZkSW9hoeu7K5Vz7DwKYURNPgtw8ihcoUfrnJUgyF8SeupORkSeyYgdLyQ'} 
 body=None 
 </msg>
<msg time="2026-06-20T08:38:25.256379" level="INFO">GET Response : url=http://sward-warden-be/sward/v0/soil_analyses 
 status=200, reason=OK 
 headers={'content-type': 'application/json', 'vary': 'origin, access-control-request-method, access-control-request-headers', 'content-length': '188', 'date': 'Sat, 20 Jun 2026 08:38:25 GMT', 'x-envoy-upstream-service-time': '4', 'server': 'envoy'} 
 body=[{"id":1,"field_id":3,"sample_date":"2024-05-23","ph_level":6.5,"phosphorus_index":2,"potassium_index":2,"magnesium_index":2,"updated_at":"2026-06-20T08:38:25.090816Z","is_deleted":false}] 
 </msg>
<msg time="2026-06-20T08:38:25.256500" level="INFO">${list_response} = &lt;Response [200]&gt;</msg>
<var>${list_response}</var>
<arg>${BE_BASE_URL}/v0/soil_analyses</arg>
<arg>expected_status=200</arg>
<doc>Sends a GET request.</doc>
<status status="PASS" start="2026-06-20T08:38:25.247971" elapsed="0.008555"/>
</kw>
<kw name="Log" owner="BuiltIn">
<msg time="2026-06-20T08:38:25.257236" level="INFO">List Soil Analyses Response: [{"id":1,"field_id":3,"sample_date":"2024-05-23","ph_level":6.5,"phosphorus_index":2,"potassium_index":2,"magnesium_index":2,"updated_at":"2026-06-20T08:38:25.090816Z","is_deleted":false}]</msg>
<arg>List Soil Analyses Response: ${list_response.content}</arg>
<doc>Logs the given message with the given level.</doc>
<status status="PASS" start="2026-06-20T08:38:25.256653" elapsed="0.000634"/>
</kw>
<kw name="Set Variable" owner="BuiltIn">
<msg time="2026-06-20T08:38:25.257965" level="INFO">${analyses} = [{'id': 1, 'field_id': 3, 'sample_date': '2024-05-23', 'ph_level': 6.5, 'phosphorus_index': 2, 'potassium_index': 2, 'magnesium_index': 2, 'updated_at': '2026-06-20T08:38:25.090816Z', 'is_deleted': Fa...</msg>
<var>${analyses}</var>
<arg>${list_response.json()}</arg>
[...]
<msg time="2026-06-20T08:39:51.706879" level="DEBUG">Clicked element: 'data-testid=user-login-1' with options: '{"button": "left", "clickCount": 1, "force": false, "noWaitAfter": false, "trial": false}' successfully.</msg>
<arg>data-testid=user-login-1</arg>
<tag>PageContent</tag>
<tag>Setter</tag>
<doc>Simulates mouse click on the element found by ``selector``.</doc>
<status status="PASS" start="2026-06-20T08:39:51.652684" elapsed="0.054429"/>
</kw>
<kw name="Wait For Elements State" owner="Browser">
<msg time="2026-06-20T08:39:51.774689" level="INFO">Waited for Element with selector css=app-home at state visible</msg>
<arg>css=app-home</arg>
<arg>visible</arg>
<arg>timeout=10s</arg>
<tag>PageContent</tag>
<tag>Wait</tag>
<doc>Waits for the element found by ``selector`` to satisfy state option.</doc>
<status status="PASS" start="2026-06-20T08:39:51.707310" elapsed="0.067550"/>
</kw>
<doc>Logs in as the default Demo User (ID 1) via the development login page</doc>
<status status="PASS" start="2026-06-20T08:39:51.249620" elapsed="0.525361"/>
</kw>
<kw name="Go To" owner="Browser">
<msg time="2026-06-20T08:39:51.830867" level="INFO">Successfully opened URL http://sw-pr-27865618932.dev.k8s/fields/10</msg>
<arg>${EXTERNAL_DNS_URL}/fields/${field_id}</arg>
<tag>BrowserControl</tag>
<tag>Setter</tag>
<doc>Navigates to the given ``url``.</doc>
<status status="PASS" start="2026-06-20T08:39:51.775136" elapsed="0.055897"/>
</kw>
<kw name="Wait For Elements State" owner="Browser">
<msg time="2026-06-20T08:39:51.988673" level="INFO">Waited for Element with selector text=Validation Field 6031 at state visible</msg>
<arg>text=${field_name}</arg>
<arg>visible</arg>
<arg>timeout=10s</arg>
<tag>PageContent</tag>
<tag>Wait</tag>
<doc>Waits for the element found by ``selector`` to satisfy state option.</doc>
<status status="PASS" start="2026-06-20T08:39:51.831224" elapsed="0.157630"/>
</kw>
<kw name="Sleep" owner="BuiltIn">
<msg time="2026-06-20T08:39:53.989673" level="INFO">Slept 2 seconds.</msg>
<arg>2s</arg>
<doc>Pauses the test executed for the given time.</doc>
<status status="PASS" start="2026-06-20T08:39:51.989047" elapsed="2.000734"/>
</kw>
<kw name="Click" owner="Browser">
<msg time="2026-06-20T08:39:53.990472" level="INFO">Clicks the element 'text=Planting'.</msg>
<msg time="2026-06-20T08:39:53.990815" level="DEBUG">Click options are: {"button": "left", "clickCount": 1, "force": false, "noWaitAfter": false, "trial": false}</msg>
<msg time="2026-06-20T08:39:54.013724" level="DEBUG">Clicked element: 'text=Planting' with options: '{"button": "left", "clickCount": 1, "force": false, "noWaitAfter": false, "trial": false}' successfully.</msg>
<arg>text=Planting</arg>
<arg>button=left</arg>
<tag>PageContent</tag>
<tag>Setter</tag>
<doc>Simulates mouse click on the element found by ``selector``.</doc>
<status status="PASS" start="2026-06-20T08:39:53.989951" elapsed="0.023953"/>
</kw>
<kw name="Wait For Elements State" owner="Browser">
<msg time="2026-06-20T08:39:54.060393" level="INFO">Waited for Element with selector text=Log Planting at state visible</msg>
<arg>text=Log Planting</arg>
<arg>visible</arg>
<arg>timeout=5s</arg>
<tag>PageContent</tag>
<tag>Wait</tag>
<doc>Waits for the element found by ``selector`` to satisfy state option.</doc>
<status status="PASS" start="2026-06-20T08:39:54.014090" elapsed="0.046498"/>
</kw>
<kw name="Wait For Elements State" owner="Browser">
<msg time="2026-06-20T08:39:54.066462" level="INFO">Waited for Element with selector css=input[name="crop"].border-error at state visible</msg>
<arg>css=input[name="crop"].border-error</arg>
<arg>visible</arg>
<arg>timeout=5s</arg>
<tag>PageContent</tag>
<tag>Wait</tag>
<doc>Waits for the element found by ``selector`` to satisfy state option.</doc>
<status status="PASS" start="2026-06-20T08:39:54.060787" elapsed="0.005848"/>
</kw>
<kw name="Wait For Elements State" owner="Browser">
<msg time="2026-06-20T08:39:54.071876" level="INFO">Waited for Element with selector css=input[name="variety"].border-error at state visible</msg>
<arg>css=input[name="variety"].border-error</arg>
<arg>visible</arg>
<arg>timeout=5s</arg>
<tag>PageContent</tag>
<tag>Wait</tag>
<doc>Waits for the element found by ``selector`` to satisfy state option.</doc>
<status status="PASS" start="2026-06-20T08:39:54.066831" elapsed="0.005219"/>
</kw>
<kw name="Get Element States" owner="Browser">
<msg time="2026-06-20T08:39:54.119683" level="DEBUG">States: 2213</msg>
<msg time="2026-06-20T08:39:54.119750" level="INFO">States are: ['attached', 'visible', 'disabled', 'readonly', 'defocused']</msg>
<msg time="2026-06-20T08:39:54.119797" level="DEBUG">Assertion polling statistics:
First element asserted in: 0.04694342613220215 seconds
Total tries: 1
Elapsed time in retries 0.0 seconds</msg>
<arg>button[type="submit"] &gt;&gt; text=Save Record</arg>
<arg>contains</arg>
<arg>disabled</arg>
<tag>Assertion</tag>
<tag>Getter</tag>
<tag>PageContent</tag>
<doc>Get the active states from the element found by ``selector``.</doc>
<status status="PASS" start="2026-06-20T08:39:54.072282" elapsed="0.047576"/>
</kw>
<kw name="Fill Text" owner="Browser">
<msg time="2026-06-20T08:39:54.120593" level="INFO">Fills the text 'Barley' in the given field.</msg>
<msg time="2026-06-20T08:39:54.131064" level="DEBUG">Fill text Barley on css=input[name="crop"] with force: false</msg>
<arg>css=input[name="crop"]</arg>
<arg>Barley</arg>
<tag>PageContent</tag>
<tag>Setter</tag>
<doc>Clears and fills the given ``txt`` into the text field found by ``selector``.</doc>
<status status="PASS" start="2026-06-20T08:39:54.120039" elapsed="0.011200"/>
</kw>
<kw name="Wait For Elements State" owner="Browser">
<msg time="2026-06-20T08:39:54.139934" level="INFO">Waited for Element with selector css=input[name="crop"].border-error at state detached</msg>
<arg>css=input[name="crop"].border-error</arg>
<arg>detached</arg>
<arg>timeout=5s</arg>
<tag>PageContent</tag>
<tag>Wait</tag>
<doc>Waits for the element found by ``selector`` to satisfy state option.</doc>
<status status="PASS" start="2026-06-20T08:39:54.131439" elapsed="0.008769"/>
</kw>
<kw name="Get Element States" owner="Browser">
<msg time="2026-06-20T08:39:54.178058" level="DEBUG">States: 2213</msg>
<msg time="2026-06-20T08:39:54.178133" level="INFO">States are: ['attached', 'visible', 'disabled', 'readonly', 'defocused']</msg>
<msg time="2026-06-20T08:39:54.178186" level="DEBUG">Assertion polling statistics:
First element asserted in: 0.03719377517700195 seconds
Total tries: 1
Elapsed time in retries 0.0 seconds</msg>
<arg>button[type="submit"] &gt;&gt; text=Save Record</arg>
<arg>contains</arg>
<arg>disabled</arg>
<tag>Assertion</tag>
<tag>Getter</tag>
<tag>PageContent</tag>
<doc>Get the active states from the element found by ``selector``.</doc>
<status status="PASS" start="2026-06-20T08:39:54.140425" elapsed="0.037824"/>
</kw>
<kw name="Fill Text" owner="Browser">
<msg time="2026-06-20T08:39:54.178972" level="INFO">Fills the text 'Golden' in the given field.</msg>
<msg time="2026-06-20T08:39:54.187770" level="DEBUG">Fill text Golden on css=input[name="variety"] with force: false</msg>
<arg>css=input[name="variety"]</arg>
<arg>Golden</arg>
<tag>PageContent</tag>
<tag>Setter</tag>
<doc>Clears and fills the given ``txt`` into the text field found by ``selector``.</doc>
<status status="PASS" start="2026-06-20T08:39:54.178449" elapsed="0.009490"/>
</kw>
<kw name="Wait For Elements State" owner="Browser">
<msg time="2026-06-20T08:39:54.193192" level="INFO">Waited for Element with selector css=input[name="variety"].border-error at state detached</msg>
<arg>css=input[name="variety"].border-error</arg>
<arg>detached</arg>
<arg>timeout=5s</arg>
<tag>PageContent</tag>
<tag>Wait</tag>
<doc>Waits for the element found by ``selector`` to satisfy state option.</doc>
<status status="PASS" start="2026-06-20T08:39:54.188158" elapsed="0.005206"/>
</kw>
<kw name="Get Element States" owner="Browser">
<msg time="2026-06-20T08:39:54.224374" level="DEBUG">States: 2069</msg>
<msg time="2026-06-20T08:39:54.224443" level="INFO">States are: ['attached', 'visible', 'enabled', 'defocused']</msg>
<msg time="2026-06-20T08:39:54.224492" level="DEBUG">Assertion polling statistics:
First element asserted in: 0.030358314514160156 seconds
Total tries: 1
Elapsed time in retries 0.0 seconds</msg>
<arg>button[type="submit"] &gt;&gt; text=Save Record</arg>
<arg>not contains</arg>
<arg>disabled</arg>
<tag>Assertion</tag>
<tag>Getter</tag>
<tag>PageContent</tag>
<doc>Get the active states from the element found by ``selector``.</doc>
<status status="PASS" start="2026-06-20T08:39:54.193563" elapsed="0.030992"/>
</kw>
<kw name="Click" owner="Browser">
<msg time="2026-06-20T08:39:54.225281" level="INFO">Clicks the element 'button[type="submit"] &gt;&gt; text=Save Record'.</msg>
<msg time="2026-06-20T08:39:54.225644" level="DEBUG">Click options are: {"button": "left", "clickCount": 1, "force": false, "noWaitAfter": false, "trial": false}</msg>
<msg time="2026-06-20T08:39:54.253279" level="DEBUG">Clicked element: 'button[type="submit"] &gt;&gt; text=Save Record' with options: '{"button": "left", "clickCount": 1, "force": false, "noWaitAfter": false, "trial": false}' successfully.</msg>
<arg>button[type="submit"] &gt;&gt; text=Save Record</arg>
<arg>button=left</arg>
<tag>PageContent</tag>
<tag>Setter</tag>
<doc>Simulates mouse click on the element found by ``selector``.</doc>
<status status="PASS" start="2026-06-20T08:39:54.224741" elapsed="0.028704"/>
</kw>
<kw name="Wait For Elements State" owner="Browser">
<msg time="2026-06-20T08:39:54.340507" level="INFO">Waited for Element with selector text=Log Planting at state detached</msg>
<arg>text=Log Planting</arg>
<arg>detached</arg>
<arg>timeout=5s</arg>
<tag>PageContent</tag>
<tag>Wait</tag>
<doc>Waits for the element found by ``selector`` to satisfy state option.</doc>
<status status="PASS" start="2026-06-20T08:39:54.253644" elapsed="0.087030"/>
</kw>
<kw name="Wait For Elements State" owner="Browser">
<msg time="2026-06-20T08:39:54.346246" level="INFO">Waited for Element with selector text=Planted Barley (Variety: Golden) at state visible</msg>
<arg>text=Planted Barley (Variety: Golden)</arg>
<arg>visible</arg>
<arg>timeout=10s</arg>
<tag>PageContent</tag>
<tag>Wait</tag>
<doc>Waits for the element found by ``selector`` to satisfy state option.</doc>
<status status="PASS" start="2026-06-20T08:39:54.340902" elapsed="0.005510"/>
</kw>
<kw name="Sleep" owner="BuiltIn">
<msg time="2026-06-20T08:39:59.347116" level="INFO">Slept 5 seconds.</msg>
<arg>5s</arg>
<doc>Pauses the test executed for the given time.</doc>
<status status="PASS" start="2026-06-20T08:39:54.346597" elapsed="5.000625"/>
</kw>
<kw name="DELETE" owner="AuthRequests">
<msg time="2026-06-20T08:39:59.348454" level="DEBUG">Starting new HTTP connection (1): sward-warden-be:80</msg>
<msg time="2026-06-20T08:39:59.365437" level="DEBUG">http://sward-warden-be:80 "DELETE /sward/v0/fields/10 HTTP/1.1" 204 0</msg>
<msg time="2026-06-20T08:39:59.365700" level="INFO">DELETE Request : url=http://sward-warden-be/sward/v0/fields/10 
 path_url=/sward/v0/fields/10 
 headers={'User-Agent': 'python-requests/2.34.2', 'Accept-Encoding': 'gzip, deflate, zstd', 'Accept': '*/*', 'Connection': 'keep-alive', 'Authorization': 'Bearer eyJhbGciOiJSUzI1NiIsImtpZCI6ImRldi1rZXktMSIsInR5cCI6IkpXVCJ9.eyJpYXQiOjE3ODE5NDQ3MDQsImV4cCI6MTc4MjAzMTEwNCwibmJmIjoxNzgxOTQ0NzA0LCJpc3MiOiJodHRwOi8vbG9jYWxob3N0OjgwODAiLCJzdWIiOiIxIiwiYXVkIjoic3dhcmQtYXBpIiwic3dhcmRfcm9sZXMiOlsidXNlciJdfQ.pAwPSJQbOb0CSba-QWrjhk_tE651uldAWslpMSb5aW9NEzgw2EX7f0WXATuEXP_5zSMC0QNhmuBEGLu3P3wLmhikAmHn8WejLZXNsvYZluPJTAeTyQ54laCwbH9m9qnEcoNK2TkX37DMPtxlYJslOrBlzJGR_Tf31plSSLcmWSr8PkvO_eC1OYNFY3NDd4KQhaJiGUyvWnxB4QKO2F5mPJh8tRLdpUltmHGF23ro_CYsVDoHAqwbLTs1cbL0mGMDWxOtfRoB-T-uKSt6OZdzUCHiAckaaZkSW9hoeu7K5Vz7DwKYURNPgtw8ihcoUfrnJUgyF8SeupORkSeyYgdLyQ', 'Content-Length': '0'} 
 body=None 
 </msg>
<msg time="2026-06-20T08:39:59.365767" level="INFO">DELETE Response : url=http://sward-warden-be/sward/v0/fields/10 
 status=204, reason=No Content 
 headers={'vary': 'origin, access-control-request-method, access-control-request-headers', 'date': 'Sat, 20 Jun 2026 08:39:59 GMT', 'x-envoy-upstream-service-time': '13', 'server': 'envoy'} 
 body=None 
 </msg>
<arg>${BE_BASE_URL}/v0/fields/${field_id}</arg>
<arg>expected_status=204</arg>
<doc>Sends a DELETE request.</doc>
<status status="PASS" start="2026-06-20T08:39:59.347407" elapsed="0.018433"/>
</kw>
<kw name="DELETE" owner="AuthRequests">
<msg time="2026-06-20T08:39:59.366816" level="DEBUG">Starting new HTTP connection (1): sward-warden-be:80</msg>
<msg time="2026-06-20T08:39:59.376630" level="DEBUG">http://sward-warden-be:80 "DELETE /sward/v0/farms/18 HTTP/1.1" 204 0</msg>
<msg time="2026-06-20T08:39:59.376902" level="INFO">DELETE Request : url=http://sward-warden-be/sward/v0/farms/18 
 path_url=/sward/v0/farms/18 
 headers={'User-Agent': 'python-requests/2.34.2', 'Accept-Encoding': 'gzip, deflate, zstd', 'Accept': '*/*', 'Connection': 'keep-alive', 'Authorization': 'Bearer eyJhbGciOiJSUzI1NiIsImtpZCI6ImRldi1rZXktMSIsInR5cCI6IkpXVCJ9.eyJpYXQiOjE3ODE5NDQ3MDQsImV4cCI6MTc4MjAzMTEwNCwibmJmIjoxNzgxOTQ0NzA0LCJpc3MiOiJodHRwOi8vbG9jYWxob3N0OjgwODAiLCJzdWIiOiIxIiwiYXVkIjoic3dhcmQtYXBpIiwic3dhcmRfcm9sZXMiOlsidXNlciJdfQ.pAwPSJQbOb0CSba-QWrjhk_tE651uldAWslpMSb5aW9NEzgw2EX7f0WXATuEXP_5zSMC0QNhmuBEGLu3P3wLmhikAmHn8WejLZXNsvYZluPJTAeTyQ54laCwbH9m9qnEcoNK2TkX37DMPtxlYJslOrBlzJGR_Tf31plSSLcmWSr8PkvO_eC1OYNFY3NDd4KQhaJiGUyvWnxB4QKO2F5mPJh8tRLdpUltmHGF23ro_CYsVDoHAqwbLTs1cbL0mGMDWxOtfRoB-T-uKSt6OZdzUCHiAckaaZkSW9hoeu7K5Vz7DwKYURNPgtw8ihcoUfrnJUgyF8SeupORkSeyYgdLyQ', 'Content-Length': '0'} 
 body=None 
 </msg>
<msg time="2026-06-20T08:39:59.376980" level="INFO">DELETE Response : url=http://sward-warden-be/sward/v0/farms/18 
 status=204, reason=No Content 
 headers={'vary': 'origin, access-control-request-method, access-control-request-headers', 'date': 'Sat, 20 Jun 2026 08:39:59 GMT', 'x-envoy-upstream-service-time': '6', 'server': 'envoy'} 
 body=None 
 </msg>
<arg>${BE_BASE_URL}/v0/farms/${farm_id}</arg>
<arg>expected_status=204</arg>
<doc>Sends a DELETE request.</doc>
<status status="PASS" start="2026-06-20T08:39:59.365992" elapsed="0.011222"/>
</kw>
<kw name="Teardown With Video" owner="video_resource" type="TEARDOWN">
<kw name="Close Context" owner="Browser">
<msg time="2026-06-20T08:39:59.379956" level="INFO">Switching browser to CURRENT</msg>
<msg time="2026-06-20T08:39:59.381768" level="INFO">Returned active browser id. CURRENT</msg>
<msg time="2026-06-20T08:39:59.383231" level="INFO">Switching context to CURRENT in CURRENT</msg>
<msg time="2026-06-20T08:39:59.386297" level="INFO">Returned active context id: CURRENT</msg>
<msg time="2026-06-20T08:39:59.386840" level="INFO">Switching context to context=25334930-7a51-4b2d-b5b2-f2df9478479c in CURRENT</msg>
<msg time="2026-06-20T08:39:59.390966" level="INFO">Successfully changed active context: context=25334930-7a51-4b2d-b5b2-f2df9478479c</msg>
<msg time="2026-06-20T08:40:00.294296" level="INFO">Successfully closed Context</msg>
<tag>BrowserControl</tag>
<tag>Setter</tag>
<doc>Closes a Context.</doc>
<status status="PASS" start="2026-06-20T08:39:59.378046" elapsed="0.916422"/>
</kw>
<kw name="Set Variable" owner="BuiltIn">
<msg time="2026-06-20T08:40:00.295157" level="INFO">${video_dir} = /tmp/reports/videos</msg>
<var>${video_dir}</var>
<arg>${OUTPUT_DIR}/videos</arg>
<doc>Returns the given values which can then be assigned to a variables.</doc>
<status status="PASS" start="2026-06-20T08:40:00.294656" elapsed="0.000572"/>
</kw>
<kw name="Run" owner="OperatingSystem">
<msg time="2026-06-20T08:40:00.295967" level="INFO">Running command 'ls -t "/tmp/reports/videos"/*.webm 2&gt;/dev/null | head -1'.</msg>
<msg time="2026-06-20T08:40:00.298058" level="INFO">${result} = /tmp/reports/videos/page@8f918f7e3285598b78beec816b87a93f.webm</msg>
<var>${result}</var>
<arg>ls -t "${video_dir}"/*.webm 2&gt;/dev/null | head -1</arg>
<doc>_This keyword is considered deprecated. Use the
[http://robotframework.org/robotframework/latest/libraries/Process.html|
Process] library instead._</doc>
<status status="PASS" start="2026-06-20T08:40:00.295367" elapsed="0.002735"/>
</kw>
<if>
<branch type="IF" condition="&quot;${result}&quot; != &quot;&quot;">
<kw name="Evaluate" owner="BuiltIn">
<msg time="2026-06-20T08:40:00.298967" level="INFO">${filename} = page@8f918f7e3285598b78beec816b87a93f.webm</msg>
<var>${filename}</var>
<arg>"${result}".split("/")[-1]</arg>
<doc>Evaluates the given expression in Python and returns the result.</doc>
<status status="PASS" start="2026-06-20T08:40:00.298520" elapsed="0.000483"/>
</kw>
<kw name="Log" owner="BuiltIn">
<msg time="2026-06-20T08:40:00.299480" level="INFO" html="true">&lt;video src="videos/page@8f918f7e3285598b78beec816b87a93f.webm" width="800" controls autoplay muted&gt;&lt;/video&gt;</msg>
<arg>&lt;video src="videos/${filename}" width="800" controls autoplay muted&gt;&lt;/video&gt;</arg>
<arg>html=True</arg>
<doc>Logs the given message with the given level.</doc>
<status status="PASS" start="2026-06-20T08:40:00.299131" elapsed="0.000408"/>
</kw>
<status status="PASS" start="2026-06-20T08:40:00.298233" elapsed="0.001365"/>
</branch>
<status status="PASS" start="2026-06-20T08:40:00.298203" elapsed="0.001444"/>
</if>
<kw name="Close Browser" owner="Browser">
<msg time="2026-06-20T08:40:00.320114" level="INFO">Closed all browsers</msg>
<arg>ALL</arg>
<tag>BrowserControl</tag>
<tag>Setter</tag>
<doc>Closes the current browser.</doc>
<status status="PASS" start="2026-06-20T08:40:00.299747" elapsed="0.020676"/>
</kw>
<doc>Close the browser context to finalize the video, then embed it in the log/report.</doc>
<status status="PASS" start="2026-06-20T08:39:59.377664" elapsed="0.942872"/>
</kw>
<doc>Test that required fields in event logging modals (specifically Log Planting) immediately show visual error highlights when opened, that the Save button is disabled, and that filling the fields clears highlights and enables Save.</doc>
<status status="PASS" start="2026-06-20T08:39:51.152091" elapsed="9.168508"/>
</test>
<status status="PASS" start="2026-06-20T08:39:51.143870" elapsed="9.180216"/>
</suite>
<status status="PASS" start="2026-06-20T08:38:24.814874" elapsed="95.513390"/>
</suite>
<status status="PASS" start="2026-06-20T08:38:24.773049" elapsed="95.555888"/>
</suite>
<statistics>
<total>
<stat pass="27" fail="0" skip="0">All Tests</stat>
</total>
<tag>
<stat pass="1" fail="0" skip="0">k8s_only</stat>
</tag>
<suite>
<stat name="Robot-Tests" id="s1" pass="27" fail="0" skip="0">Robot-Tests</stat>
<stat name="Tests" id="s1-s1" pass="27" fail="0" skip="0">Robot-Tests.Tests</stat>
<stat name="Test Be" id="s1-s1-s1" pass="16" fail="0" skip="0">Robot-Tests.Tests.Test Be</stat>
<stat name="Test External Dns" id="s1-s1-s2" pass="1" fail="0" skip="0">Robot-Tests.Tests.Test External Dns</stat>
<stat name="Test Farm Flow" id="s1-s1-s3" pass="2" fail="0" skip="0">Robot-Tests.Tests.Test Farm Flow</stat>
<stat name="Test Fe" id="s1-s1-s4" pass="1" fail="0" skip="0">Robot-Tests.Tests.Test Fe</stat>
<stat name="Test Field Flow" id="s1-s1-s5" pass="2" fail="0" skip="0">Robot-Tests.Tests.Test Field Flow</stat>
<stat name="Test Navigation" id="s1-s1-s6" pass="1" fail="0" skip="0">Robot-Tests.Tests.Test Navigation</stat>
<stat name="Test Profile" id="s1-s1-s7" pass="1" fail="0" skip="0">Robot-Tests.Tests.Test Profile</stat>
<stat name="Test Self Healing" id="s1-s1-s8" pass="1" fail="0" skip="0">Robot-Tests.Tests.Test Self Healing</stat>
<stat name="Test Sward Movements" id="s1-s1-s9" pass="1" fail="0" skip="0">Robot-Tests.Tests.Test Sward Movements</stat>
<stat name="Test Validation Flow" id="s1-s1-s10" pass="1" fail="0" skip="0">Robot-Tests.Tests.Test Validation Flow</stat>
</suite>
</statistics>
<errors>
</errors>
</robot>
